{"C:\\Projetos\\Locador\\locador-financial\\src\\frontend\\src\\App.tsx": {"path":"C:\\Projetos\\Locador\\locador-financial\\src\\frontend\\src\\App.tsx","statementMap":{"0":{"start":{"line":29,"column":20},"end":{"line":29,"column":36}},"1":{"start":{"line":31,"column":2},"end":{"line":33,"column":3}},"2":{"start":{"line":32,"column":4},"end":{"line":32,"column":65}},"3":{"start":{"line":35,"column":2},"end":{"line":42,"column":4}},"4":{"start":{"line":46,"column":28},"end":{"line":46,"column":35}},"5":{"start":{"line":47,"column":24},"end":{"line":47,"column":56}},"6":{"start":{"line":48,"column":19},"end":{"line":48,"column":32}},"7":{"start":{"line":50,"column":34},"end":{"line":52,"column":3}},"8":{"start":{"line":51,"column":4},"end":{"line":51,"column":37}},"9":{"start":{"line":54,"column":2},"end":{"line":92,"column":4}}},"fnMap":{"0":{"name":"App","decl":{"start":{"line":28,"column":9},"end":{"line":28,"column":12}},"loc":{"start":{"line":28,"column":15},"end":{"line":43,"column":1}},"line":28},"1":{"name":"AppContent","decl":{"start":{"line":45,"column":9},"end":{"line":45,"column":19}},"loc":{"start":{"line":45,"column":22},"end":{"line":93,"column":1}},"line":45},"2":{"name":"(anonymous_2)","decl":{"start":{"line":50,"column":34},"end":{"line":50,"column":35}},"loc":{"start":{"line":50,"column":50},"end":{"line":52,"column":3}},"line":50}},"branchMap":{"0":{"loc":{"start":{"line":31,"column":2},"end":{"line":33,"column":3}},"type":"if","locations":[{"start":{"line":31,"column":2},"end":{"line":33,"column":3}},{"start":{},"end":{}}],"line":31},"1":{"loc":{"start":{"line":56,"column":7},"end":{"line":56,"column":68}},"type":"binary-expr","locations":[{"start":{"line":56,"column":7},"end":{"line":56,"column":20}},{"start":{"line":56,"column":24},"end":{"line":56,"column":68}}],"line":56}},"s":{"0":0,"1":0,"2":0,"3":0,"4":0,"5":0,"6":0,"7":0,"8":0,"9":0},"f":{"0":0,"1":0,"2":0},"b":{"0":[0,0],"1":[0,0]}}
,"C:\\Projetos\\Locador\\locador-financial\\src\\frontend\\src\\index.tsx": {"path":"C:\\Projetos\\Locador\\locador-financial\\src\\frontend\\src\\index.tsx","statementMap":{"0":{"start":{"line":13,"column":20},"end":{"line":21,"column":2}},"1":{"start":{"line":23,"column":13},"end":{"line":25,"column":1}},"2":{"start":{"line":27,"column":0},"end":{"line":37,"column":2}}},"fnMap":{},"branchMap":{},"s":{"0":0,"1":0,"2":0},"f":{},"b":{}}
,"C:\\Projetos\\Locador\\locador-financial\\src\\frontend\\src\\jest.setup.js": {"path":"C:\\Projetos\\Locador\\locador-financial\\src\\frontend\\src\\jest.setup.js","statementMap":{"0":{"start":{"line":3,"column":37},"end":{"line":3,"column":52}},"1":{"start":{"line":6,"column":0},"end":{"line":6,"column":52}},"2":{"start":{"line":9,"column":0},"end":{"line":11,"column":1}},"3":{"start":{"line":10,"column":2},"end":{"line":10,"column":47}},"4":{"start":{"line":14,"column":0},"end":{"line":26,"column":3}},"5":{"start":{"line":16,"column":48},"end":{"line":25,"column":3}},"6":{"start":{"line":29,"column":0},"end":{"line":33,"column":4}},"7":{"start":{"line":29,"column":60},"end":{"line":33,"column":1}},"8":{"start":{"line":36,"column":0},"end":{"line":40,"column":4}},"9":{"start":{"line":36,"column":66},"end":{"line":40,"column":1}},"10":{"start":{"line":43,"column":0},"end":{"line":45,"column":1}},"11":{"start":{"line":44,"column":2},"end":{"line":44,"column":41}},"12":{"start":{"line":48,"column":0},"end":{"line":50,"column":1}},"13":{"start":{"line":49,"column":2},"end":{"line":49,"column":41}}},"fnMap":{"0":{"name":"(anonymous_0)","decl":{"start":{"line":16,"column":38},"end":{"line":16,"column":39}},"loc":{"start":{"line":16,"column":48},"end":{"line":25,"column":3}},"line":16},"1":{"name":"(anonymous_1)","decl":{"start":{"line":29,"column":53},"end":{"line":29,"column":54}},"loc":{"start":{"line":29,"column":60},"end":{"line":33,"column":1}},"line":29},"2":{"name":"(anonymous_2)","decl":{"start":{"line":36,"column":59},"end":{"line":36,"column":60}},"loc":{"start":{"line":36,"column":66},"end":{"line":40,"column":1}},"line":36}},"branchMap":{"0":{"loc":{"start":{"line":9,"column":0},"end":{"line":11,"column":1}},"type":"if","locations":[{"start":{"line":9,"column":0},"end":{"line":11,"column":1}},{"start":{},"end":{}}],"line":9},"1":{"loc":{"start":{"line":43,"column":0},"end":{"line":45,"column":1}},"type":"if","locations":[{"start":{"line":43,"column":0},"end":{"line":45,"column":1}},{"start":{},"end":{}}],"line":43},"2":{"loc":{"start":{"line":48,"column":0},"end":{"line":50,"column":1}},"type":"if","locations":[{"start":{"line":48,"column":0},"end":{"line":50,"column":1}},{"start":{},"end":{}}],"line":48}},"s":{"0":0,"1":0,"2":0,"3":0,"4":0,"5":0,"6":0,"7":0,"8":0,"9":0,"10":0,"11":0,"12":0,"13":0},"f":{"0":0,"1":0,"2":0},"b":{"0":[0,0],"1":[0,0],"2":[0,0]}}
,"C:\\Projetos\\Locador\\locador-financial\\src\\frontend\\src\\components\\AppBreadcrumb.tsx": {"path":"C:\\Projetos\\Locador\\locador-financial\\src\\frontend\\src\\components\\AppBreadcrumb.tsx","statementMap":{"0":{"start":{"line":20,"column":32},"end":{"line":105,"column":1}},"1":{"start":{"line":21,"column":19},"end":{"line":21,"column":32}},"2":{"start":{"line":22,"column":16},"end":{"line":22,"column":32}},"3":{"start":{"line":25,"column":46},"end":{"line":36,"column":3}},"4":{"start":{"line":38,"column":30},"end":{"line":70,"column":3}},"5":{"start":{"line":39,"column":25},"end":{"line":39,"column":69}},"6":{"start":{"line":40,"column":42},"end":{"line":40,"column":44}},"7":{"start":{"line":43,"column":4},"end":{"line":47,"column":7}},"8":{"start":{"line":50,"column":22},"end":{"line":50,"column":24}},"9":{"start":{"line":51,"column":4},"end":{"line":67,"column":7}},"10":{"start":{"line":52,"column":6},"end":{"line":52,"column":35}},"11":{"start":{"line":53,"column":21},"end":{"line":53,"column":54}},"12":{"start":{"line":56,"column":6},"end":{"line":58,"column":7}},"13":{"start":{"line":57,"column":8},"end":{"line":57,"column":15}},"14":{"start":{"line":60,"column":20},"end":{"line":60,"column":98}},"15":{"start":{"line":62,"column":6},"end":{"line":66,"column":9}},"16":{"start":{"line":69,"column":4},"end":{"line":69,"column":23}},"17":{"start":{"line":72,"column":22},"end":{"line":72,"column":43}},"18":{"start":{"line":75,"column":2},"end":{"line":77,"column":3}},"19":{"start":{"line":76,"column":4},"end":{"line":76,"column":16}},"20":{"start":{"line":79,"column":2},"end":{"line":104,"column":4}},"21":{"start":{"line":83,"column":10},"end":{"line":100,"column":27}}},"fnMap":{"0":{"name":"(anonymous_0)","decl":{"start":{"line":20,"column":32},"end":{"line":20,"column":33}},"loc":{"start":{"line":20,"column":38},"end":{"line":105,"column":1}},"line":20},"1":{"name":"(anonymous_1)","decl":{"start":{"line":38,"column":30},"end":{"line":38,"column":31}},"loc":{"start":{"line":38,"column":54},"end":{"line":70,"column":3}},"line":38},"2":{"name":"(anonymous_2)","decl":{"start":{"line":51,"column":25},"end":{"line":51,"column":26}},"loc":{"start":{"line":51,"column":45},"end":{"line":67,"column":5}},"line":51},"3":{"name":"(anonymous_3)","decl":{"start":{"line":82,"column":25},"end":{"line":82,"column":26}},"loc":{"start":{"line":83,"column":10},"end":{"line":100,"column":27}},"line":83}},"branchMap":{"0":{"loc":{"start":{"line":46,"column":14},"end":{"line":46,"column":77}},"type":"binary-expr","locations":[{"start":{"line":46,"column":14},"end":{"line":46,"column":39}},{"start":{"line":46,"column":43},"end":{"line":46,"column":77}}],"line":46},"1":{"loc":{"start":{"line":56,"column":6},"end":{"line":58,"column":7}},"type":"if","locations":[{"start":{"line":56,"column":6},"end":{"line":58,"column":7}},{"start":{},"end":{}}],"line":56},"2":{"loc":{"start":{"line":60,"column":20},"end":{"line":60,"column":98}},"type":"binary-expr","locations":[{"start":{"line":60,"column":20},"end":{"line":60,"column":44}},{"start":{"line":60,"column":48},"end":{"line":60,"column":98}}],"line":60},"3":{"loc":{"start":{"line":75,"column":2},"end":{"line":77,"column":3}},"type":"if","locations":[{"start":{"line":75,"column":2},"end":{"line":77,"column":3}},{"start":{},"end":{}}],"line":75},"4":{"loc":{"start":{"line":75,"column":6},"end":{"line":75,"column":69}},"type":"binary-expr","locations":[{"start":{"line":75,"column":6},"end":{"line":75,"column":40}},{"start":{"line":75,"column":44},"end":{"line":75,"column":69}}],"line":75},"5":{"loc":{"start":{"line":85,"column":15},"end":{"line":97,"column":15}},"type":"cond-expr","locations":[{"start":{"line":86,"column":16},"end":{"line":89,"column":33}},{"start":{"line":91,"column":16},"end":{"line":96,"column":33}}],"line":85},"6":{"loc":{"start":{"line":87,"column":19},"end":{"line":87,"column":62}},"type":"binary-expr","locations":[{"start":{"line":87,"column":19},"end":{"line":87,"column":30}},{"start":{"line":87,"column":34},"end":{"line":87,"column":62}}],"line":87},"7":{"loc":{"start":{"line":93,"column":21},"end":{"line":93,"column":64}},"type":"binary-expr","locations":[{"start":{"line":93,"column":21},"end":{"line":93,"column":32}},{"start":{"line":93,"column":36},"end":{"line":93,"column":64}}],"line":93},"8":{"loc":{"start":{"line":99,"column":13},"end":{"line":99,"column":52}},"type":"binary-expr","locations":[{"start":{"line":99,"column":13},"end":{"line":99,"column":25}},{"start":{"line":99,"column":29},"end":{"line":99,"column":52}}],"line":99}},"s":{"0":0,"1":0,"2":0,"3":0,"4":0,"5":0,"6":0,"7":0,"8":0,"9":0,"10":0,"11":0,"12":0,"13":0,"14":0,"15":0,"16":0,"17":0,"18":0,"19":0,"20":0,"21":0},"f":{"0":0,"1":0,"2":0,"3":0},"b":{"0":[0,0],"1":[0,0],"2":[0,0],"3":[0,0],"4":[0,0],"5":[0,0],"6":[0,0],"7":[0,0],"8":[0,0]}}
,"C:\\Projetos\\Locador\\locador-financial\\src\\frontend\\src\\components\\AuthGuard.tsx": {"path":"C:\\Projetos\\Locador\\locador-financial\\src\\frontend\\src\\components\\AuthGuard.tsx","statementMap":{"0":{"start":{"line":13,"column":51},"end":{"line":47,"column":1}},"1":{"start":{"line":14,"column":19},"end":{"line":14,"column":32}},"2":{"start":{"line":15,"column":46},"end":{"line":15,"column":91}},"3":{"start":{"line":15,"column":80},"end":{"line":15,"column":90}},"4":{"start":{"line":16,"column":42},"end":{"line":16,"column":62}},"5":{"start":{"line":18,"column":2},"end":{"line":32,"column":41}},"6":{"start":{"line":19,"column":27},"end":{"line":29,"column":5}},"7":{"start":{"line":20,"column":6},"end":{"line":27,"column":7}},"8":{"start":{"line":21,"column":8},"end":{"line":26,"column":9}},"9":{"start":{"line":22,"column":27},"end":{"line":22,"column":45}},"10":{"start":{"line":23,"column":10},"end":{"line":23,"column":43}},"11":{"start":{"line":25,"column":10},"end":{"line":25,"column":29}},"12":{"start":{"line":28,"column":6},"end":{"line":28,"column":29}},"13":{"start":{"line":31,"column":4},"end":{"line":31,"column":21}},"14":{"start":{"line":34,"column":2},"end":{"line":40,"column":3}},"15":{"start":{"line":35,"column":4},"end":{"line":39,"column":6}},"16":{"start":{"line":42,"column":2},"end":{"line":44,"column":3}},"17":{"start":{"line":43,"column":4},"end":{"line":43,"column":44}},"18":{"start":{"line":46,"column":2},"end":{"line":46,"column":25}}},"fnMap":{"0":{"name":"(anonymous_0)","decl":{"start":{"line":13,"column":51},"end":{"line":13,"column":52}},"loc":{"start":{"line":13,"column":69},"end":{"line":47,"column":1}},"line":13},"1":{"name":"(anonymous_1)","decl":{"start":{"line":15,"column":58},"end":{"line":15,"column":59}},"loc":{"start":{"line":15,"column":80},"end":{"line":15,"column":90}},"line":15},"2":{"name":"(anonymous_2)","decl":{"start":{"line":18,"column":12},"end":{"line":18,"column":13}},"loc":{"start":{"line":18,"column":18},"end":{"line":32,"column":3}},"line":18},"3":{"name":"(anonymous_3)","decl":{"start":{"line":19,"column":27},"end":{"line":19,"column":28}},"loc":{"start":{"line":19,"column":39},"end":{"line":29,"column":5}},"line":19}},"branchMap":{"0":{"loc":{"start":{"line":20,"column":6},"end":{"line":27,"column":7}},"type":"if","locations":[{"start":{"line":20,"column":6},"end":{"line":27,"column":7}},{"start":{},"end":{}}],"line":20},"1":{"loc":{"start":{"line":20,"column":10},"end":{"line":20,"column":35}},"type":"binary-expr","locations":[{"start":{"line":20,"column":10},"end":{"line":20,"column":15}},{"start":{"line":20,"column":19},"end":{"line":20,"column":35}}],"line":20},"2":{"loc":{"start":{"line":34,"column":2},"end":{"line":40,"column":3}},"type":"if","locations":[{"start":{"line":34,"column":2},"end":{"line":40,"column":3}},{"start":{},"end":{}}],"line":34},"3":{"loc":{"start":{"line":34,"column":6},"end":{"line":34,"column":29}},"type":"binary-expr","locations":[{"start":{"line":34,"column":6},"end":{"line":34,"column":18}},{"start":{"line":34,"column":22},"end":{"line":34,"column":29}}],"line":34},"4":{"loc":{"start":{"line":42,"column":2},"end":{"line":44,"column":3}},"type":"if","locations":[{"start":{"line":42,"column":2},"end":{"line":44,"column":3}},{"start":{},"end":{}}],"line":42}},"s":{"0":0,"1":0,"2":0,"3":0,"4":0,"5":0,"6":0,"7":0,"8":0,"9":0,"10":0,"11":0,"12":0,"13":0,"14":0,"15":0,"16":0,"17":0,"18":0},"f":{"0":0,"1":0,"2":0,"3":0},"b":{"0":[0,0],"1":[0,0],"2":[0,0],"3":[0,0],"4":[0,0]}}
,"C:\\Projetos\\Locador\\locador-financial\\src\\frontend\\src\\components\\Layout.tsx": {"path":"C:\\Projetos\\Locador\\locador-financial\\src\\frontend\\src\\components\\Layout.tsx","statementMap":{"0":{"start":{"line":11,"column":32},"end":{"line":35,"column":1}},"1":{"start":{"line":12,"column":26},"end":{"line":12,"column":69}},"2":{"start":{"line":12,"column":60},"end":{"line":12,"column":68}},"3":{"start":{"line":13,"column":23},"end":{"line":13,"column":26}},"4":{"start":{"line":15,"column":2},"end":{"line":34,"column":4}}},"fnMap":{"0":{"name":"(anonymous_0)","decl":{"start":{"line":11,"column":32},"end":{"line":11,"column":33}},"loc":{"start":{"line":11,"column":38},"end":{"line":35,"column":1}},"line":11},"1":{"name":"(anonymous_1)","decl":{"start":{"line":12,"column":38},"end":{"line":12,"column":39}},"loc":{"start":{"line":12,"column":60},"end":{"line":12,"column":68}},"line":12}},"branchMap":{},"s":{"0":0,"1":0,"2":0,"3":0,"4":0},"f":{"0":0,"1":0},"b":{}}
,"C:\\Projetos\\Locador\\locador-financial\\src\\frontend\\src\\components\\Sidebar.tsx": {"path":"C:\\Projetos\\Locador\\locador-financial\\src\\frontend\\src\\components\\Sidebar.tsx","statementMap":{"0":{"start":{"line":27,"column":47},"end":{"line":185,"column":1}},"1":{"start":{"line":28,"column":16},"end":{"line":28,"column":32}},"2":{"start":{"line":29,"column":19},"end":{"line":29,"column":32}},"3":{"start":{"line":30,"column":19},"end":{"line":30,"column":32}},"4":{"start":{"line":31,"column":19},"end":{"line":31,"column":32}},"5":{"start":{"line":33,"column":26},"end":{"line":33,"column":69}},"6":{"start":{"line":33,"column":60},"end":{"line":33,"column":68}},"7":{"start":{"line":34,"column":19},"end":{"line":34,"column":64}},"8":{"start":{"line":34,"column":53},"end":{"line":34,"column":63}},"9":{"start":{"line":36,"column":19},"end":{"line":36,"column":42}},"10":{"start":{"line":38,"column":22},"end":{"line":42,"column":3}},"11":{"start":{"line":39,"column":4},"end":{"line":41,"column":5}},"12":{"start":{"line":40,"column":6},"end":{"line":40,"column":38}},"13":{"start":{"line":44,"column":20},"end":{"line":100,"column":3}},"14":{"start":{"line":102,"column":27},"end":{"line":105,"column":3}},"15":{"start":{"line":103,"column":4},"end":{"line":103,"column":19}},"16":{"start":{"line":104,"column":4},"end":{"line":104,"column":18}},"17":{"start":{"line":108,"column":4},"end":{"line":161,"column":10}},"18":{"start":{"line":139,"column":12},"end":{"line":157,"column":17}},"19":{"start":{"line":141,"column":31},"end":{"line":141,"column":58}},"20":{"start":{"line":164,"column":2},"end":{"line":172,"column":3}},"21":{"start":{"line":165,"column":4},"end":{"line":171,"column":6}},"22":{"start":{"line":166,"column":56},"end":{"line":166,"column":78}},"23":{"start":{"line":174,"column":2},"end":{"line":184,"column":4}}},"fnMap":{"0":{"name":"(anonymous_0)","decl":{"start":{"line":27,"column":47},"end":{"line":27,"column":48}},"loc":{"start":{"line":27,"column":62},"end":{"line":185,"column":1}},"line":27},"1":{"name":"(anonymous_1)","decl":{"start":{"line":33,"column":38},"end":{"line":33,"column":39}},"loc":{"start":{"line":33,"column":60},"end":{"line":33,"column":68}},"line":33},"2":{"name":"(anonymous_2)","decl":{"start":{"line":34,"column":31},"end":{"line":34,"column":32}},"loc":{"start":{"line":34,"column":53},"end":{"line":34,"column":63}},"line":34},"3":{"name":"(anonymous_3)","decl":{"start":{"line":38,"column":22},"end":{"line":38,"column":23}},"loc":{"start":{"line":38,"column":28},"end":{"line":42,"column":3}},"line":38},"4":{"name":"(anonymous_4)","decl":{"start":{"line":102,"column":27},"end":{"line":102,"column":28}},"loc":{"start":{"line":102,"column":45},"end":{"line":105,"column":3}},"line":102},"5":{"name":"(anonymous_5)","decl":{"start":{"line":138,"column":25},"end":{"line":138,"column":26}},"loc":{"start":{"line":139,"column":12},"end":{"line":157,"column":17}},"line":139},"6":{"name":"(anonymous_6)","decl":{"start":{"line":141,"column":25},"end":{"line":141,"column":26}},"loc":{"start":{"line":141,"column":31},"end":{"line":141,"column":58}},"line":141},"7":{"name":"(anonymous_7)","decl":{"start":{"line":166,"column":46},"end":{"line":166,"column":47}},"loc":{"start":{"line":166,"column":56},"end":{"line":166,"column":78}},"line":166}},"branchMap":{"0":{"loc":{"start":{"line":39,"column":4},"end":{"line":41,"column":5}},"type":"if","locations":[{"start":{"line":39,"column":4},"end":{"line":41,"column":5}},{"start":{},"end":{}}],"line":39},"1":{"loc":{"start":{"line":122,"column":7},"end":{"line":131,"column":7}},"type":"binary-expr","locations":[{"start":{"line":122,"column":7},"end":{"line":122,"column":11}},{"start":{"line":123,"column":8},"end":{"line":130,"column":14}}],"line":122},"2":{"loc":{"start":{"line":145,"column":18},"end":{"line":147,"column":39}},"type":"cond-expr","locations":[{"start":{"line":146,"column":22},"end":{"line":146,"column":70}},{"start":{"line":147,"column":22},"end":{"line":147,"column":39}}],"line":145},"3":{"loc":{"start":{"line":164,"column":2},"end":{"line":172,"column":3}},"type":"if","locations":[{"start":{"line":164,"column":2},"end":{"line":172,"column":3}},{"start":{},"end":{}}],"line":164},"4":{"loc":{"start":{"line":166,"column":56},"end":{"line":166,"column":78}},"type":"binary-expr","locations":[{"start":{"line":166,"column":56},"end":{"line":166,"column":61}},{"start":{"line":166,"column":65},"end":{"line":166,"column":78}}],"line":166},"5":{"loc":{"start":{"line":178,"column":8},"end":{"line":178,"column":52}},"type":"cond-expr","locations":[{"start":{"line":178,"column":22},"end":{"line":178,"column":28}},{"start":{"line":178,"column":31},"end":{"line":178,"column":52}}],"line":178},"6":{"loc":{"start":{"line":180,"column":22},"end":{"line":180,"column":45}},"type":"cond-expr","locations":[{"start":{"line":180,"column":36},"end":{"line":180,"column":41}},{"start":{"line":180,"column":44},"end":{"line":180,"column":45}}],"line":180}},"s":{"0":0,"1":0,"2":0,"3":0,"4":0,"5":0,"6":0,"7":0,"8":0,"9":0,"10":0,"11":0,"12":0,"13":0,"14":0,"15":0,"16":0,"17":0,"18":0,"19":0,"20":0,"21":0,"22":0,"23":0},"f":{"0":0,"1":0,"2":0,"3":0,"4":0,"5":0,"6":0,"7":0},"b":{"0":[0,0],"1":[0,0],"2":[0,0],"3":[0,0],"4":[0,0],"5":[0,0],"6":[0,0]}}
,"C:\\Projetos\\Locador\\locador-financial\\src\\frontend\\src\\components\\TopBar.tsx": {"path":"C:\\Projetos\\Locador\\locador-financial\\src\\frontend\\src\\components\\TopBar.tsx","statementMap":{"0":{"start":{"line":26,"column":32},"end":{"line":120,"column":1}},"1":{"start":{"line":27,"column":16},"end":{"line":27,"column":32}},"2":{"start":{"line":28,"column":19},"end":{"line":28,"column":32}},"3":{"start":{"line":29,"column":19},"end":{"line":29,"column":32}},"4":{"start":{"line":31,"column":26},"end":{"line":31,"column":69}},"5":{"start":{"line":31,"column":60},"end":{"line":31,"column":68}},"6":{"start":{"line":32,"column":19},"end":{"line":32,"column":64}},"7":{"start":{"line":32,"column":53},"end":{"line":32,"column":63}},"8":{"start":{"line":33,"column":30},"end":{"line":33,"column":40}},"9":{"start":{"line":35,"column":23},"end":{"line":38,"column":3}},"10":{"start":{"line":36,"column":4},"end":{"line":36,"column":23}},"11":{"start":{"line":37,"column":4},"end":{"line":37,"column":23}},"12":{"start":{"line":40,"column":25},"end":{"line":42,"column":3}},"13":{"start":{"line":41,"column":4},"end":{"line":41,"column":31}},"14":{"start":{"line":44,"column":30},"end":{"line":46,"column":3}},"15":{"start":{"line":45,"column":4},"end":{"line":45,"column":43}},"16":{"start":{"line":48,"column":28},"end":{"line":50,"column":3}},"17":{"start":{"line":49,"column":4},"end":{"line":49,"column":50}},"18":{"start":{"line":52,"column":26},"end":{"line":57,"column":3}},"19":{"start":{"line":53,"column":4},"end":{"line":53,"column":25}},"20":{"start":{"line":53,"column":15},"end":{"line":53,"column":25}},"21":{"start":{"line":54,"column":18},"end":{"line":54,"column":33}},"22":{"start":{"line":55,"column":4},"end":{"line":55,"column":68}},"23":{"start":{"line":55,"column":28},"end":{"line":55,"column":68}},"24":{"start":{"line":56,"column":4},"end":{"line":56,"column":82}},"25":{"start":{"line":59,"column":2},"end":{"line":119,"column":4}}},"fnMap":{"0":{"name":"(anonymous_0)","decl":{"start":{"line":26,"column":32},"end":{"line":26,"column":33}},"loc":{"start":{"line":26,"column":38},"end":{"line":120,"column":1}},"line":26},"1":{"name":"(anonymous_1)","decl":{"start":{"line":31,"column":38},"end":{"line":31,"column":39}},"loc":{"start":{"line":31,"column":60},"end":{"line":31,"column":68}},"line":31},"2":{"name":"(anonymous_2)","decl":{"start":{"line":32,"column":31},"end":{"line":32,"column":32}},"loc":{"start":{"line":32,"column":53},"end":{"line":32,"column":63}},"line":32},"3":{"name":"(anonymous_3)","decl":{"start":{"line":35,"column":23},"end":{"line":35,"column":24}},"loc":{"start":{"line":35,"column":29},"end":{"line":38,"column":3}},"line":35},"4":{"name":"(anonymous_4)","decl":{"start":{"line":40,"column":25},"end":{"line":40,"column":26}},"loc":{"start":{"line":40,"column":31},"end":{"line":42,"column":3}},"line":40},"5":{"name":"(anonymous_5)","decl":{"start":{"line":44,"column":30},"end":{"line":44,"column":31}},"loc":{"start":{"line":44,"column":36},"end":{"line":46,"column":3}},"line":44},"6":{"name":"(anonymous_6)","decl":{"start":{"line":48,"column":28},"end":{"line":48,"column":29}},"loc":{"start":{"line":48,"column":34},"end":{"line":50,"column":3}},"line":48},"7":{"name":"(anonymous_7)","decl":{"start":{"line":52,"column":26},"end":{"line":52,"column":27}},"loc":{"start":{"line":52,"column":52},"end":{"line":57,"column":3}},"line":52}},"branchMap":{"0":{"loc":{"start":{"line":49,"column":13},"end":{"line":49,"column":48}},"type":"cond-expr","locations":[{"start":{"line":49,"column":32},"end":{"line":49,"column":39}},{"start":{"line":49,"column":42},"end":{"line":49,"column":48}}],"line":49},"1":{"loc":{"start":{"line":53,"column":4},"end":{"line":53,"column":25}},"type":"if","locations":[{"start":{"line":53,"column":4},"end":{"line":53,"column":25}},{"start":{},"end":{}}],"line":53},"2":{"loc":{"start":{"line":55,"column":4},"end":{"line":55,"column":68}},"type":"if","locations":[{"start":{"line":55,"column":4},"end":{"line":55,"column":68}},{"start":{},"end":{}}],"line":55},"3":{"loc":{"start":{"line":84,"column":11},"end":{"line":84,"column":88}},"type":"cond-expr","locations":[{"start":{"line":84,"column":30},"end":{"line":84,"column":57}},{"start":{"line":84,"column":60},"end":{"line":84,"column":88}}],"line":84},"4":{"loc":{"start":{"line":88,"column":9},"end":{"line":116,"column":9}},"type":"binary-expr","locations":[{"start":{"line":88,"column":9},"end":{"line":88,"column":13}},{"start":{"line":89,"column":10},"end":{"line":115,"column":25}}],"line":88}},"s":{"0":0,"1":0,"2":0,"3":0,"4":0,"5":0,"6":0,"7":0,"8":0,"9":0,"10":0,"11":0,"12":0,"13":0,"14":0,"15":0,"16":0,"17":0,"18":0,"19":0,"20":0,"21":0,"22":0,"23":0,"24":0,"25":0},"f":{"0":0,"1":0,"2":0,"3":0,"4":0,"5":0,"6":0,"7":0},"b":{"0":[0,0],"1":[0,0],"2":[0,0],"3":[0,0],"4":[0,0]}}
,"C:\\Projetos\\Locador\\locador-financial\\src\\frontend\\src\\components\\test-components.tsx": {"path":"C:\\Projetos\\Locador\\locador-financial\\src\\frontend\\src\\components\\test-components.tsx","statementMap":{"0":{"start":{"line":28,"column":15},"end":{"line":37,"column":4}},"1":{"start":{"line":39,"column":19},"end":{"line":42,"column":3}},"2":{"start":{"line":40,"column":4},"end":{"line":40,"column":35}},"3":{"start":{"line":41,"column":4},"end":{"line":41,"column":53}},"4":{"start":{"line":44,"column":2},"end":{"line":261,"column":3}},"5":{"start":{"line":130,"column":18},"end":{"line":139,"column":29}},"6":{"start":{"line":147,"column":18},"end":{"line":153,"column":29}},"7":{"start":{"line":161,"column":18},"end":{"line":176,"column":29}},"8":{"start":{"line":184,"column":18},"end":{"line":207,"column":29}},"9":{"start":{"line":215,"column":18},"end":{"line":230,"column":29}},"10":{"start":{"line":238,"column":18},"end":{"line":251,"column":29}}},"fnMap":{"0":{"name":"TestComponents","decl":{"start":{"line":27,"column":16},"end":{"line":27,"column":30}},"loc":{"start":{"line":27,"column":33},"end":{"line":262,"column":1}},"line":27},"1":{"name":"(anonymous_1)","decl":{"start":{"line":39,"column":19},"end":{"line":39,"column":20}},"loc":{"start":{"line":39,"column":39},"end":{"line":42,"column":3}},"line":39},"2":{"name":"(anonymous_2)","decl":{"start":{"line":129,"column":24},"end":{"line":129,"column":25}},"loc":{"start":{"line":130,"column":18},"end":{"line":139,"column":29}},"line":130},"3":{"name":"(anonymous_3)","decl":{"start":{"line":146,"column":24},"end":{"line":146,"column":25}},"loc":{"start":{"line":147,"column":18},"end":{"line":153,"column":29}},"line":147},"4":{"name":"(anonymous_4)","decl":{"start":{"line":160,"column":24},"end":{"line":160,"column":25}},"loc":{"start":{"line":161,"column":18},"end":{"line":176,"column":29}},"line":161},"5":{"name":"(anonymous_5)","decl":{"start":{"line":183,"column":24},"end":{"line":183,"column":25}},"loc":{"start":{"line":184,"column":18},"end":{"line":207,"column":29}},"line":184},"6":{"name":"(anonymous_6)","decl":{"start":{"line":214,"column":24},"end":{"line":214,"column":25}},"loc":{"start":{"line":215,"column":18},"end":{"line":230,"column":29}},"line":215},"7":{"name":"(anonymous_7)","decl":{"start":{"line":237,"column":24},"end":{"line":237,"column":25}},"loc":{"start":{"line":238,"column":18},"end":{"line":251,"column":29}},"line":238}},"branchMap":{},"s":{"0":0,"1":0,"2":0,"3":0,"4":0,"5":0,"6":0,"7":0,"8":0,"9":0,"10":0},"f":{"0":0,"1":0,"2":0,"3":0,"4":0,"5":0,"6":0,"7":0},"b":{}}
,"C:\\Projetos\\Locador\\locador-financial\\src\\frontend\\src\\components\\theme-provider.tsx": {"path":"C:\\Projetos\\Locador\\locador-financial\\src\\frontend\\src\\components\\theme-provider.tsx","statementMap":{"0":{"start":{"line":16,"column":41},"end":{"line":19,"column":1}},"1":{"start":{"line":18,"column":18},"end":{"line":18,"column":22}},"2":{"start":{"line":21,"column":29},"end":{"line":21,"column":82}},"3":{"start":{"line":29,"column":28},"end":{"line":31,"column":3}},"4":{"start":{"line":30,"column":10},"end":{"line":30,"column":69}},"5":{"start":{"line":33,"column":2},"end":{"line":49,"column":13}},"6":{"start":{"line":34,"column":17},"end":{"line":34,"column":48}},"7":{"start":{"line":36,"column":4},"end":{"line":36,"column":42}},"8":{"start":{"line":38,"column":4},"end":{"line":46,"column":5}},"9":{"start":{"line":39,"column":26},"end":{"line":42,"column":17}},"10":{"start":{"line":44,"column":6},"end":{"line":44,"column":37}},"11":{"start":{"line":45,"column":6},"end":{"line":45,"column":12}},"12":{"start":{"line":48,"column":4},"end":{"line":48,"column":29}},"13":{"start":{"line":51,"column":16},"end":{"line":57,"column":3}},"14":{"start":{"line":54,"column":6},"end":{"line":54,"column":45}},"15":{"start":{"line":55,"column":6},"end":{"line":55,"column":21}},"16":{"start":{"line":59,"column":2},"end":{"line":63,"column":3}},"17":{"start":{"line":66,"column":24},"end":{"line":73,"column":1}},"18":{"start":{"line":67,"column":18},"end":{"line":67,"column":56}},"19":{"start":{"line":69,"column":2},"end":{"line":70,"column":67}},"20":{"start":{"line":70,"column":4},"end":{"line":70,"column":67}},"21":{"start":{"line":72,"column":2},"end":{"line":72,"column":16}}},"fnMap":{"0":{"name":"(anonymous_0)","decl":{"start":{"line":18,"column":12},"end":{"line":18,"column":13}},"loc":{"start":{"line":18,"column":18},"end":{"line":18,"column":22}},"line":18},"1":{"name":"ThemeProvider","decl":{"start":{"line":23,"column":16},"end":{"line":23,"column":29}},"loc":{"start":{"line":28,"column":23},"end":{"line":64,"column":1}},"line":28},"2":{"name":"(anonymous_2)","decl":{"start":{"line":30,"column":4},"end":{"line":30,"column":5}},"loc":{"start":{"line":30,"column":10},"end":{"line":30,"column":69}},"line":30},"3":{"name":"(anonymous_3)","decl":{"start":{"line":33,"column":18},"end":{"line":33,"column":19}},"loc":{"start":{"line":33,"column":24},"end":{"line":49,"column":3}},"line":33},"4":{"name":"(anonymous_4)","decl":{"start":{"line":53,"column":14},"end":{"line":53,"column":15}},"loc":{"start":{"line":53,"column":32},"end":{"line":56,"column":5}},"line":53},"5":{"name":"(anonymous_5)","decl":{"start":{"line":66,"column":24},"end":{"line":66,"column":25}},"loc":{"start":{"line":66,"column":30},"end":{"line":73,"column":1}},"line":66}},"branchMap":{"0":{"loc":{"start":{"line":25,"column":2},"end":{"line":25,"column":25}},"type":"default-arg","locations":[{"start":{"line":25,"column":17},"end":{"line":25,"column":25}}],"line":25},"1":{"loc":{"start":{"line":26,"column":2},"end":{"line":26,"column":30}},"type":"default-arg","locations":[{"start":{"line":26,"column":15},"end":{"line":26,"column":30}}],"line":26},"2":{"loc":{"start":{"line":30,"column":10},"end":{"line":30,"column":69}},"type":"binary-expr","locations":[{"start":{"line":30,"column":11},"end":{"line":30,"column":52}},{"start":{"line":30,"column":57},"end":{"line":30,"column":69}}],"line":30},"3":{"loc":{"start":{"line":38,"column":4},"end":{"line":46,"column":5}},"type":"if","locations":[{"start":{"line":38,"column":4},"end":{"line":46,"column":5}},{"start":{},"end":{}}],"line":38},"4":{"loc":{"start":{"line":39,"column":26},"end":{"line":42,"column":17}},"type":"cond-expr","locations":[{"start":{"line":41,"column":10},"end":{"line":41,"column":16}},{"start":{"line":42,"column":10},"end":{"line":42,"column":17}}],"line":39},"5":{"loc":{"start":{"line":69,"column":2},"end":{"line":70,"column":67}},"type":"if","locations":[{"start":{"line":69,"column":2},"end":{"line":70,"column":67}},{"start":{},"end":{}}],"line":69}},"s":{"0":0,"1":0,"2":0,"3":0,"4":0,"5":0,"6":0,"7":0,"8":0,"9":0,"10":0,"11":0,"12":0,"13":0,"14":0,"15":0,"16":0,"17":0,"18":0,"19":0,"20":0,"21":0},"f":{"0":0,"1":0,"2":0,"3":0,"4":0,"5":0},"b":{"0":[0],"1":[0],"2":[0,0],"3":[0,0],"4":[0,0],"5":[0,0]}}
,"C:\\Projetos\\Locador\\locador-financial\\src\\frontend\\src\\components\\theme-toggle.tsx": {"path":"C:\\Projetos\\Locador\\locador-financial\\src\\frontend\\src\\components\\theme-toggle.tsx","statementMap":{"0":{"start":{"line":8,"column":30},"end":{"line":8,"column":40}},"1":{"start":{"line":10,"column":22},"end":{"line":18,"column":3}},"2":{"start":{"line":11,"column":4},"end":{"line":17,"column":5}},"3":{"start":{"line":12,"column":6},"end":{"line":12,"column":22}},"4":{"start":{"line":13,"column":11},"end":{"line":17,"column":5}},"5":{"start":{"line":14,"column":6},"end":{"line":14,"column":24}},"6":{"start":{"line":16,"column":6},"end":{"line":16,"column":23}},"7":{"start":{"line":20,"column":2},"end":{"line":31,"column":3}}},"fnMap":{"0":{"name":"ThemeToggle","decl":{"start":{"line":7,"column":16},"end":{"line":7,"column":27}},"loc":{"start":{"line":7,"column":30},"end":{"line":32,"column":1}},"line":7},"1":{"name":"(anonymous_1)","decl":{"start":{"line":10,"column":22},"end":{"line":10,"column":23}},"loc":{"start":{"line":10,"column":28},"end":{"line":18,"column":3}},"line":10}},"branchMap":{"0":{"loc":{"start":{"line":11,"column":4},"end":{"line":17,"column":5}},"type":"if","locations":[{"start":{"line":11,"column":4},"end":{"line":17,"column":5}},{"start":{"line":13,"column":11},"end":{"line":17,"column":5}}],"line":11},"1":{"loc":{"start":{"line":13,"column":11},"end":{"line":17,"column":5}},"type":"if","locations":[{"start":{"line":13,"column":11},"end":{"line":17,"column":5}},{"start":{"line":15,"column":11},"end":{"line":17,"column":5}}],"line":13}},"s":{"0":0,"1":0,"2":0,"3":0,"4":0,"5":0,"6":0,"7":0},"f":{"0":0,"1":0},"b":{"0":[0,0],"1":[0,0]}}
,"C:\\Projetos\\Locador\\locador-financial\\src\\frontend\\src\\components\\examples\\FormExample.tsx": {"path":"C:\\Projetos\\Locador\\locador-financial\\src\\frontend\\src\\components\\examples\\FormExample.tsx","statementMap":{"0":{"start":{"line":14,"column":30},"end":{"line":178,"column":1}},"1":{"start":{"line":15,"column":24},"end":{"line":15,"column":31}},"2":{"start":{"line":26,"column":6},"end":{"line":30,"column":4}},"3":{"start":{"line":32,"column":23},"end":{"line":32,"column":47}},"4":{"start":{"line":35,"column":24},"end":{"line":46,"column":3}},"5":{"start":{"line":36,"column":4},"end":{"line":45,"column":5}},"6":{"start":{"line":38,"column":8},"end":{"line":38,"column":79}},"7":{"start":{"line":40,"column":8},"end":{"line":40,"column":81}},"8":{"start":{"line":42,"column":8},"end":{"line":42,"column":101}},"9":{"start":{"line":44,"column":8},"end":{"line":44,"column":18}},"10":{"start":{"line":48,"column":28},"end":{"line":58,"column":3}},"11":{"start":{"line":49,"column":4},"end":{"line":49,"column":30}},"12":{"start":{"line":52,"column":4},"end":{"line":57,"column":5}},"13":{"start":{"line":53,"column":20},"end":{"line":53,"column":47}},"14":{"start":{"line":54,"column":6},"end":{"line":56,"column":7}},"15":{"start":{"line":60,"column":23},"end":{"line":98,"column":3}},"16":{"start":{"line":61,"column":4},"end":{"line":61,"column":23}},"17":{"start":{"line":64,"column":60},"end":{"line":64,"column":62}},"18":{"start":{"line":65,"column":4},"end":{"line":71,"column":7}},"19":{"start":{"line":66,"column":20},"end":{"line":66,"column":41}},"20":{"start":{"line":67,"column":20},"end":{"line":67,"column":57}},"21":{"start":{"line":68,"column":6},"end":{"line":70,"column":7}},"22":{"start":{"line":69,"column":8},"end":{"line":69,"column":30}},"23":{"start":{"line":73,"column":4},"end":{"line":76,"column":5}},"24":{"start":{"line":75,"column":6},"end":{"line":75,"column":13}},"25":{"start":{"line":79,"column":4},"end":{"line":97,"column":6}},"26":{"start":{"line":82,"column":8},"end":{"line":82,"column":64}},"27":{"start":{"line":82,"column":37},"end":{"line":82,"column":62}},"28":{"start":{"line":85,"column":8},"end":{"line":87,"column":9}},"29":{"start":{"line":86,"column":10},"end":{"line":86,"column":55}},"30":{"start":{"line":89,"column":8},"end":{"line":89,"column":39}},"31":{"start":{"line":100,"column":2},"end":{"line":177,"column":4}},"32":{"start":{"line":113,"column":31},"end":{"line":113,"column":72}},"33":{"start":{"line":114,"column":28},"end":{"line":114,"column":46}},"34":{"start":{"line":129,"column":31},"end":{"line":129,"column":73}},"35":{"start":{"line":130,"column":28},"end":{"line":130,"column":47}},"36":{"start":{"line":146,"column":31},"end":{"line":146,"column":74}},"37":{"start":{"line":147,"column":28},"end":{"line":147,"column":48}}},"fnMap":{"0":{"name":"(anonymous_0)","decl":{"start":{"line":14,"column":30},"end":{"line":14,"column":31}},"loc":{"start":{"line":14,"column":36},"end":{"line":178,"column":1}},"line":14},"1":{"name":"(anonymous_1)","decl":{"start":{"line":35,"column":24},"end":{"line":35,"column":25}},"loc":{"start":{"line":35,"column":66},"end":{"line":46,"column":3}},"line":35},"2":{"name":"(anonymous_2)","decl":{"start":{"line":48,"column":28},"end":{"line":48,"column":29}},"loc":{"start":{"line":48,"column":70},"end":{"line":58,"column":3}},"line":48},"3":{"name":"(anonymous_3)","decl":{"start":{"line":60,"column":23},"end":{"line":60,"column":24}},"loc":{"start":{"line":60,"column":53},"end":{"line":98,"column":3}},"line":60},"4":{"name":"(anonymous_4)","decl":{"start":{"line":65,"column":34},"end":{"line":65,"column":35}},"loc":{"start":{"line":65,"column":41},"end":{"line":71,"column":5}},"line":65},"5":{"name":"(anonymous_5)","decl":{"start":{"line":80,"column":6},"end":{"line":80,"column":7}},"loc":{"start":{"line":80,"column":22},"end":{"line":90,"column":7}},"line":80},"6":{"name":"(anonymous_6)","decl":{"start":{"line":82,"column":26},"end":{"line":82,"column":27}},"loc":{"start":{"line":82,"column":37},"end":{"line":82,"column":62}},"line":82},"7":{"name":"(anonymous_7)","decl":{"start":{"line":113,"column":24},"end":{"line":113,"column":25}},"loc":{"start":{"line":113,"column":31},"end":{"line":113,"column":72}},"line":113},"8":{"name":"(anonymous_8)","decl":{"start":{"line":114,"column":22},"end":{"line":114,"column":23}},"loc":{"start":{"line":114,"column":28},"end":{"line":114,"column":46}},"line":114},"9":{"name":"(anonymous_9)","decl":{"start":{"line":129,"column":24},"end":{"line":129,"column":25}},"loc":{"start":{"line":129,"column":31},"end":{"line":129,"column":73}},"line":129},"10":{"name":"(anonymous_10)","decl":{"start":{"line":130,"column":22},"end":{"line":130,"column":23}},"loc":{"start":{"line":130,"column":28},"end":{"line":130,"column":47}},"line":130},"11":{"name":"(anonymous_11)","decl":{"start":{"line":146,"column":24},"end":{"line":146,"column":25}},"loc":{"start":{"line":146,"column":31},"end":{"line":146,"column":74}},"line":146},"12":{"name":"(anonymous_12)","decl":{"start":{"line":147,"column":22},"end":{"line":147,"column":23}},"loc":{"start":{"line":147,"column":28},"end":{"line":147,"column":48}},"line":147}},"branchMap":{"0":{"loc":{"start":{"line":36,"column":4},"end":{"line":45,"column":5}},"type":"switch","locations":[{"start":{"line":37,"column":6},"end":{"line":38,"column":79}},{"start":{"line":39,"column":6},"end":{"line":40,"column":81}},{"start":{"line":41,"column":6},"end":{"line":42,"column":101}},{"start":{"line":43,"column":6},"end":{"line":44,"column":18}}],"line":36},"1":{"loc":{"start":{"line":38,"column":15},"end":{"line":38,"column":78}},"type":"cond-expr","locations":[{"start":{"line":38,"column":34},"end":{"line":38,"column":73}},{"start":{"line":38,"column":76},"end":{"line":38,"column":78}}],"line":38},"2":{"loc":{"start":{"line":40,"column":15},"end":{"line":40,"column":80}},"type":"cond-expr","locations":[{"start":{"line":40,"column":59},"end":{"line":40,"column":75}},{"start":{"line":40,"column":78},"end":{"line":40,"column":80}}],"line":40},"3":{"loc":{"start":{"line":42,"column":15},"end":{"line":42,"column":100}},"type":"cond-expr","locations":[{"start":{"line":42,"column":60},"end":{"line":42,"column":95}},{"start":{"line":42,"column":98},"end":{"line":42,"column":100}}],"line":42},"4":{"loc":{"start":{"line":42,"column":15},"end":{"line":42,"column":57}},"type":"binary-expr","locations":[{"start":{"line":42,"column":15},"end":{"line":42,"column":35}},{"start":{"line":42,"column":39},"end":{"line":42,"column":57}}],"line":42},"5":{"loc":{"start":{"line":52,"column":4},"end":{"line":57,"column":5}},"type":"if","locations":[{"start":{"line":52,"column":4},"end":{"line":57,"column":5}},{"start":{},"end":{}}],"line":52},"6":{"loc":{"start":{"line":54,"column":6},"end":{"line":56,"column":7}},"type":"if","locations":[{"start":{"line":54,"column":6},"end":{"line":56,"column":7}},{"start":{},"end":{}}],"line":54},"7":{"loc":{"start":{"line":68,"column":6},"end":{"line":70,"column":7}},"type":"if","locations":[{"start":{"line":68,"column":6},"end":{"line":70,"column":7}},{"start":{},"end":{}}],"line":68},"8":{"loc":{"start":{"line":73,"column":4},"end":{"line":76,"column":5}},"type":"if","locations":[{"start":{"line":73,"column":4},"end":{"line":76,"column":5}},{"start":{},"end":{}}],"line":73},"9":{"loc":{"start":{"line":85,"column":8},"end":{"line":87,"column":9}},"type":"if","locations":[{"start":{"line":85,"column":8},"end":{"line":87,"column":9}},{"start":{},"end":{}}],"line":85},"10":{"loc":{"start":{"line":115,"column":25},"end":{"line":115,"column":70}},"type":"cond-expr","locations":[{"start":{"line":115,"column":49},"end":{"line":115,"column":65}},{"start":{"line":115,"column":68},"end":{"line":115,"column":70}}],"line":115},"11":{"loc":{"start":{"line":118,"column":13},"end":{"line":120,"column":13}},"type":"binary-expr","locations":[{"start":{"line":118,"column":13},"end":{"line":118,"column":34}},{"start":{"line":119,"column":14},"end":{"line":119,"column":77}}],"line":118},"12":{"loc":{"start":{"line":131,"column":25},"end":{"line":131,"column":71}},"type":"cond-expr","locations":[{"start":{"line":131,"column":50},"end":{"line":131,"column":66}},{"start":{"line":131,"column":69},"end":{"line":131,"column":71}}],"line":131},"13":{"loc":{"start":{"line":134,"column":13},"end":{"line":136,"column":13}},"type":"binary-expr","locations":[{"start":{"line":134,"column":13},"end":{"line":134,"column":35}},{"start":{"line":135,"column":14},"end":{"line":135,"column":78}}],"line":134},"14":{"loc":{"start":{"line":148,"column":25},"end":{"line":148,"column":72}},"type":"cond-expr","locations":[{"start":{"line":148,"column":51},"end":{"line":148,"column":67}},{"start":{"line":148,"column":70},"end":{"line":148,"column":72}}],"line":148},"15":{"loc":{"start":{"line":151,"column":13},"end":{"line":153,"column":13}},"type":"binary-expr","locations":[{"start":{"line":151,"column":13},"end":{"line":151,"column":36}},{"start":{"line":152,"column":14},"end":{"line":152,"column":79}}],"line":151},"16":{"loc":{"start":{"line":159,"column":24},"end":{"line":159,"column":49}},"type":"binary-expr","locations":[{"start":{"line":159,"column":24},"end":{"line":159,"column":36}},{"start":{"line":159,"column":40},"end":{"line":159,"column":49}}],"line":159},"17":{"loc":{"start":{"line":162,"column":15},"end":{"line":162,"column":54}},"type":"cond-expr","locations":[{"start":{"line":162,"column":30},"end":{"line":162,"column":43}},{"start":{"line":162,"column":46},"end":{"line":162,"column":54}}],"line":162}},"s":{"0":0,"1":0,"2":0,"3":0,"4":0,"5":0,"6":0,"7":0,"8":0,"9":0,"10":0,"11":0,"12":0,"13":0,"14":0,"15":0,"16":0,"17":0,"18":0,"19":0,"20":0,"21":0,"22":0,"23":0,"24":0,"25":0,"26":0,"27":0,"28":0,"29":0,"30":0,"31":0,"32":0,"33":0,"34":0,"35":0,"36":0,"37":0},"f":{"0":0,"1":0,"2":0,"3":0,"4":0,"5":0,"6":0,"7":0,"8":0,"9":0,"10":0,"11":0,"12":0},"b":{"0":[0,0,0,0],"1":[0,0],"2":[0,0],"3":[0,0],"4":[0,0],"5":[0,0],"6":[0,0],"7":[0,0],"8":[0,0],"9":[0,0],"10":[0,0],"11":[0,0],"12":[0,0],"13":[0,0],"14":[0,0],"15":[0,0],"16":[0,0],"17":[0,0]}}
,"C:\\Projetos\\Locador\\locador-financial\\src\\frontend\\src\\components\\forms\\BancoForm.tsx": {"path":"C:\\Projetos\\Locador\\locador-financial\\src\\frontend\\src\\components\\forms\\BancoForm.tsx","statementMap":{"0":{"start":{"line":40,"column":20},"end":{"line":46,"column":2}},"1":{"start":{"line":48,"column":51},"end":{"line":237,"column":1}},"2":{"start":{"line":56,"column":16},"end":{"line":56,"column":32}},"3":{"start":{"line":63,"column":6},"end":{"line":73,"column":4}},"4":{"start":{"line":76,"column":2},"end":{"line":94,"column":33}},"5":{"start":{"line":77,"column":4},"end":{"line":93,"column":5}},"6":{"start":{"line":78,"column":6},"end":{"line":84,"column":9}},"7":{"start":{"line":85,"column":11},"end":{"line":93,"column":5}},"8":{"start":{"line":86,"column":6},"end":{"line":92,"column":9}},"9":{"start":{"line":96,"column":27},"end":{"line":98,"column":3}},"10":{"start":{"line":97,"column":4},"end":{"line":97,"column":19}},"11":{"start":{"line":100,"column":2},"end":{"line":236,"column":4}},"12":{"start":{"line":130,"column":18},"end":{"line":141,"column":21}},"13":{"start":{"line":135,"column":39},"end":{"line":135,"column":84}},"14":{"start":{"line":153,"column":18},"end":{"line":162,"column":21}},"15":{"start":{"line":175,"column":16},"end":{"line":184,"column":19}},"16":{"start":{"line":196,"column":16},"end":{"line":205,"column":19}},"17":{"start":{"line":216,"column":16},"end":{"line":219,"column":18}},"18":{"start":{"line":218,"column":57},"end":{"line":218,"column":92}}},"fnMap":{"0":{"name":"(anonymous_0)","decl":{"start":{"line":48,"column":51},"end":{"line":48,"column":52}},"loc":{"start":{"line":55,"column":6},"end":{"line":237,"column":1}},"line":55},"1":{"name":"(anonymous_1)","decl":{"start":{"line":76,"column":12},"end":{"line":76,"column":13}},"loc":{"start":{"line":76,"column":18},"end":{"line":94,"column":3}},"line":76},"2":{"name":"(anonymous_2)","decl":{"start":{"line":96,"column":27},"end":{"line":96,"column":28}},"loc":{"start":{"line":96,"column":52},"end":{"line":98,"column":3}},"line":96},"3":{"name":"(anonymous_3)","decl":{"start":{"line":129,"column":24},"end":{"line":129,"column":25}},"loc":{"start":{"line":130,"column":18},"end":{"line":141,"column":21}},"line":130},"4":{"name":"(anonymous_4)","decl":{"start":{"line":135,"column":32},"end":{"line":135,"column":33}},"loc":{"start":{"line":135,"column":39},"end":{"line":135,"column":84}},"line":135},"5":{"name":"(anonymous_5)","decl":{"start":{"line":152,"column":24},"end":{"line":152,"column":25}},"loc":{"start":{"line":153,"column":18},"end":{"line":162,"column":21}},"line":153},"6":{"name":"(anonymous_6)","decl":{"start":{"line":174,"column":22},"end":{"line":174,"column":23}},"loc":{"start":{"line":175,"column":16},"end":{"line":184,"column":19}},"line":175},"7":{"name":"(anonymous_7)","decl":{"start":{"line":195,"column":22},"end":{"line":195,"column":23}},"loc":{"start":{"line":196,"column":16},"end":{"line":205,"column":19}},"line":196},"8":{"name":"(anonymous_8)","decl":{"start":{"line":215,"column":22},"end":{"line":215,"column":23}},"loc":{"start":{"line":216,"column":16},"end":{"line":219,"column":18}},"line":216},"9":{"name":"(anonymous_9)","decl":{"start":{"line":218,"column":35},"end":{"line":218,"column":36}},"loc":{"start":{"line":218,"column":57},"end":{"line":218,"column":92}},"line":218}},"branchMap":{"0":{"loc":{"start":{"line":53,"column":2},"end":{"line":53,"column":17}},"type":"default-arg","locations":[{"start":{"line":53,"column":12},"end":{"line":53,"column":17}}],"line":53},"1":{"loc":{"start":{"line":54,"column":2},"end":{"line":54,"column":14}},"type":"default-arg","locations":[{"start":{"line":54,"column":10},"end":{"line":54,"column":14}}],"line":54},"2":{"loc":{"start":{"line":77,"column":4},"end":{"line":93,"column":5}},"type":"if","locations":[{"start":{"line":77,"column":4},"end":{"line":93,"column":5}},{"start":{"line":85,"column":11},"end":{"line":93,"column":5}}],"line":77},"3":{"loc":{"start":{"line":77,"column":8},"end":{"line":77,"column":27}},"type":"binary-expr","locations":[{"start":{"line":77,"column":8},"end":{"line":77,"column":12}},{"start":{"line":77,"column":16},"end":{"line":77,"column":27}}],"line":77},"4":{"loc":{"start":{"line":79,"column":16},"end":{"line":79,"column":39}},"type":"binary-expr","locations":[{"start":{"line":79,"column":16},"end":{"line":79,"column":34}},{"start":{"line":79,"column":38},"end":{"line":79,"column":39}}],"line":79},"5":{"loc":{"start":{"line":80,"column":16},"end":{"line":80,"column":40}},"type":"binary-expr","locations":[{"start":{"line":80,"column":16},"end":{"line":80,"column":34}},{"start":{"line":80,"column":38},"end":{"line":80,"column":40}}],"line":80},"6":{"loc":{"start":{"line":81,"column":14},"end":{"line":81,"column":36}},"type":"binary-expr","locations":[{"start":{"line":81,"column":14},"end":{"line":81,"column":30}},{"start":{"line":81,"column":34},"end":{"line":81,"column":36}}],"line":81},"7":{"loc":{"start":{"line":82,"column":23},"end":{"line":82,"column":54}},"type":"binary-expr","locations":[{"start":{"line":82,"column":23},"end":{"line":82,"column":48}},{"start":{"line":82,"column":52},"end":{"line":82,"column":54}}],"line":82},"8":{"loc":{"start":{"line":83,"column":18},"end":{"line":83,"column":45}},"type":"binary-expr","locations":[{"start":{"line":83,"column":18},"end":{"line":83,"column":38}},{"start":{"line":83,"column":42},"end":{"line":83,"column":45}}],"line":83},"9":{"loc":{"start":{"line":85,"column":11},"end":{"line":93,"column":5}},"type":"if","locations":[{"start":{"line":85,"column":11},"end":{"line":93,"column":5}},{"start":{},"end":{}}],"line":85},"10":{"loc":{"start":{"line":85,"column":15},"end":{"line":85,"column":35}},"type":"binary-expr","locations":[{"start":{"line":85,"column":15},"end":{"line":85,"column":19}},{"start":{"line":85,"column":23},"end":{"line":85,"column":35}}],"line":85},"11":{"loc":{"start":{"line":105,"column":13},"end":{"line":105,"column":64}},"type":"cond-expr","locations":[{"start":{"line":105,"column":27},"end":{"line":105,"column":45}},{"start":{"line":105,"column":48},"end":{"line":105,"column":64}}],"line":105},"12":{"loc":{"start":{"line":108,"column":13},"end":{"line":110,"column":42}},"type":"cond-expr","locations":[{"start":{"line":109,"column":16},"end":{"line":109,"column":44}},{"start":{"line":110,"column":16},"end":{"line":110,"column":42}}],"line":108},"13":{"loc":{"start":{"line":116,"column":11},"end":{"line":120,"column":11}},"type":"binary-expr","locations":[{"start":{"line":116,"column":11},"end":{"line":116,"column":16}},{"start":{"line":117,"column":12},"end":{"line":119,"column":20}}],"line":116},"14":{"loc":{"start":{"line":135,"column":54},"end":{"line":135,"column":83}},"type":"binary-expr","locations":[{"start":{"line":135,"column":54},"end":{"line":135,"column":78}},{"start":{"line":135,"column":82},"end":{"line":135,"column":83}}],"line":135},"15":{"loc":{"start":{"line":136,"column":33},"end":{"line":136,"column":62}},"type":"cond-expr","locations":[{"start":{"line":136,"column":41},"end":{"line":136,"column":57}},{"start":{"line":136,"column":60},"end":{"line":136,"column":62}}],"line":136},"16":{"loc":{"start":{"line":138,"column":21},"end":{"line":140,"column":21}},"type":"binary-expr","locations":[{"start":{"line":138,"column":21},"end":{"line":138,"column":26}},{"start":{"line":139,"column":22},"end":{"line":139,"column":86}}],"line":138},"17":{"loc":{"start":{"line":139,"column":61},"end":{"line":139,"column":80}},"type":"binary-expr","locations":[{"start":{"line":139,"column":61},"end":{"line":139,"column":74}},{"start":{"line":139,"column":78},"end":{"line":139,"column":80}}],"line":139},"18":{"loc":{"start":{"line":157,"column":33},"end":{"line":157,"column":62}},"type":"cond-expr","locations":[{"start":{"line":157,"column":41},"end":{"line":157,"column":57}},{"start":{"line":157,"column":60},"end":{"line":157,"column":62}}],"line":157},"19":{"loc":{"start":{"line":159,"column":21},"end":{"line":161,"column":21}},"type":"binary-expr","locations":[{"start":{"line":159,"column":21},"end":{"line":159,"column":26}},{"start":{"line":160,"column":22},"end":{"line":160,"column":86}}],"line":159},"20":{"loc":{"start":{"line":160,"column":61},"end":{"line":160,"column":80}},"type":"binary-expr","locations":[{"start":{"line":160,"column":61},"end":{"line":160,"column":74}},{"start":{"line":160,"column":78},"end":{"line":160,"column":80}}],"line":160},"21":{"loc":{"start":{"line":179,"column":31},"end":{"line":179,"column":60}},"type":"cond-expr","locations":[{"start":{"line":179,"column":39},"end":{"line":179,"column":55}},{"start":{"line":179,"column":58},"end":{"line":179,"column":60}}],"line":179},"22":{"loc":{"start":{"line":181,"column":19},"end":{"line":183,"column":19}},"type":"binary-expr","locations":[{"start":{"line":181,"column":19},"end":{"line":181,"column":24}},{"start":{"line":182,"column":20},"end":{"line":182,"column":84}}],"line":181},"23":{"loc":{"start":{"line":182,"column":59},"end":{"line":182,"column":78}},"type":"binary-expr","locations":[{"start":{"line":182,"column":59},"end":{"line":182,"column":72}},{"start":{"line":182,"column":76},"end":{"line":182,"column":78}}],"line":182},"24":{"loc":{"start":{"line":200,"column":31},"end":{"line":200,"column":60}},"type":"cond-expr","locations":[{"start":{"line":200,"column":39},"end":{"line":200,"column":55}},{"start":{"line":200,"column":58},"end":{"line":200,"column":60}}],"line":200},"25":{"loc":{"start":{"line":202,"column":19},"end":{"line":204,"column":19}},"type":"binary-expr","locations":[{"start":{"line":202,"column":19},"end":{"line":202,"column":24}},{"start":{"line":203,"column":20},"end":{"line":203,"column":84}}],"line":202},"26":{"loc":{"start":{"line":203,"column":59},"end":{"line":203,"column":78}},"type":"binary-expr","locations":[{"start":{"line":203,"column":59},"end":{"line":203,"column":72}},{"start":{"line":203,"column":76},"end":{"line":203,"column":78}}],"line":203},"27":{"loc":{"start":{"line":218,"column":72},"end":{"line":218,"column":91}},"type":"cond-expr","locations":[{"start":{"line":218,"column":82},"end":{"line":218,"column":85}},{"start":{"line":218,"column":88},"end":{"line":218,"column":91}}],"line":218},"28":{"loc":{"start":{"line":229,"column":44},"end":{"line":229,"column":63}},"type":"binary-expr","locations":[{"start":{"line":229,"column":44},"end":{"line":229,"column":52}},{"start":{"line":229,"column":56},"end":{"line":229,"column":63}}],"line":229},"29":{"loc":{"start":{"line":230,"column":15},"end":{"line":230,"column":64}},"type":"cond-expr","locations":[{"start":{"line":230,"column":25},"end":{"line":230,"column":44}},{"start":{"line":230,"column":47},"end":{"line":230,"column":64}}],"line":230}},"s":{"0":0,"1":0,"2":0,"3":0,"4":0,"5":0,"6":0,"7":0,"8":0,"9":0,"10":0,"11":0,"12":0,"13":0,"14":0,"15":0,"16":0,"17":0,"18":0},"f":{"0":0,"1":0,"2":0,"3":0,"4":0,"5":0,"6":0,"7":0,"8":0,"9":0},"b":{"0":[0],"1":[0],"2":[0,0],"3":[0,0],"4":[0,0],"5":[0,0],"6":[0,0],"7":[0,0],"8":[0,0],"9":[0,0],"10":[0,0],"11":[0,0],"12":[0,0],"13":[0,0],"14":[0,0],"15":[0,0],"16":[0,0],"17":[0,0],"18":[0,0],"19":[0,0],"20":[0,0],"21":[0,0],"22":[0,0],"23":[0,0],"24":[0,0],"25":[0,0],"26":[0,0],"27":[0,0],"28":[0,0],"29":[0,0]}}
,"C:\\Projetos\\Locador\\locador-financial\\src\\frontend\\src\\components\\forms\\CategoriaForm.tsx": {"path":"C:\\Projetos\\Locador\\locador-financial\\src\\frontend\\src\\components\\forms\\CategoriaForm.tsx","statementMap":{"0":{"start":{"line":54,"column":24},"end":{"line":59,"column":13}},"1":{"start":{"line":61,"column":59},"end":{"line":236,"column":1}},"2":{"start":{"line":69,"column":16},"end":{"line":69,"column":32}},"3":{"start":{"line":70,"column":20},"end":{"line":70,"column":33}},"4":{"start":{"line":72,"column":15},"end":{"line":80,"column":4}},"5":{"start":{"line":87,"column":6},"end":{"line":87,"column":10}},"6":{"start":{"line":90,"column":2},"end":{"line":106,"column":33}},"7":{"start":{"line":91,"column":4},"end":{"line":105,"column":5}},"8":{"start":{"line":92,"column":6},"end":{"line":97,"column":9}},"9":{"start":{"line":98,"column":11},"end":{"line":105,"column":5}},"10":{"start":{"line":99,"column":6},"end":{"line":104,"column":9}},"11":{"start":{"line":108,"column":22},"end":{"line":110,"column":3}},"12":{"start":{"line":109,"column":4},"end":{"line":109,"column":14}},"13":{"start":{"line":112,"column":27},"end":{"line":114,"column":3}},"14":{"start":{"line":113,"column":4},"end":{"line":113,"column":19}},"15":{"start":{"line":116,"column":2},"end":{"line":235,"column":4}},"16":{"start":{"line":138,"column":16},"end":{"line":144,"column":27}},"17":{"start":{"line":154,"column":18},"end":{"line":169,"column":29}},"18":{"start":{"line":178,"column":18},"end":{"line":190,"column":29}},"19":{"start":{"line":185,"column":41},"end":{"line":185,"column":89}},"20":{"start":{"line":200,"column":16},"end":{"line":214,"column":27}}},"fnMap":{"0":{"name":"(anonymous_0)","decl":{"start":{"line":61,"column":59},"end":{"line":61,"column":60}},"loc":{"start":{"line":68,"column":6},"end":{"line":236,"column":1}},"line":68},"1":{"name":"(anonymous_1)","decl":{"start":{"line":90,"column":12},"end":{"line":90,"column":13}},"loc":{"start":{"line":90,"column":18},"end":{"line":106,"column":3}},"line":90},"2":{"name":"(anonymous_2)","decl":{"start":{"line":108,"column":22},"end":{"line":108,"column":23}},"loc":{"start":{"line":108,"column":28},"end":{"line":110,"column":3}},"line":108},"3":{"name":"(anonymous_3)","decl":{"start":{"line":112,"column":27},"end":{"line":112,"column":28}},"loc":{"start":{"line":112,"column":56},"end":{"line":114,"column":3}},"line":112},"4":{"name":"(anonymous_4)","decl":{"start":{"line":137,"column":22},"end":{"line":137,"column":23}},"loc":{"start":{"line":138,"column":16},"end":{"line":144,"column":27}},"line":138},"5":{"name":"(anonymous_5)","decl":{"start":{"line":153,"column":24},"end":{"line":153,"column":25}},"loc":{"start":{"line":154,"column":18},"end":{"line":169,"column":29}},"line":154},"6":{"name":"(anonymous_6)","decl":{"start":{"line":177,"column":24},"end":{"line":177,"column":25}},"loc":{"start":{"line":178,"column":18},"end":{"line":190,"column":29}},"line":178},"7":{"name":"(anonymous_7)","decl":{"start":{"line":185,"column":34},"end":{"line":185,"column":35}},"loc":{"start":{"line":185,"column":41},"end":{"line":185,"column":89}},"line":185},"8":{"name":"(anonymous_8)","decl":{"start":{"line":199,"column":22},"end":{"line":199,"column":23}},"loc":{"start":{"line":200,"column":16},"end":{"line":214,"column":27}},"line":200}},"branchMap":{"0":{"loc":{"start":{"line":66,"column":2},"end":{"line":66,"column":17}},"type":"default-arg","locations":[{"start":{"line":66,"column":12},"end":{"line":66,"column":17}}],"line":66},"1":{"loc":{"start":{"line":67,"column":2},"end":{"line":67,"column":14}},"type":"default-arg","locations":[{"start":{"line":67,"column":10},"end":{"line":67,"column":14}}],"line":67},"2":{"loc":{"start":{"line":91,"column":4},"end":{"line":105,"column":5}},"type":"if","locations":[{"start":{"line":91,"column":4},"end":{"line":105,"column":5}},{"start":{"line":98,"column":11},"end":{"line":105,"column":5}}],"line":91},"3":{"loc":{"start":{"line":91,"column":8},"end":{"line":91,"column":27}},"type":"binary-expr","locations":[{"start":{"line":91,"column":8},"end":{"line":91,"column":12}},{"start":{"line":91,"column":16},"end":{"line":91,"column":27}}],"line":91},"4":{"loc":{"start":{"line":93,"column":22},"end":{"line":93,"column":52}},"type":"binary-expr","locations":[{"start":{"line":93,"column":22},"end":{"line":93,"column":46}},{"start":{"line":93,"column":50},"end":{"line":93,"column":52}}],"line":93},"5":{"loc":{"start":{"line":94,"column":23},"end":{"line":94,"column":55}},"type":"binary-expr","locations":[{"start":{"line":94,"column":23},"end":{"line":94,"column":48}},{"start":{"line":94,"column":52},"end":{"line":94,"column":55}}],"line":94},"6":{"loc":{"start":{"line":95,"column":25},"end":{"line":95,"column":103}},"type":"cond-expr","locations":[{"start":{"line":95,"column":69},"end":{"line":95,"column":96}},{"start":{"line":95,"column":99},"end":{"line":95,"column":103}}],"line":95},"7":{"loc":{"start":{"line":96,"column":18},"end":{"line":96,"column":45}},"type":"binary-expr","locations":[{"start":{"line":96,"column":18},"end":{"line":96,"column":38}},{"start":{"line":96,"column":42},"end":{"line":96,"column":45}}],"line":96},"8":{"loc":{"start":{"line":98,"column":11},"end":{"line":105,"column":5}},"type":"if","locations":[{"start":{"line":98,"column":11},"end":{"line":105,"column":5}},{"start":{},"end":{}}],"line":98},"9":{"loc":{"start":{"line":98,"column":15},"end":{"line":98,"column":35}},"type":"binary-expr","locations":[{"start":{"line":98,"column":15},"end":{"line":98,"column":19}},{"start":{"line":98,"column":23},"end":{"line":98,"column":35}}],"line":98},"10":{"loc":{"start":{"line":121,"column":13},"end":{"line":121,"column":70}},"type":"cond-expr","locations":[{"start":{"line":121,"column":25},"end":{"line":121,"column":47}},{"start":{"line":121,"column":50},"end":{"line":121,"column":70}}],"line":121},"11":{"loc":{"start":{"line":125,"column":9},"end":{"line":129,"column":9}},"type":"binary-expr","locations":[{"start":{"line":125,"column":9},"end":{"line":125,"column":14}},{"start":{"line":126,"column":10},"end":{"line":128,"column":18}}],"line":125},"12":{"loc":{"start":{"line":185,"column":56},"end":{"line":185,"column":88}},"type":"binary-expr","locations":[{"start":{"line":185,"column":56},"end":{"line":185,"column":80}},{"start":{"line":185,"column":84},"end":{"line":185,"column":88}}],"line":185},"13":{"loc":{"start":{"line":186,"column":31},"end":{"line":186,"column":48}},"type":"binary-expr","locations":[{"start":{"line":186,"column":31},"end":{"line":186,"column":42}},{"start":{"line":186,"column":46},"end":{"line":186,"column":48}}],"line":186},"14":{"loc":{"start":{"line":229,"column":13},"end":{"line":229,"column":73}},"type":"binary-expr","locations":[{"start":{"line":229,"column":13},"end":{"line":229,"column":20}},{"start":{"line":229,"column":24},"end":{"line":229,"column":73}}],"line":229},"15":{"loc":{"start":{"line":230,"column":13},"end":{"line":230,"column":63}},"type":"cond-expr","locations":[{"start":{"line":230,"column":23},"end":{"line":230,"column":43}},{"start":{"line":230,"column":46},"end":{"line":230,"column":63}}],"line":230}},"s":{"0":0,"1":0,"2":0,"3":0,"4":0,"5":0,"6":0,"7":0,"8":0,"9":0,"10":0,"11":0,"12":0,"13":0,"14":0,"15":0,"16":0,"17":0,"18":0,"19":0,"20":0},"f":{"0":0,"1":0,"2":0,"3":0,"4":0,"5":0,"6":0,"7":0,"8":0},"b":{"0":[0],"1":[0],"2":[0,0],"3":[0,0],"4":[0,0],"5":[0,0],"6":[0,0],"7":[0,0],"8":[0,0],"9":[0,0],"10":[0,0],"11":[0,0],"12":[0,0],"13":[0,0],"14":[0,0],"15":[0,0]}}
,"C:\\Projetos\\Locador\\locador-financial\\src\\frontend\\src\\components\\forms\\ClienteForm.tsx": {"path":"C:\\Projetos\\Locador\\locador-financial\\src\\frontend\\src\\components\\forms\\ClienteForm.tsx","statementMap":{"0":{"start":{"line":68,"column":22},"end":{"line":90,"column":2}},"1":{"start":{"line":92,"column":55},"end":{"line":578,"column":1}},"2":{"start":{"line":100,"column":16},"end":{"line":100,"column":32}},"3":{"start":{"line":101,"column":20},"end":{"line":101,"column":33}},"4":{"start":{"line":103,"column":15},"end":{"line":128,"column":4}},"5":{"start":{"line":135,"column":6},"end":{"line":135,"column":10}},"6":{"start":{"line":138,"column":2},"end":{"line":188,"column":33}},"7":{"start":{"line":139,"column":4},"end":{"line":187,"column":5}},"8":{"start":{"line":140,"column":6},"end":{"line":162,"column":9}},"9":{"start":{"line":163,"column":11},"end":{"line":187,"column":5}},"10":{"start":{"line":164,"column":6},"end":{"line":186,"column":9}},"11":{"start":{"line":190,"column":22},"end":{"line":192,"column":3}},"12":{"start":{"line":191,"column":4},"end":{"line":191,"column":14}},"13":{"start":{"line":194,"column":27},"end":{"line":196,"column":3}},"14":{"start":{"line":195,"column":4},"end":{"line":195,"column":19}},"15":{"start":{"line":198,"column":2},"end":{"line":577,"column":4}},"16":{"start":{"line":222,"column":20},"end":{"line":228,"column":31}},"17":{"start":{"line":238,"column":18},"end":{"line":252,"column":29}},"18":{"start":{"line":261,"column":18},"end":{"line":267,"column":29}},"19":{"start":{"line":276,"column":18},"end":{"line":282,"column":29}},"20":{"start":{"line":291,"column":18},"end":{"line":297,"column":29}},"21":{"start":{"line":306,"column":18},"end":{"line":312,"column":29}},"22":{"start":{"line":321,"column":18},"end":{"line":327,"column":29}},"23":{"start":{"line":336,"column":18},"end":{"line":342,"column":29}},"24":{"start":{"line":351,"column":18},"end":{"line":357,"column":29}},"25":{"start":{"line":366,"column":18},"end":{"line":372,"column":29}},"26":{"start":{"line":381,"column":18},"end":{"line":387,"column":29}},"27":{"start":{"line":396,"column":18},"end":{"line":402,"column":29}},"28":{"start":{"line":412,"column":20},"end":{"line":418,"column":31}},"29":{"start":{"line":428,"column":18},"end":{"line":434,"column":29}},"30":{"start":{"line":443,"column":18},"end":{"line":449,"column":29}},"31":{"start":{"line":458,"column":18},"end":{"line":464,"column":29}},"32":{"start":{"line":473,"column":18},"end":{"line":479,"column":29}},"33":{"start":{"line":489,"column":20},"end":{"line":495,"column":31}},"34":{"start":{"line":505,"column":18},"end":{"line":515,"column":29}},"35":{"start":{"line":523,"column":18},"end":{"line":533,"column":29}},"36":{"start":{"line":542,"column":18},"end":{"line":556,"column":29}}},"fnMap":{"0":{"name":"(anonymous_0)","decl":{"start":{"line":92,"column":55},"end":{"line":92,"column":56}},"loc":{"start":{"line":99,"column":6},"end":{"line":578,"column":1}},"line":99},"1":{"name":"(anonymous_1)","decl":{"start":{"line":138,"column":12},"end":{"line":138,"column":13}},"loc":{"start":{"line":138,"column":18},"end":{"line":188,"column":3}},"line":138},"2":{"name":"(anonymous_2)","decl":{"start":{"line":190,"column":22},"end":{"line":190,"column":23}},"loc":{"start":{"line":190,"column":28},"end":{"line":192,"column":3}},"line":190},"3":{"name":"(anonymous_3)","decl":{"start":{"line":194,"column":27},"end":{"line":194,"column":28}},"loc":{"start":{"line":194,"column":54},"end":{"line":196,"column":3}},"line":194},"4":{"name":"(anonymous_4)","decl":{"start":{"line":221,"column":26},"end":{"line":221,"column":27}},"loc":{"start":{"line":222,"column":20},"end":{"line":228,"column":31}},"line":222},"5":{"name":"(anonymous_5)","decl":{"start":{"line":237,"column":24},"end":{"line":237,"column":25}},"loc":{"start":{"line":238,"column":18},"end":{"line":252,"column":29}},"line":238},"6":{"name":"(anonymous_6)","decl":{"start":{"line":260,"column":24},"end":{"line":260,"column":25}},"loc":{"start":{"line":261,"column":18},"end":{"line":267,"column":29}},"line":261},"7":{"name":"(anonymous_7)","decl":{"start":{"line":275,"column":24},"end":{"line":275,"column":25}},"loc":{"start":{"line":276,"column":18},"end":{"line":282,"column":29}},"line":276},"8":{"name":"(anonymous_8)","decl":{"start":{"line":290,"column":24},"end":{"line":290,"column":25}},"loc":{"start":{"line":291,"column":18},"end":{"line":297,"column":29}},"line":291},"9":{"name":"(anonymous_9)","decl":{"start":{"line":305,"column":24},"end":{"line":305,"column":25}},"loc":{"start":{"line":306,"column":18},"end":{"line":312,"column":29}},"line":306},"10":{"name":"(anonymous_10)","decl":{"start":{"line":320,"column":24},"end":{"line":320,"column":25}},"loc":{"start":{"line":321,"column":18},"end":{"line":327,"column":29}},"line":321},"11":{"name":"(anonymous_11)","decl":{"start":{"line":335,"column":24},"end":{"line":335,"column":25}},"loc":{"start":{"line":336,"column":18},"end":{"line":342,"column":29}},"line":336},"12":{"name":"(anonymous_12)","decl":{"start":{"line":350,"column":24},"end":{"line":350,"column":25}},"loc":{"start":{"line":351,"column":18},"end":{"line":357,"column":29}},"line":351},"13":{"name":"(anonymous_13)","decl":{"start":{"line":365,"column":24},"end":{"line":365,"column":25}},"loc":{"start":{"line":366,"column":18},"end":{"line":372,"column":29}},"line":366},"14":{"name":"(anonymous_14)","decl":{"start":{"line":380,"column":24},"end":{"line":380,"column":25}},"loc":{"start":{"line":381,"column":18},"end":{"line":387,"column":29}},"line":381},"15":{"name":"(anonymous_15)","decl":{"start":{"line":395,"column":24},"end":{"line":395,"column":25}},"loc":{"start":{"line":396,"column":18},"end":{"line":402,"column":29}},"line":396},"16":{"name":"(anonymous_16)","decl":{"start":{"line":411,"column":26},"end":{"line":411,"column":27}},"loc":{"start":{"line":412,"column":20},"end":{"line":418,"column":31}},"line":412},"17":{"name":"(anonymous_17)","decl":{"start":{"line":427,"column":24},"end":{"line":427,"column":25}},"loc":{"start":{"line":428,"column":18},"end":{"line":434,"column":29}},"line":428},"18":{"name":"(anonymous_18)","decl":{"start":{"line":442,"column":24},"end":{"line":442,"column":25}},"loc":{"start":{"line":443,"column":18},"end":{"line":449,"column":29}},"line":443},"19":{"name":"(anonymous_19)","decl":{"start":{"line":457,"column":24},"end":{"line":457,"column":25}},"loc":{"start":{"line":458,"column":18},"end":{"line":464,"column":29}},"line":458},"20":{"name":"(anonymous_20)","decl":{"start":{"line":472,"column":24},"end":{"line":472,"column":25}},"loc":{"start":{"line":473,"column":18},"end":{"line":479,"column":29}},"line":473},"21":{"name":"(anonymous_21)","decl":{"start":{"line":488,"column":26},"end":{"line":488,"column":27}},"loc":{"start":{"line":489,"column":20},"end":{"line":495,"column":31}},"line":489},"22":{"name":"(anonymous_22)","decl":{"start":{"line":504,"column":24},"end":{"line":504,"column":25}},"loc":{"start":{"line":505,"column":18},"end":{"line":515,"column":29}},"line":505},"23":{"name":"(anonymous_23)","decl":{"start":{"line":522,"column":24},"end":{"line":522,"column":25}},"loc":{"start":{"line":523,"column":18},"end":{"line":533,"column":29}},"line":523},"24":{"name":"(anonymous_24)","decl":{"start":{"line":541,"column":24},"end":{"line":541,"column":25}},"loc":{"start":{"line":542,"column":18},"end":{"line":556,"column":29}},"line":542}},"branchMap":{"0":{"loc":{"start":{"line":97,"column":2},"end":{"line":97,"column":17}},"type":"default-arg","locations":[{"start":{"line":97,"column":12},"end":{"line":97,"column":17}}],"line":97},"1":{"loc":{"start":{"line":98,"column":2},"end":{"line":98,"column":14}},"type":"default-arg","locations":[{"start":{"line":98,"column":10},"end":{"line":98,"column":14}}],"line":98},"2":{"loc":{"start":{"line":139,"column":4},"end":{"line":187,"column":5}},"type":"if","locations":[{"start":{"line":139,"column":4},"end":{"line":187,"column":5}},{"start":{"line":163,"column":11},"end":{"line":187,"column":5}}],"line":139},"3":{"loc":{"start":{"line":139,"column":8},"end":{"line":139,"column":27}},"type":"binary-expr","locations":[{"start":{"line":139,"column":8},"end":{"line":139,"column":12}},{"start":{"line":139,"column":16},"end":{"line":139,"column":27}}],"line":139},"4":{"loc":{"start":{"line":141,"column":20},"end":{"line":141,"column":48}},"type":"binary-expr","locations":[{"start":{"line":141,"column":20},"end":{"line":141,"column":42}},{"start":{"line":141,"column":46},"end":{"line":141,"column":48}}],"line":141},"5":{"loc":{"start":{"line":142,"column":21},"end":{"line":142,"column":50}},"type":"binary-expr","locations":[{"start":{"line":142,"column":21},"end":{"line":142,"column":44}},{"start":{"line":142,"column":48},"end":{"line":142,"column":50}}],"line":142},"6":{"loc":{"start":{"line":143,"column":23},"end":{"line":143,"column":55}},"type":"binary-expr","locations":[{"start":{"line":143,"column":23},"end":{"line":143,"column":48}},{"start":{"line":143,"column":52},"end":{"line":143,"column":55}}],"line":143},"7":{"loc":{"start":{"line":144,"column":13},"end":{"line":144,"column":34}},"type":"binary-expr","locations":[{"start":{"line":144,"column":13},"end":{"line":144,"column":28}},{"start":{"line":144,"column":32},"end":{"line":144,"column":34}}],"line":144},"8":{"loc":{"start":{"line":145,"column":12},"end":{"line":145,"column":32}},"type":"binary-expr","locations":[{"start":{"line":145,"column":12},"end":{"line":145,"column":26}},{"start":{"line":145,"column":30},"end":{"line":145,"column":32}}],"line":145},"9":{"loc":{"start":{"line":146,"column":14},"end":{"line":146,"column":36}},"type":"binary-expr","locations":[{"start":{"line":146,"column":14},"end":{"line":146,"column":30}},{"start":{"line":146,"column":34},"end":{"line":146,"column":36}}],"line":146},"10":{"loc":{"start":{"line":147,"column":12},"end":{"line":147,"column":32}},"type":"binary-expr","locations":[{"start":{"line":147,"column":12},"end":{"line":147,"column":26}},{"start":{"line":147,"column":30},"end":{"line":147,"column":32}}],"line":147},"11":{"loc":{"start":{"line":148,"column":12},"end":{"line":148,"column":32}},"type":"binary-expr","locations":[{"start":{"line":148,"column":12},"end":{"line":148,"column":26}},{"start":{"line":148,"column":30},"end":{"line":148,"column":32}}],"line":148},"12":{"loc":{"start":{"line":149,"column":18},"end":{"line":149,"column":44}},"type":"binary-expr","locations":[{"start":{"line":149,"column":18},"end":{"line":149,"column":38}},{"start":{"line":149,"column":42},"end":{"line":149,"column":44}}],"line":149},"13":{"loc":{"start":{"line":150,"column":16},"end":{"line":150,"column":40}},"type":"binary-expr","locations":[{"start":{"line":150,"column":16},"end":{"line":150,"column":34}},{"start":{"line":150,"column":38},"end":{"line":150,"column":40}}],"line":150},"14":{"loc":{"start":{"line":151,"column":13},"end":{"line":151,"column":34}},"type":"binary-expr","locations":[{"start":{"line":151,"column":13},"end":{"line":151,"column":28}},{"start":{"line":151,"column":32},"end":{"line":151,"column":34}}],"line":151},"15":{"loc":{"start":{"line":152,"column":19},"end":{"line":152,"column":46}},"type":"binary-expr","locations":[{"start":{"line":152,"column":19},"end":{"line":152,"column":40}},{"start":{"line":152,"column":44},"end":{"line":152,"column":46}}],"line":152},"16":{"loc":{"start":{"line":153,"column":16},"end":{"line":153,"column":40}},"type":"binary-expr","locations":[{"start":{"line":153,"column":16},"end":{"line":153,"column":34}},{"start":{"line":153,"column":38},"end":{"line":153,"column":40}}],"line":153},"17":{"loc":{"start":{"line":154,"column":19},"end":{"line":154,"column":46}},"type":"binary-expr","locations":[{"start":{"line":154,"column":19},"end":{"line":154,"column":40}},{"start":{"line":154,"column":44},"end":{"line":154,"column":46}}],"line":154},"18":{"loc":{"start":{"line":155,"column":19},"end":{"line":155,"column":46}},"type":"binary-expr","locations":[{"start":{"line":155,"column":19},"end":{"line":155,"column":40}},{"start":{"line":155,"column":44},"end":{"line":155,"column":46}}],"line":155},"19":{"loc":{"start":{"line":156,"column":16},"end":{"line":156,"column":40}},"type":"binary-expr","locations":[{"start":{"line":156,"column":16},"end":{"line":156,"column":34}},{"start":{"line":156,"column":38},"end":{"line":156,"column":40}}],"line":156},"20":{"loc":{"start":{"line":157,"column":16},"end":{"line":157,"column":40}},"type":"binary-expr","locations":[{"start":{"line":157,"column":16},"end":{"line":157,"column":34}},{"start":{"line":157,"column":38},"end":{"line":157,"column":40}}],"line":157},"21":{"loc":{"start":{"line":158,"column":21},"end":{"line":158,"column":52}},"type":"binary-expr","locations":[{"start":{"line":158,"column":21},"end":{"line":158,"column":44}},{"start":{"line":158,"column":48},"end":{"line":158,"column":52}}],"line":158},"22":{"loc":{"start":{"line":159,"column":16},"end":{"line":159,"column":43}},"type":"binary-expr","locations":[{"start":{"line":159,"column":16},"end":{"line":159,"column":34}},{"start":{"line":159,"column":38},"end":{"line":159,"column":43}}],"line":159},"23":{"loc":{"start":{"line":160,"column":18},"end":{"line":160,"column":45}},"type":"binary-expr","locations":[{"start":{"line":160,"column":18},"end":{"line":160,"column":38}},{"start":{"line":160,"column":42},"end":{"line":160,"column":45}}],"line":160},"24":{"loc":{"start":{"line":161,"column":21},"end":{"line":161,"column":50}},"type":"binary-expr","locations":[{"start":{"line":161,"column":21},"end":{"line":161,"column":44}},{"start":{"line":161,"column":48},"end":{"line":161,"column":50}}],"line":161},"25":{"loc":{"start":{"line":163,"column":11},"end":{"line":187,"column":5}},"type":"if","locations":[{"start":{"line":163,"column":11},"end":{"line":187,"column":5}},{"start":{},"end":{}}],"line":163},"26":{"loc":{"start":{"line":163,"column":15},"end":{"line":163,"column":35}},"type":"binary-expr","locations":[{"start":{"line":163,"column":15},"end":{"line":163,"column":19}},{"start":{"line":163,"column":23},"end":{"line":163,"column":35}}],"line":163},"27":{"loc":{"start":{"line":203,"column":13},"end":{"line":203,"column":80}},"type":"cond-expr","locations":[{"start":{"line":203,"column":25},"end":{"line":203,"column":52}},{"start":{"line":203,"column":55},"end":{"line":203,"column":80}}],"line":203},"28":{"loc":{"start":{"line":207,"column":9},"end":{"line":211,"column":9}},"type":"binary-expr","locations":[{"start":{"line":207,"column":9},"end":{"line":207,"column":14}},{"start":{"line":208,"column":10},"end":{"line":210,"column":18}}],"line":207},"29":{"loc":{"start":{"line":572,"column":11},"end":{"line":572,"column":76}},"type":"binary-expr","locations":[{"start":{"line":572,"column":11},"end":{"line":572,"column":23}},{"start":{"line":572,"column":27},"end":{"line":572,"column":76}}],"line":572}},"s":{"0":0,"1":0,"2":0,"3":0,"4":0,"5":0,"6":0,"7":0,"8":0,"9":0,"10":0,"11":0,"12":0,"13":0,"14":0,"15":0,"16":0,"17":0,"18":0,"19":0,"20":0,"21":0,"22":0,"23":0,"24":0,"25":0,"26":0,"27":0,"28":0,"29":0,"30":0,"31":0,"32":0,"33":0,"34":0,"35":0,"36":0},"f":{"0":0,"1":0,"2":0,"3":0,"4":0,"5":0,"6":0,"7":0,"8":0,"9":0,"10":0,"11":0,"12":0,"13":0,"14":0,"15":0,"16":0,"17":0,"18":0,"19":0,"20":0,"21":0,"22":0,"23":0,"24":0},"b":{"0":[0],"1":[0],"2":[0,0],"3":[0,0],"4":[0,0],"5":[0,0],"6":[0,0],"7":[0,0],"8":[0,0],"9":[0,0],"10":[0,0],"11":[0,0],"12":[0,0],"13":[0,0],"14":[0,0],"15":[0,0],"16":[0,0],"17":[0,0],"18":[0,0],"19":[0,0],"20":[0,0],"21":[0,0],"22":[0,0],"23":[0,0],"24":[0,0],"25":[0,0],"26":[0,0],"27":[0,0],"28":[0,0],"29":[0,0]}}
,"C:\\Projetos\\Locador\\locador-financial\\src\\frontend\\src\\components\\forms\\ContaBancariaForm.tsx": {"path":"C:\\Projetos\\Locador\\locador-financial\\src\\frontend\\src\\components\\forms\\ContaBancariaForm.tsx","statementMap":{"0":{"start":{"line":72,"column":28},"end":{"line":89,"column":2}},"1":{"start":{"line":91,"column":67},"end":{"line":550,"column":1}},"2":{"start":{"line":99,"column":16},"end":{"line":99,"column":32}},"3":{"start":{"line":100,"column":20},"end":{"line":100,"column":33}},"4":{"start":{"line":102,"column":15},"end":{"line":122,"column":4}},"5":{"start":{"line":129,"column":6},"end":{"line":129,"column":10}},"6":{"start":{"line":132,"column":2},"end":{"line":172,"column":33}},"7":{"start":{"line":133,"column":4},"end":{"line":171,"column":5}},"8":{"start":{"line":134,"column":6},"end":{"line":151,"column":9}},"9":{"start":{"line":152,"column":11},"end":{"line":171,"column":5}},"10":{"start":{"line":153,"column":6},"end":{"line":170,"column":9}},"11":{"start":{"line":174,"column":22},"end":{"line":176,"column":3}},"12":{"start":{"line":175,"column":4},"end":{"line":175,"column":14}},"13":{"start":{"line":178,"column":27},"end":{"line":187,"column":3}},"14":{"start":{"line":179,"column":26},"end":{"line":184,"column":5}},"15":{"start":{"line":186,"column":4},"end":{"line":186,"column":28}},"16":{"start":{"line":189,"column":2},"end":{"line":549,"column":4}},"17":{"start":{"line":212,"column":18},"end":{"line":223,"column":29}},"18":{"start":{"line":219,"column":41},"end":{"line":219,"column":86}},"19":{"start":{"line":232,"column":18},"end":{"line":243,"column":29}},"20":{"start":{"line":239,"column":41},"end":{"line":239,"column":86}},"21":{"start":{"line":254,"column":16},"end":{"line":260,"column":27}},"22":{"start":{"line":270,"column":18},"end":{"line":276,"column":29}},"23":{"start":{"line":285,"column":18},"end":{"line":291,"column":29}},"24":{"start":{"line":300,"column":18},"end":{"line":306,"column":29}},"25":{"start":{"line":315,"column":18},"end":{"line":321,"column":29}},"26":{"start":{"line":330,"column":18},"end":{"line":345,"column":29}},"27":{"start":{"line":354,"column":18},"end":{"line":366,"column":29}},"28":{"start":{"line":362,"column":41},"end":{"line":362,"column":88}},"29":{"start":{"line":375,"column":18},"end":{"line":385,"column":29}},"30":{"start":{"line":394,
[...]
":3}},"loc":{"start":{"line":44,"column":74},"end":{"line":51,"column":3}},"line":44},"4":{"name":"(anonymous_4)","decl":{"start":{"line":56,"column":2},"end":{"line":56,"column":3}},"loc":{"start":{"line":56,"column":45},"end":{"line":63,"column":3}},"line":56},"5":{"name":"(anonymous_5)","decl":{"start":{"line":68,"column":2},"end":{"line":68,"column":3}},"loc":{"start":{"line":68,"column":88},"end":{"line":75,"column":3}},"line":68},"6":{"name":"(anonymous_6)","decl":{"start":{"line":118,"column":16},"end":{"line":118,"column":17}},"loc":{"start":{"line":118,"column":68},"end":{"line":120,"column":5}},"line":118},"7":{"name":"(anonymous_7)","decl":{"start":{"line":121,"column":19},"end":{"line":121,"column":20}},"loc":{"start":{"line":121,"column":88},"end":{"line":128,"column":5}},"line":121},"8":{"name":"(anonymous_8)","decl":{"start":{"line":129,"column":21},"end":{"line":129,"column":22}},"loc":{"start":{"line":129,"column":32},"end":{"line":131,"column":5}},"line":129},"9":{"name":"(anonymous_9)","decl":{"start":{"line":132,"column":16},"end":{"line":132,"column":17}},"loc":{"start":{"line":132,"column":27},"end":{"line":134,"column":5}},"line":132},"10":{"name":"(anonymous_10)","decl":{"start":{"line":136,"column":17},"end":{"line":136,"column":18}},"loc":{"start":{"line":136,"column":30},"end":{"line":236,"column":3}},"line":136},"11":{"name":"(anonymous_11)","decl":{"start":{"line":139,"column":41},"end":{"line":139,"column":42}},"loc":{"start":{"line":139,"column":52},"end":{"line":142,"column":7}},"line":139},"12":{"name":"(anonymous_12)","decl":{"start":{"line":143,"column":43},"end":{"line":143,"column":44}},"loc":{"start":{"line":143,"column":116},"end":{"line":149,"column":7}},"line":143},"13":{"name":"(anonymous_13)","decl":{"start":{"line":150,"column":42},"end":{"line":150,"column":43}},"loc":{"start":{"line":150,"column":61},"end":{"line":153,"column":7}},"line":150},"14":{"name":"(anonymous_14)","decl":{"start":{"line":155,"column":40},"end":{"line":155,"column":41}},"loc":{"start":{"line":155,"column":51},"end":{"line":158,"column":7}},"line":155},"15":{"name":"(anonymous_15)","decl":{"start":{"line":159,"column":42},"end":{"line":159,"column":43}},"loc":{"start":{"line":159,"column":96},"end":{"line":162,"column":7}},"line":159},"16":{"name":"(anonymous_16)","decl":{"start":{"line":163,"column":41},"end":{"line":163,"column":42}},"loc":{"start":{"line":163,"column":60},"end":{"line":166,"column":7}},"line":163},"17":{"name":"(anonymous_17)","decl":{"start":{"line":168,"column":41},"end":{"line":168,"column":42}},"loc":{"start":{"line":168,"column":52},"end":{"line":171,"column":7}},"line":168},"18":{"name":"(anonymous_18)","decl":{"start":{"line":172,"column":43},"end":{"line":172,"column":44}},"loc":{"start":{"line":172,"column":97},"end":{"line":176,"column":7}},"line":172},"19":{"name":"(anonymous_19)","decl":{"start":{"line":177,"column":42},"end":{"line":177,"column":43}},"loc":{"start":{"line":177,"column":61},"end":{"line":180,"column":7}},"line":177},"20":{"name":"(anonymous_20)","decl":{"start":{"line":182,"column":41},"end":{"line":182,"column":42}},"loc":{"start":{"line":182,"column":52},"end":{"line":185,"column":7}},"line":182},"21":{"name":"(anonymous_21)","decl":{"start":{"line":186,"column":43},"end":{"line":186,"column":44}},"loc":{"start":{"line":186,"column":97},"end":{"line":195,"column":7}},"line":186},"22":{"name":"(anonymous_22)","decl":{"start":{"line":188,"column":50},"end":{"line":188,"column":51}},"loc":{"start":{"line":188,"column":55},"end":{"line":188,"column":103}},"line":188},"23":{"name":"(anonymous_23)","decl":{"start":{"line":196,"column":42},"end":{"line":196,"column":43}},"loc":{"start":{"line":196,"column":61},"end":{"line":199,"column":7}},"line":196},"24":{"name":"(anonymous_24)","decl":{"start":{"line":201,"column":41},"end":{"line":201,"column":42}},"loc":{"start":{"line":201,"column":52},"end":{"line":204,"column":7}},"line":201},"25":{"name":"(anonymous_25)","decl":{"start":{"line":205,"column":43},"end":{"line":205,"column":44}},"loc":{"start":{"line":205,"column":85},"end":{"line":212,"column":7}},"line":205},"26":{"name":"(anonymous_26)","decl":{"start":{"line":207,"column":53},"end":{"line":207,"column":54}},"loc":{"start":{"line":207,"column":58},"end":{"line":207,"column":92}},"line":207},"27":{"name":"(anonymous_27)","decl":{"start":{"line":213,"column":42},"end":{"line":213,"column":43}},"loc":{"start":{"line":213,"column":61},"end":{"line":216,"column":7}},"line":213},"28":{"name":"(anonymous_28)","decl":{"start":{"line":218,"column":42},"end":{"line":218,"column":43}},"loc":{"start":{"line":218,"column":53},"end":{"line":221,"column":7}},"line":218},"29":{"name":"(anonymous_29)","decl":{"start":{"line":222,"column":44},"end":{"line":222,"column":45}},"loc":{"start":{"line":222,"column":98},"end":{"line":231,"column":7}},"line":222},"30":{"name":"(anonymous_30)","decl":{"start":{"line":224,"column":50},"end":{"line":224,"column":51}},"loc":{"start":{"line":224,"column":55},"end":{"line":224,"column":103}},"line":224},"31":{"name":"(anonymous_31)","decl":{"start":{"line":232,"column":43},"end":{"line":232,"column":44}},"loc":{"start":{"line":232,"column":62},"end":{"line":235,"column":7}},"line":232},"32":{"name":"(anonymous_32)","decl":{"start":{"line":248,"column":33},"end":{"line":248,"column":34}},"loc":{"start":{"line":248,"column":79},"end":{"line":248,"column":108}},"line":248},"33":{"name":"(anonymous_33)","decl":{"start":{"line":249,"column":32},"end":{"line":249,"column":33}},"loc":{"start":{"line":249,"column":78},"end":{"line":249,"column":106}},"line":249},"34":{"name":"(anonymous_34)","decl":{"start":{"line":250,"column":40},"end":{"line":250,"column":41}},"loc":{"start":{"line":250,"column":86},"end":{"line":250,"column":111}},"line":250},"35":{"name":"(anonymous_35)","decl":{"start":{"line":251,"column":38},"end":{"line":251,"column":39}},"loc":{"start":{"line":251,"column":84},"end":{"line":251,"column":107}},"line":251},"36":{"name":"(anonymous_36)","decl":{"start":{"line":252,"column":43},"end":{"line":252,"column":44}},"loc":{"start":{"line":252,"column":89},"end":{"line":252,"column":117}},"line":252},"37":{"name":"(anonymous_37)","decl":{"start":{"line":253,"column":40},"end":{"line":253,"column":41}},"loc":{"start":{"line":253,"column":86},"end":{"line":253,"column":111}},"line":253},"38":{"name":"(anonymous_38)","decl":{"start":{"line":254,"column":43},"end":{"line":254,"column":44}},"loc":{"start":{"line":254,"column":89},"end":{"line":254,"column":117}},"line":254}},"branchMap":{"0":{"loc":{"start":{"line":13,"column":29},"end":{"line":13,"column":89}},"type":"binary-expr","locations":[{"start":{"line":13,"column":29},"end":{"line":13,"column":57}},{"start":{"line":13,"column":61},"end":{"line":13,"column":89}}],"line":13},"1":{"loc":{"start":{"line":25,"column":29},"end":{"line":25,"column":88}},"type":"binary-expr","locations":[{"start":{"line":25,"column":29},"end":{"line":25,"column":57}},{"start":{"line":25,"column":61},"end":{"line":25,"column":88}}],"line":25},"2":{"loc":{"start":{"line":37,"column":29},"end":{"line":37,"column":87}},"type":"binary-expr","locations":[{"start":{"line":37,"column":29},"end":{"line":37,"column":57}},{"start":{"line":37,"column":61},"end":{"line":37,"column":87}}],"line":37},"3":{"loc":{"start":{"line":49,"column":29},"end":{"line":49,"column":91}},"type":"binary-expr","locations":[{"start":{"line":49,"column":29},"end":{"line":49,"column":57}},{"start":{"line":49,"column":61},"end":{"line":49,"column":91}}],"line":49},"4":{"loc":{"start":{"line":61,"column":29},"end":{"line":61,"column":89}},"type":"binary-expr","locations":[{"start":{"line":61,"column":29},"end":{"line":61,"column":57}},{"start":{"line":61,"column":61},"end":{"line":61,"column":89}}],"line":61},"5":{"loc":{"start":{"line":73,"column":29},"end":{"line":73,"column":91}},"type":"binary-expr","locations":[{"start":{"line":73,"column":29},"end":{"line":73,"column":57}},{"start":{"line":73,"column":61},"end":{"line":73,"column":91}}],"line":73},"6":{"loc":{"start":{"line":122,"column":6},"end":{"line":124,"column":7}},"type":"if","locations":[{"start":{"line":122,"column":6},"end":{"line":124,"column":7}},{"start":{},"end":{}}],"line":122},"7":{"loc":{"start":{"line":125,"column":6},"end":{"line":127,"column":7}},"type":"if","locations":[{"start":{"line":125,"column":6},"end":{"line":127,"column":7}},{"start":{},"end":{}}],"line":125},"8":{"loc":{"start":{"line":189,"column":8},"end":{"line":191,"column":9}},"type":"if","locations":[{"start":{"line":189,"column":8},"end":{"line":191,"column":9}},{"start":{},"end":{}}],"line":189},"9":{"loc":{"start":{"line":192,"column":8},"end":{"line":194,"column":9}},"type":"if","locations":[{"start":{"line":192,"column":8},"end":{"line":194,"column":9}},{"start":{},"end":{}}],"line":192},"10":{"loc":{"start":{"line":192,"column":12},"end":{"line":192,"column":95}},"type":"binary-expr","locations":[{"start":{"line":192,"column":12},"end":{"line":192,"column":28}},{"start":{"line":192,"column":32},"end":{"line":192,"column":95}}],"line":192},"11":{"loc":{"start":{"line":209,"column":8},"end":{"line":211,"column":9}},"type":"if","locations":[{"start":{"line":209,"column":8},"end":{"line":211,"column":9}},{"start":{},"end":{}}],"line":209},"12":{"loc":{"start":{"line":209,"column":12},"end":{"line":209,"column":81}},"type":"binary-expr","locations":[{"start":{"line":209,"column":12},"end":{"line":209,"column":28}},{"start":{"line":209,"column":32},"end":{"line":209,"column":81}}],"line":209},"13":{"loc":{"start":{"line":225,"column":8},"end":{"line":227,"column":9}},"type":"if","locations":[{"start":{"line":225,"column":8},"end":{"line":227,"column":9}},{"start":{},"end":{}}],"line":225},"14":{"loc":{"start":{"line":228,"column":8},"end":{"line":230,"column":9}},"type":"if","locations":[{"start":{"line":228,"column":8},"end":{"line":230,"column":9}},{"start":{},"end":{}}],"line":228},"15":{"loc":{"start":{"line":228,"column":12},"end":{"line":228,"column":95}},"type":"binary-expr","locations":[{"start":{"line":228,"column":12},"end":{"line":228,"column":28}},{"start":{"line":228,"column":32},"end":{"line":228,"column":95}}],"line":228}},"s":{"0":0,"1":0,"2":0,"3":0,"4":0,"5":0,"6":0,"7":0,"8":0,"9":0,"10":0,"11":0,"12":0,"13":0,"14":0,"15":0,"16":0,"17":0,"18":0,"19":0,"20":0,"21":0,"22":0,"23":0,"24":0,"25":0,"26":0,"27":0,"28":0,"29":0,"30":0,"31":0,"32":0,"33":0,"34":0,"35":0,"36":0,"37":0,"38":0,"39":0,"40":0,"41":0,"42":0,"43":0,"44":0,"45":0,"46":0,"47":0,"48":0,"49":0,"50":0,"51":0,"52":0,"53":0,"54":0,"55":0,"56":0,"57":0,"58":0,"59":0,"60":0,"61":0,"62":0,"63":0,"64":0,"65":0,"66":0,"67":0,"68":0,"69":0,"70":0,"71":0,"72":0,"73":0,"74":0,"75":0,"76":0,"77":0,"78":0,"79":0,"80":0,"81":0,"82":0,"83":0,"84":0,"85":0,"86":0,"87":0,"88":0,"89":0,"90":0,"91":0,"92":0,"93":0,"94":0,"95":0,"96":0,"97":0,"98":0,"99":0,"100":0,"101":0,"102":0,"103":0,"104":0,"105":0,"106":0,"107":0,"108":0},"f":{"0":0,"1":0,"2":0,"3":0,"4":0,"5":0,"6":0,"7":0,"8":0,"9":0,"10":0,"11":0,"12":0,"13":0,"14":0,"15":0,"16":0,"17":0,"18":0,"19":0,"20":0,"21":0,"22":0,"23":0,"24":0,"25":0,"26":0,"27":0,"28":0,"29":0,"30":0,"31":0,"32":0,"33":0,"34":0,"35":0,"36":0,"37":0,"38":0},"b":{"0":[0,0],"1":[0,0],"2":[0,0],"3":[0,0],"4":[0,0],"5":[0,0],"6":[0,0],"7":[0,0],"8":[0,0],"9":[0,0],"10":[0,0],"11":[0,0],"12":[0,0],"13":[0,0],"14":[0,0],"15":[0,0]}}
,"C:\\Projetos\\Locador\\locador-financial\\src\\frontend\\src\\store\\slices\\uiSlice.ts": {"path":"C:\\Projetos\\Locador\\locador-financial\\src\\frontend\\src\\store\\slices\\uiSlice.ts","statementMap":{"0":{"start":{"line":25,"column":30},"end":{"line":31,"column":1}},"1":{"start":{"line":33,"column":23},"end":{"line":117,"column":2}},"2":{"start":{"line":38,"column":6},"end":{"line":38,"column":63}},"3":{"start":{"line":41,"column":6},"end":{"line":41,"column":45}},"4":{"start":{"line":44,"column":6},"end":{"line":44,"column":41}},"5":{"start":{"line":47,"column":6},"end":{"line":47,"column":65}},"6":{"start":{"line":50,"column":6},"end":{"line":50,"column":43}},"7":{"start":{"line":53,"column":6},"end":{"line":53,"column":43}},"8":{"start":{"line":56,"column":6},"end":{"line":56,"column":25}},"9":{"start":{"line":57,"column":6},"end":{"line":57,"column":34}},"10":{"start":{"line":60,"column":45},"end":{"line":64,"column":7}},"11":{"start":{"line":65,"column":6},"end":{"line":65,"column":45}},"12":{"start":{"line":68,"column":6},"end":{"line":70,"column":8}},"13":{"start":{"line":69,"column":26},"end":{"line":69,"column":60}},"14":{"start":{"line":73,"column":6},"end":{"line":73,"column":31}},"15":{"start":{"line":76,"column":45},"end":{"line":82,"column":7}},"16":{"start":{"line":83,"column":6},"end":{"line":83,"column":45}},"17":{"start":{"line":86,"column":45},"end":{"line":93,"column":7}},"18":{"start":{"line":94,"column":6},"end":{"line":94,"column":45}},"19":{"start":{"line":97,"column":45},"end":{"line":103,"column":7}},"20":{"start":{"line":104,"column":6},"end":{"line":104,"column":45}},"21":{"start":{"line":107,"column":45},"end":{"line":113,"column":7}},"22":{"start":{"line":114,"column":6},"end":{"line":114,"column":45}},"23":{"start":{"line":134,"column":4},"end":{"line":134,"column":19}},"24":{"start":{"line":137,"column":32},"end":{"line":137,"column":50}},"25":{"start":{"line":138,"column":33},"end":{"line":138,"column":51}},"26":{"start":{"line":141,"column":27},"end":{"line":141,"column":69}},"27":{"start":{"line":141,"column":55},"end":{"line":141,"column":69}},"28":{"start":{"line":142,"column":33},"end":{"line":142,"column":81}},"29":{"start":{"line":142,"column":61},"end":{"line":142,"column":81}},"30":{"start":{"line":143,"column":29},"end":{"line":143,"column":100}},"31":{"start":{"line":143,"column":70},"end":{"line":143,"column":100}},"32":{"start":{"line":144,"column":35},"end":{"line":144,"column":85}},"33":{"start":{"line":144,"column":63},"end":{"line":144,"column":85}},"34":{"start":{"line":145,"column":35},"end":{"line":145,"column":85}},"35":{"start":{"line":145,"column":63},"end":{"line":145,"column":85}},"36":{"start":{"line":146,"column":34},"end":{"line":147,"column":84}},"37":{"start":{"line":147,"column":2},"end":{"line":147,"column":84}},"38":{"start":{"line":147,"column":76},"end":{"line":147,"column":83}}},"fnMap":{"0":{"name":"(anonymous_0)","decl":{"start":{"line":37,"column":17},"end":{"line":37,"column":18}},"loc":{"start":{"line":37,"column":28},"end":{"line":39,"column":5}},"line":37},"1":{"name":"(anonymous_1)","decl":{"start":{"line":40,"column":19},"end":{"line":40,"column":20}},"loc":{"start":{"line":40,"column":30},"end":{"line":42,"column":5}},"line":40},"2":{"name":"(anonymous_2)","decl":{"start":{"line":43,"column":20},"end":{"line":43,"column":21}},"loc":{"start":{"line":43,"column":63},"end":{"line":45,"column":5}},"line":43},"3":{"name":"(anonymous_3)","decl":{"start":{"line":46,"column":16},"end":{"line":46,"column":17}},"loc":{"start":{"line":46,"column":85},"end":{"line":48,"column":5}},"line":46},"4":{"name":"(anonymous_4)","decl":{"start":{"line":49,"column":22},"end":{"line":49,"column":23}},"loc":{"start":{"line":49,"column":65},"end":{"line":51,"column":5}},"line":49},"5":{"name":"(anonymous_5)","decl":{"start":{"line":52,"column":18},"end":{"line":52,"column":19}},"loc":{"start":{"line":52,"column":60},"end":{"line":54,"column":5}},"line":52},"6":{"name":"(anonymous_6)","decl":{"start":{"line":55,"column":21},"end":{"line":55,"column":22}},"loc":{"start":{"line":55,"column":32},"end":{"line":58,"column":5}},"line":55},"7":{"name":"(anonymous_7)","decl":{"start":{"line":59,"column":21},"end":{"line":59,"column":22}},"loc":{"start":{"line":59,"column":99},"end":{"line":66,"column":5}},"line":59},"8":{"name":"(anonymous_8)","decl":{"start":{"line":67,"column":24},"end":{"line":67,"column":25}},"loc":{"start":{"line":67,"column":66},"end":{"line":71,"column":5}},"line":67},"9":{"name":"(anonymous_9)","decl":{"start":{"line":69,"column":8},"end":{"line":69,"column":9}},"loc":{"start":{"line":69,"column":26},"end":{"line":69,"column":60}},"line":69},"10":{"name":"(anonymous_10)","decl":{"start":{"line":72,"column":24},"end":{"line":72,"column":25}},"loc":{"start":{"line":72,"column":35},"end":{"line":74,"column":5}},"line":72},"11":{"name":"(anonymous_11)","decl":{"start":{"line":75,"column":17},"end":{"line":75,"column":18}},"loc":{"start":{"line":75,"column":88},"end":{"line":84,"column":5}},"line":75},"12":{"name":"(anonymous_12)","decl":{"start":{"line":85,"column":15},"end":{"line":85,"column":16}},"loc":{"start":{"line":85,"column":86},"end":{"line":95,"column":5}},"line":85},"13":{"name":"(anonymous_13)","decl":{"start":{"line":96,"column":17},"end":{"line":96,"column":18}},"loc":{"start":{"line":96,"column":88},"end":{"line":105,"column":5}},"line":96},"14":{"name":"(anonymous_14)","decl":{"start":{"line":106,"column":14},"end":{"line":106,"column":15}},"loc":{"start":{"line":106,"column":85},"end":{"line":115,"column":5}},"line":106},"15":{"name":"(anonymous_15)","decl":{"start":{"line":141,"column":27},"end":{"line":141,"column":28}},"loc":{"start":{"line":141,"column":55},"end":{"line":141,"column":69}},"line":141},"16":{"name":"(anonymous_16)","decl":{"start":{"line":142,"column":33},"end":{"line":142,"column":34}},"loc":{"start":{"line":142,"column":61},"end":{"line":142,"column":81}},"line":142},"17":{"name":"(anonymous_17)","decl":{"start":{"line":143,"column":29},"end":{"line":143,"column":30}},"loc":{"start":{"line":143,"column":70},"end":{"line":143,"column":100}},"line":143},"18":{"name":"(anonymous_18)","decl":{"start":{"line":144,"column":35},"end":{"line":144,"column":36}},"loc":{"start":{"line":144,"column":63},"end":{"line":144,"column":85}},"line":144},"19":{"name":"(anonymous_19)","decl":{"start":{"line":145,"column":35},"end":{"line":145,"column":36}},"loc":{"start":{"line":145,"column":63},"end":{"line":145,"column":85}},"line":145},"20":{"name":"(anonymous_20)","decl":{"start":{"line":146,"column":34},"end":{"line":146,"column":35}},"loc":{"start":{"line":147,"column":2},"end":{"line":147,"column":84}},"line":147},"21":{"name":"(anonymous_21)","decl":{"start":{"line":147,"column":65},"end":{"line":147,"column":66}},"loc":{"start":{"line":147,"column":76},"end":{"line":147,"column":83}},"line":147}},"branchMap":{"0":{"loc":{"start":{"line":38,"column":20},"end":{"line":38,"column":62}},"type":"cond-expr","locations":[{"start":{"line":38,"column":46},"end":{"line":38,"column":52}},{"start":{"line":38,"column":55},"end":{"line":38,"column":62}}],"line":38},"1":{"loc":{"start":{"line":143,"column":70},"end":{"line":143,"column":100}},"type":"binary-expr","locations":[{"start":{"line":143,"column":70},"end":{"line":143,"column":91}},{"start":{"line":143,"column":95},"end":{"line":143,"column":100}}],"line":143},"2":{"loc":{"start":{"line":147,"column":2},"end":{"line":147,"column":84}},"type":"binary-expr","locations":[{"start":{"line":147,"column":2},"end":{"line":147,"column":24}},{"start":{"line":147,"column":28},"end":{"line":147,"column":84}}],"line":147}},"s":{"0":3,"1":3,"2":0,"3":0,"4":0,"5":0,"6":0,"7":0,"8":0,"9":0,"10":0,"11":0,"12":0,"13":0,"14":0,"15":0,"16":0,"17":0,"18":0,"19":0,"20":0,"21":0,"22":0,"23":3,"24":3,"25":3,"26":3,"27":0,"28":3,"29":0,"30":3,"31":0,"32":3,"33":0,"34":3,"35":0,"36":3,"37":0,"38":0},"f":{"0":0,"1":0,"2":0,"3":0,"4":0,"5":0,"6":0,"7":0,"8":0,"9":0,"10":0,"11":0,"12":0,"13":0,"14":0,"15":0,"16":0,"17":0,"18":0,"19":0,"20":0,"21":0},"b":{"0":[0,0],"1":[0,0],"2":[0,0]},"_coverageSchema":"1a1c01bbd47fc00a2c39e90264f33305004495a9","hash":"8e2d0bf201ad16597510bd2ba6f97c1d880639c2"}
,"C:\\Projetos\\Locador\\locador-financial\\src\\frontend\\src\\types\\lancamentosDoDia.ts": {"path":"C:\\Projetos\\Locador\\locador-financial\\src\\frontend\\src\\types\\lancamentosDoDia.ts","statementMap":{},"fnMap":{},"branchMap":{},"s":{},"f":{},"b":{}}
}
