TN:
SF:src\App.tsx
FN:26,App
FN:43,AppContent
FN:48,(anonymous_2)
FNF:3
FNH:1
FNDA:2,App
FNDA:0,AppContent
FNDA:0,(anonymous_2)
DA:27,2
DA:29,2
DA:30,2
DA:33,0
DA:44,0
DA:45,0
DA:46,0
DA:48,0
DA:49,0
DA:52,0
LF:10
LH:3
BRDA:29,0,0,2
BRDA:29,0,1,0
BRDA:54,1,0,0
BRDA:54,1,1,0
BRF:4
BRH:1
end_of_record
TN:
SF:src\index.tsx
FNF:0
FNH:0
DA:13,0
DA:23,0
DA:27,0
LF:3
LH:0
BRF:0
BRH:0
end_of_record
TN:
SF:src\components\AppBreadcrumb.tsx
FN:20,(anonymous_0)
FN:38,(anonymous_1)
FN:51,(anonymous_2)
FN:82,(anonymous_3)
FNF:4
FNH:0
FNDA:0,(anonymous_0)
FNDA:0,(anonymous_1)
FNDA:0,(anonymous_2)
FNDA:0,(anonymous_3)
DA:20,1
DA:21,0
DA:22,0
DA:25,0
DA:38,0
DA:39,0
DA:40,0
DA:43,0
DA:50,0
DA:51,0
DA:52,0
DA:53,0
DA:56,0
DA:57,0
DA:60,0
DA:62,0
DA:69,0
DA:72,0
DA:75,0
DA:76,0
DA:79,0
DA:83,0
LF:22
LH:1
BRDA:46,0,0,0
BRDA:46,0,1,0
BRDA:56,1,0,0
BRDA:56,1,1,0
BRDA:60,2,0,0
BRDA:60,2,1,0
BRDA:75,3,0,0
BRDA:75,3,1,0
BRDA:75,4,0,0
BRDA:75,4,1,0
BRDA:85,5,0,0
BRDA:85,5,1,0
BRDA:87,6,0,0
BRDA:87,6,1,0
BRDA:93,7,0,0
BRDA:93,7,1,0
BRDA:99,8,0,0
BRDA:99,8,1,0
BRF:18
BRH:0
end_of_record
TN:
SF:src\components\AuthGuard.tsx
FN:13,(anonymous_0)
FN:15,(anonymous_1)
FN:18,(anonymous_2)
FN:19,(anonymous_3)
FNF:4
FNH:0
FNDA:0,(anonymous_0)
FNDA:0,(anonymous_1)
FNDA:0,(anonymous_2)
FNDA:0,(anonymous_3)
DA:13,1
DA:14,0
DA:15,0
DA:16,0
DA:18,0
DA:19,0
DA:20,0
DA:21,0
DA:22,0
DA:23,0
DA:25,0
DA:28,0
DA:31,0
DA:34,0
DA:35,0
DA:42,0
DA:43,0
DA:46,0
LF:18
LH:1
BRDA:20,0,0,0
BRDA:20,0,1,0
BRDA:20,1,0,0
BRDA:20,1,1,0
BRDA:34,2,0,0
BRDA:34,2,1,0
BRDA:34,3,0,0
BRDA:34,3,1,0
BRDA:42,4,0,0
BRDA:42,4,1,0
BRF:10
BRH:0
end_of_record
TN:
SF:src\components\Layout.tsx
FN:11,(anonymous_0)
FN:12,(anonymous_1)
FNF:2
FNH:0
FNDA:0,(anonymous_0)
FNDA:0,(anonymous_1)
DA:11,1
DA:12,0
DA:13,0
DA:15,0
LF:4
LH:1
BRF:0
BRH:0
end_of_record
TN:
SF:src\components\Sidebar.tsx
FN:26,(anonymous_0)
FN:32,(anonymous_1)
FN:33,(anonymous_2)
FN:37,(anonymous_3)
FN:96,(anonymous_4)
FN:132,(anonymous_5)
FN:135,(anonymous_6)
FN:160,(anonymous_7)
FNF:8
FNH:0
FNDA:0,(anonymous_0)
FNDA:0,(anonymous_1)
FNDA:0,(anonymous_2)
FNDA:0,(anonymous_3)
FNDA:0,(anonymous_4)
FNDA:0,(anonymous_5)
FNDA:0,(anonymous_6)
FNDA:0,(anonymous_7)
DA:26,1
DA:27,0
DA:28,0
DA:29,0
DA:30,0
DA:32,0
DA:33,0
DA:35,0
DA:37,0
DA:38,0
DA:39,0
DA:43,0
DA:96,0
DA:97,0
DA:98,0
DA:102,0
DA:133,0
DA:135,0
DA:158,0
DA:159,0
DA:160,0
DA:168,0
LF:22
LH:1
BRDA:38,0,0,0
BRDA:38,0,1,0
BRDA:116,1,0,0
BRDA:116,1,1,0
BRDA:139,2,0,0
BRDA:139,2,1,0
BRDA:158,3,0,0
BRDA:158,3,1,0
BRDA:160,4,0,0
BRDA:160,4,1,0
BRDA:172,5,0,0
BRDA:172,5,1,0
BRDA:174,6,0,0
BRDA:174,6,1,0
BRF:14
BRH:0
end_of_record
TN:
SF:src\components\TopBar.tsx
FN:26,(anonymous_0)
FN:31,(anonymous_1)
FN:32,(anonymous_2)
FN:35,(anonymous_3)
FN:40,(anonymous_4)
FN:44,(anonymous_5)
FN:48,(anonymous_6)
FN:52,(anonymous_7)
FNF:8
FNH:0
FNDA:0,(anonymous_0)
FNDA:0,(anonymous_1)
FNDA:0,(anonymous_2)
FNDA:0,(anonymous_3)
FNDA:0,(anonymous_4)
FNDA:0,(anonymous_5)
FNDA:0,(anonymous_6)
FNDA:0,(anonymous_7)
DA:26,1
DA:27,0
DA:28,0
DA:29,0
DA:31,0
DA:32,0
DA:33,0
DA:35,0
DA:36,0
DA:37,0
DA:40,0
DA:41,0
DA:44,0
DA:45,0
DA:48,0
DA:49,0
DA:52,0
DA:53,0
DA:54,0
DA:55,0
DA:56,0
DA:59,0
LF:22
LH:1
BRDA:49,0,0,0
BRDA:49,0,1,0
BRDA:53,1,0,0
BRDA:53,1,1,0
BRDA:55,2,0,0
BRDA:55,2,1,0
BRDA:84,3,0,0
BRDA:84,3,1,0
BRDA:88,4,0,0
BRDA:88,4,1,0
BRF:10
BRH:0
end_of_record
TN:
SF:src\components\test-components.tsx
FN:27,TestComponents
FN:39,(anonymous_1)
FN:129,(anonymous_2)
FN:146,(anonymous_3)
FN:160,(anonymous_4)
FN:183,(anonymous_5)
FN:214,(anonymous_6)
FN:237,(anonymous_7)
FNF:8
FNH:0
FNDA:0,TestComponents
FNDA:0,(anonymous_1)
FNDA:0,(anonymous_2)
FNDA:0,(anonymous_3)
FNDA:0,(anonymous_4)
FNDA:0,(anonymous_5)
FNDA:0,(anonymous_6)
FNDA:0,(anonymous_7)
DA:28,0
DA:39,0
DA:40,0
DA:41,0
DA:44,0
DA:130,0
DA:147,0
DA:161,0
DA:184,0
DA:215,0
DA:238,0
LF:11
LH:0
BRF:0
BRH:0
end_of_record
TN:
SF:src\components\theme-provider.tsx
FN:18,(anonymous_0)
FN:23,ThemeProvider
FN:30,(anonymous_2)
FN:33,(anonymous_3)
FN:53,(anonymous_4)
FN:66,(anonymous_5)
FNF:6
FNH:0
FNDA:0,(anonymous_0)
FNDA:0,ThemeProvider
FNDA:0,(anonymous_2)
FNDA:0,(anonymous_3)
FNDA:0,(anonymous_4)
FNDA:0,(anonymous_5)
DA:16,1
DA:18,0
DA:21,1
DA:29,0
DA:30,0
DA:33,0
DA:34,0
DA:36,0
DA:38,0
DA:39,0
DA:44,0
DA:45,0
DA:48,0
DA:51,0
DA:54,0
DA:55,0
DA:59,0
DA:66,1
DA:67,0
DA:69,0
DA:70,0
DA:72,0
LF:22
LH:3
BRDA:25,0,0,0
BRDA:26,1,0,0
BRDA:30,2,0,0
BRDA:30,2,1,0
BRDA:38,3,0,0
BRDA:38,3,1,0
BRDA:39,4,0,0
BRDA:39,4,1,0
BRDA:69,5,0,0
BRDA:69,5,1,0
BRF:10
BRH:0
end_of_record
TN:
SF:src\components\theme-toggle.tsx
FN:7,ThemeToggle
FN:10,(anonymous_1)
FNF:2
FNH:0
FNDA:0,ThemeToggle
FNDA:0,(anonymous_1)
DA:8,0
DA:10,0
DA:11,0
DA:12,0
DA:13,0
DA:14,0
DA:16,0
DA:20,0
LF:8
LH:0
BRDA:11,0,0,0
BRDA:11,0,1,0
BRDA:13,1,0,0
BRDA:13,1,1,0
BRF:4
BRH:0
end_of_record
TN:
SF:src\components\examples\FormExample.tsx
FN:14,(anonymous_0)
FN:35,(anonymous_1)
FN:48,(anonymous_2)
FN:60,(anonymous_3)
FN:65,(anonymous_4)
FN:80,(anonymous_5)
FN:82,(anonymous_6)
FN:113,(anonymous_7)
FN:114,(anonymous_8)
FN:129,(anonymous_9)
FN:130,(anonymous_10)
FN:146,(anonymous_11)
FN:147,(anonymous_12)
FNF:13
FNH:0
FNDA:0,(anonymous_0)
FNDA:0,(anonymous_1)
FNDA:0,(anonymous_2)
FNDA:0,(anonymous_3)
FNDA:0,(anonymous_4)
FNDA:0,(anonymous_5)
FNDA:0,(anonymous_6)
FNDA:0,(anonymous_7)
FNDA:0,(anonymous_8)
FNDA:0,(anonymous_9)
FNDA:0,(anonymous_10)
FNDA:0,(anonymous_11)
FNDA:0,(anonymous_12)
DA:14,0
DA:15,0
DA:26,0
DA:32,0
DA:35,0
DA:36,0
DA:38,0
DA:40,0
DA:42,0
DA:44,0
DA:48,0
DA:49,0
DA:52,0
DA:53,0
DA:54,0
DA:60,0
DA:61,0
DA:64,0
DA:65,0
DA:66,0
DA:67,0
DA:68,0
DA:69,0
DA:73,0
DA:75,0
DA:79,0
DA:82,0
DA:85,0
DA:86,0
DA:89,0
DA:100,0
DA:113,0
DA:114,0
DA:129,0
DA:130,0
DA:146,0
DA:147,0
LF:37
LH:0
BRDA:36,0,0,0
BRDA:36,0,1,0
BRDA:36,0,2,0
BRDA:36,0,3,0
BRDA:38,1,0,0
BRDA:38,1,1,0
BRDA:40,2,0,0
BRDA:40,2,1,0
BRDA:42,3,0,0
BRDA:42,3,1,0
BRDA:42,4,0,0
BRDA:42,4,1,0
BRDA:52,5,0,0
BRDA:52,5,1,0
BRDA:54,6,0,0
BRDA:54,6,1,0
BRDA:68,7,0,0
BRDA:68,7,1,0
BRDA:73,8,0,0
BRDA:73,8,1,0
BRDA:85,9,0,0
BRDA:85,9,1,0
BRDA:115,10,0,0
BRDA:115,10,1,0
BRDA:118,11,0,0
BRDA:118,11,1,0
BRDA:131,12,0,0
BRDA:131,12,1,0
BRDA:134,13,0,0
BRDA:134,13,1,0
BRDA:148,14,0,0
BRDA:148,14,1,0
BRDA:151,15,0,0
BRDA:151,15,1,0
BRDA:159,16,0,0
BRDA:159,16,1,0
BRDA:162,17,0,0
BRDA:162,17,1,0
BRF:38
BRH:0
end_of_record
TN:
SF:src\components\forms\CategoriaForm.tsx
FN:63,(anonymous_0)
FN:93,(anonymous_1)
FN:113,(anonymous_2)
FN:117,(anonymous_3)
FN:142,(anonymous_4)
FN:157,(anonymous_5)
FN:173,(anonymous_6)
FN:197,(anonymous_7)
FN:205,(anonymous_8)
FN:219,(anonymous_9)
FNF:10
FNH:0
FNDA:0,(anonymous_0)
FNDA:0,(anonymous_1)
FNDA:0,(anonymous_2)
FNDA:0,(anonymous_3)
FNDA:0,(anonymous_4)
FNDA:0,(anonymous_5)
FNDA:0,(anonymous_6)
FNDA:0,(anonymous_7)
FNDA:0,(anonymous_8)
FNDA:0,(anonymous_9)
DA:55,1
DA:63,1
DA:71,0
DA:72,0
DA:74,0
DA:90,0
DA:93,0
DA:94,0
DA:95,0
DA:102,0
DA:103,0
DA:113,0
DA:114,0
DA:117,0
DA:118,0
DA:121,0
DA:143,0
DA:158,0
DA:174,0
DA:198,0
DA:205,0
DA:220,0
LF:22
LH:2
BRDA:68,0,0,0
BRDA:69,1,0,0
BRDA:94,2,0,0
BRDA:94,2,1,0
BRDA:94,3,0,0
BRDA:94,3,1,0
BRDA:96,4,0,0
BRDA:96,4,1,0
BRDA:97,5,0,0
BRDA:97,5,1,0
BRDA:98,6,0,0
BRDA:98,6,1,0
BRDA:99,7,0,0
BRDA:99,7,1,0
BRDA:100,8,0,0
BRDA:100,8,1,0
BRDA:102,9,0,0
BRDA:102,9,1,0
BRDA:102,10,0,0
BRDA:102,10,1,0
BRDA:126,11,0,0
BRDA:126,11,1,0
BRDA:130,12,0,0
BRDA:130,12,1,0
BRDA:161,13,0,0
BRDA:161,13,1,0
BRDA:205,14,0,0
BRDA:205,14,1,0
BRDA:206,15,0,0
BRDA:206,15,1,0
BRDA:249,16,0,0
BRDA:249,16,1,0
BRDA:250,17,0,0
BRDA:250,17,1,0
BRF:34
BRH:0
end_of_record
TN:
SF:src\components\forms\ClienteForm.tsx
FN:92,(anonymous_0)
FN:138,(anonymous_1)
FN:190,(anonymous_2)
FN:194,(anonymous_3)
FN:221,(anonymous_4)
FN:237,(anonymous_5)
FN:260,(anonymous_6)
FN:275,(anonymous_7)
FN:290,(anonymous_8)
FN:305,(anonymous_9)
FN:320,(anonymous_10)
FN:335,(anonymous_11)
FN:350,(anonymous_12)
FN:365,(anonymous_13)
FN:380,(anonymous_14)
FN:395,(anonymous_15)
FN:411,(anonymous_16)
FN:427,(anonymous_17)
FN:442,(anonymous_18)
FN:457,(anonymous_19)
FN:472,(anonymous_20)
FN:488,(anonymous_21)
FN:504,(anonymous_22)
FN:522,(anonymous_23)
FN:541,(anonymous_24)
FNF:25
FNH:0
FNDA:0,(anonymous_0)
FNDA:0,(anonymous_1)
FNDA:0,(anonymous_2)
FNDA:0,(anonymous_3)
FNDA:0,(anonymous_4)
FNDA:0,(anonymous_5)
FNDA:0,(anonymous_6)
FNDA:0,(anonymous_7)
FNDA:0,(anonymous_8)
FNDA:0,(anonymous_9)
FNDA:0,(anonymous_10)
FNDA:0,(anonymous_11)
FNDA:0,(anonymous_12)
FNDA:0,(anonymous_13)
FNDA:0,(anonymous_14)
FNDA:0,(anonymous_15)
FNDA:0,(anonymous_16)
FNDA:0,(anonymous_17)
FNDA:0,(anonymous_18)
FNDA:0,(anonymous_19)
FNDA:0,(anonymous_20)
FNDA:0,(anonymous_21)
FNDA:0,(anonymous_22)
FNDA:0,(anonymous_23)
FNDA:0,(anonymous_24)
DA:68,1
DA:92,1
DA:100,0
DA:101,0
DA:103,0
DA:135,0
DA:138,0
DA:139,0
DA:140,0
DA:163,0
DA:164,0
DA:190,0
DA:191,0
DA:194,0
DA:195,0
DA:198,0
DA:222,0
DA:238,0
DA:261,0
DA:276,0
DA:291,0
DA:306,0
DA:321,0
DA:336,0
DA:351,0
DA:366,0
DA:381,0
DA:396,0
DA:412,0
DA:428,0
DA:443,0
DA:458,0
DA:473,0
DA:489,0
DA:505,0
DA:523,0
DA:542,0
LF:37
LH:2
BRDA:97,0,0,0
BRDA:98,1,0,0
BRDA:139,2,0,0
BRDA:139,2,1,0
BRDA:139,3,0,0
BRDA:139,3,1,0
BRDA:141,4,0,0
BRDA:141,4,1,0
BRDA:142,5,0,0
BRDA:142,5,1,0
BRDA:143,6,0,0
BRDA:143,6,1,0
BRDA:144,7,0,0
BRDA:144,7,1,0
BRDA:145,8,0,0
BRDA:145,8,1,0
BRDA:146,9,0,0
BRDA:146,9,1,0
BRDA:147,10,0,0
BRDA:147,10,1,0
BRDA:148,11,0,0
BRDA:148,11,1,0
BRDA:149,12,0,0
BRDA:149,12,1,0
BRDA:150,13,0,0
BRDA:150,13,1,0
BRDA:151,14,0,0
BRDA:151,14,1,0
BRDA:152,15,0,0
BRDA:152,15,1,0
BRDA:153,16,0,0
BRDA:153,16,1,0
BRDA:154,17,0,0
BRDA:154,17,1,0
BRDA:155,18,0,0
BRDA:155,18,1,0
BRDA:156,19,0,0
BRDA:156,19,1,0
BRDA:157,20,0,0
BRDA:157,20,1,0
BRDA:158,21,0,0
BRDA:158,21,1,0
BRDA:159,22,0,0
BRDA:159,22,1,0
BRDA:160,23,0,0
BRDA:160,23,1,0
BRDA:161,24,0,0
BRDA:161,24,1,0
BRDA:163,25,0,0
BRDA:163,25,1,0
BRDA:163,26,0,0
BRDA:163,26,1,0
BRDA:203,27,0,0
BRDA:203,27,1,0
BRDA:207,28,0,0
BRDA:207,28,1,0
BRDA:572,29,0,0
BRDA:572,29,1,0
BRF:58
BRH:0
end_of_record
TN:
SF:src\components\forms\ContaBancariaForm.tsx
FN:91,(anonymous_0)
FN:132,(anonymous_1)
FN:174,(anonymous_2)
FN:178,(anonymous_3)
FN:211,(anonymous_4)
FN:219,(anonymous_5)
FN:231,(anonymous_6)
FN:239,(anonymous_7)
FN:253,(anonymous_8)
FN:269,(anonymous_9)
FN:284,(anonymous_10)
FN:299,(anonymous_11)
FN:314,(anonymous_12)
FN:329,(anonymous_13)
FN:353,(anonymous_14)
FN:362,(anonymous_15)
FN:374,(anonymous_16)
FN:393,(anonymous_17)
FN:427,(anonymous_18)
FN:454,(anonymous_19)
FN:482,(anonymous_20)
FN:501,(anonymous_21)
FN:516,(anonymous_22)
FNF:23
FNH:0
FNDA:0,(anonymous_0)
FNDA:0,(anonymous_1)
FNDA:0,(anonymous_2)
FNDA:0,(anonymous_3)
FNDA:0,(anonymous_4)
FNDA:0,(anonymous_5)
FNDA:0,(anonymous_6)
FNDA:0,(anonymous_7)
FNDA:0,(anonymous_8)
FNDA:0,(anonymous_9)
FNDA:0,(anonymous_10)
FNDA:0,(anonymous_11)
FNDA:0,(anonymous_12)
FNDA:0,(anonymous_13)
FNDA:0,(anonymous_14)
FNDA:0,(anonymous_15)
FNDA:0,(anonymous_16)
FNDA:0,(anonymous_17)
FNDA:0,(anonymous_18)
FNDA:0,(anonymous_19)
FNDA:0,(anonymous_20)
FNDA:0,(anonymous_21)
FNDA:0,(anonymous_22)
DA:72,0
DA:91,0
DA:99,0
DA:100,0
DA:102,0
DA:129,0
DA:132,0
DA:133,0
DA:134,0
DA:152,0
DA:153,0
DA:174,0
DA:175,0
DA:178,0
DA:179,0
DA:186,0
DA:189,0
DA:212,0
DA:219,0
DA:232,0
DA:239,0
DA:254,0
DA:270,0
DA:285,0
DA:300,0
DA:315,0
DA:330,0
DA:354,0
DA:362,0
DA:375,0
DA:394,0
DA:428,0
DA:455,0
DA:483,0
DA:502,0
DA:517,0
LF:36
LH:0
BRDA:96,0,0,0
BRDA:97,1,0,0
BRDA:133,2,0,0
BRDA:133,2,1,0
BRDA:133,3,0,0
BRDA:133,3,1,0
BRDA:135,4,0,0
BRDA:135,4,1,0
BRDA:136,5,0,0
BRDA:136,5,1,0
BRDA:137,6,0,0
BRDA:137,6,1,0
BRDA:138,7,0,0
BRDA:138,7,1,0
BRDA:139,8,0,0
BRDA:139,8,1,0
BRDA:140,9,0,0
BRDA:140,9,1,0
BRDA:141,10,0,0
BRDA:141,10,1,0
BRDA:142,11,0,0
BRDA:142,11,1,0
BRDA:143,12,0,0
BRDA:143,12,1,0
BRDA:144,13,0,0
BRDA:144,13,1,0
BRDA:145,14,0,0
BRDA:145,14,1,0
BRDA:146,15,0,0
BRDA:146,15,1,0
BRDA:147,16,0,0
BRDA:147,16,1,0
BRDA:148,17,0,0
BRDA:148,17,1,0
BRDA:149,18,0,0
BRDA:149,18,1,0
BRDA:150,19,0,0
BRDA:150,19,1,0
BRDA:152,20,0,0
BRDA:152,20,1,0
BRDA:152,21,0,0
BRDA:152,21,1,0
BRDA:194,22,0,0
BRDA:194,22,1,0
BRDA:198,23,0,0
BRDA:198,23,1,0
BRDA:219,24,0,0
BRDA:219,24,1,0
BRDA:239,25,0,0
BRDA:239,25,1,0
BRDA:362,26,0,0
BRDA:362,26,1,0
BRDA:543,27,0,0
BRDA:543,27,1,0
BRDA:544,28,0,0
BRDA:544,28,1,0
BRF:56
BRH:0
end_of_record
TN:
SF:src\components\forms\ContaPagarForm.tsx
FN:84,(anonymous_0)
FN:123,(anonymous_1)
FN:161,(anonymous_2)
FN:165,(anonymous_3)
FN:204,(anonymous_4)
FN:212,(anonymous_5)
FN:224,(anonymous_6)
FN:232,(anonymous_7)
FN:244,(anonymous_8)
FN:253,(anonymous_9)
FN:265,(anonymous_10)
FN:274,(anonymous_11)
FN:286,(anonymous_12)
FN:313,(anonymous_13)
FN:327,(anonymous_14)
FN:354,(anonymous_15)
FN:368,(anonymous_16)
FN:377,(anonymous_17)
FN:389,(anonymous_18)
FN:404,(anonymous_19)
FN:413,(anonymous_20)
FN:425,(anonymous_21)
FN:434,(anonymous_22)
FN:446,(anonymous_23)
FN:471,(anonymous_24)
FN:486,(anonymous_25)
FN:502,(anonymous_26)
FNF:27
FNH:16
FNDA:6,(anonymous_0)
FNDA:2,(anonymous_1)
FNDA:0,(anonymous_2)
FNDA:0,(anonymous_3)
FNDA:4,(anonymous_4)
FNDA:0,(anonymous_5)
FNDA:4,(anonymous_6)
FNDA:0,(anonymous_7)
FNDA:4,(anonymous_8)
FNDA:0,(anonymous_9)
FNDA:4,(anonymous_10)
FNDA:0,(anonymous_11)
FNDA:4,(anonymous_12)
FNDA:0,(anonymous_13)
FNDA:4,(anonymous_14)
FNDA:0,(anonymous_15)
FNDA:4,(anonymous_16)
FNDA:0,(anonymous_17)
FNDA:4,(anonymous_18)
FNDA:4,(anonymous_19)
FNDA:0,(anonymous_20)
FNDA:4,(anonymous_21)
FNDA:0,(anonymous_22)
FNDA:4,(anonymous_23)
FNDA:4,(anonymous_24)
FNDA:4,(anonymous_25)
FNDA:4,(anonymous_26)
DA:67,2
DA:84,2
DA:92,6
DA:93,6
DA:95,6
DA:120,6
DA:123,6
DA:124,2
DA:125,1
DA:141,1
DA:142,1
DA:161,6
DA:162,0
DA:165,6
DA:166,0
DA:179,0
DA:182,6
DA:205,4
DA:212,0
DA:225,4
DA:232,0
DA:245,4
DA:253,0
DA:266,4
DA:274,0
DA:287,4
DA:313,0
DA:328,4
DA:354,0
DA:369,4
DA:377,0
DA:390,4
DA:405,4
DA:413,0
DA:426,4
DA:434,0
DA:447,4
DA:472,4
DA:487,4
DA:503,4
LF:40
LH:28
BRDA:89,0,0,6
BRDA:90,1,0,6
BRDA:124,2,0,1
BRDA:124,2,1,1
BRDA:124,3,0,2
BRDA:124,3,1,2
BRDA:126,4,0,1
BRDA:126,4,1,0
BRDA:127,5,0,1
BRDA:127,5,1,0
BRDA:128,6,0,1
BRDA:128,6,1,1
BRDA:129,7,0,1
BRDA:129,7,1,1
BRDA:130,8,0,0
BRDA:130,8,1,1
BRDA:131,9,0,1
BRDA:131,9,1,0
BRDA:132,10,0,1
BRDA:132,10,1,0
BRDA:133,11,0,1
BRDA:133,11,1,0
BRDA:134,12,0,1
BRDA:134,12,1,1
BRDA:135,13,0,1
BRDA:135,13,1,1
BRDA:136,14,0,1
BRDA:136,14,1,1
BRDA:137,15,0,1
BRDA:137,15,1,1
BRDA:138,16,0,1
BRDA:138,16,1,1
BRDA:139,17,0,1
BRDA:139,17,1,1
BRDA:141,18,0,1
BRDA:141,18,1,0
BRDA:141,19,0,1
BRDA:141,19,1,1
BRDA:170,20,0,0
BRDA:170,20,1,0
BRDA:171,21,0,0
BRDA:171,21,1,0
BRDA:172,22,0,0
BRDA:172,22,1,0
BRDA:173,23,0,0
BRDA:173,23,1,0
BRDA:175,24,0,0
BRDA:175,24,1,0
BRDA:176,25,0,0
BRDA:176,25,1,0
BRDA:187,26,0,3
BRDA:187,26,1,3
BRDA:191,27,0,6
BRDA:191,27,1,0
BRDA:212,28,0,0
BRDA:212,28,1,0
BRDA:232,29,0,0
BRDA:232,29,1,0
BRDA:252,30,0,4
BRDA:252,30,1,4
BRDA:253,31,0,0
BRDA:253,31,1,0
BRDA:273,32,0,4
BRDA:273,32,1,4
BRDA:274,33,0,0
BRDA:274,33,1,0
BRDA:296,34,0,4
BRDA:296,34,1,4
BRDA:299,35,0,0
BRDA:299,35,1,4
BRDA:311,36,0,4
BRDA:311,36,1,4
BRDA:313,37,0,0
BRDA:313,37,1,0
BRDA:337,38,0,4
BRDA:337,38,1,2
BRDA:340,39,0,2
BRDA:340,39,1,2
BRDA:352,40,0,4
BRDA:352,40,1,2
BRDA:377,41,0,0
BRDA:377,41,1,0
BRDA:412,42,0,4
BRDA:412,42,1,0
BRDA:413,43,0,0
BRDA:413,43,1,0
BRDA:433,44,0,4
BRDA:433,44,1,0
BRDA:434,45,0,0
BRDA:434,45,1,0
BRDA:529,46,0,6
BRDA:529,46,1,0
BRDA:530,47,0,0
BRDA:530,47,1,6
BRF:94
BRH:53
end_of_record
TN:
SF:src\components\forms\ContaReceberForm.tsx
FN:80,(anonymous_0)
FN:121,(anonymous_1)
FN:167,(anonymous_2)
FN:171,(anonymous_3)
FN:215,(anonymous_4)
FN:223,(anonymous_5)
FN:240,(anonymous_6)
FN:248,(anonymous_7)
FN:268,(anonymous_8)
FN:277,(anonymous_9)
FN:294,(anonymous_10)
FN:303,(anonymous_11)
FN:322,(anonymous_12)
FN:330,(anonymous_13)
FN:346,(anonymous_14)
FN:354,(anonymous_15)
FN:370,(anonymous_16)
FN:378,(anonymous_17)
FN:395,(anonymous_18)
FN:405,(anonymous_19)
FN:421,(anonymous_20)
FN:445,(anonymous_21)
FN:467,(anonymous_22)
FN:491,(anonymous_23)
FN:500,(anonymous_24)
FN:516,(anonymous_25)
FN:525,(anonymous_26)
FN:541,(anonymous_27)
FN:550,(anonymous_28)
FN:567,(anonymous_29)
FN:586,(anonymous_30)
FN:594,(anonymous_31)
FN:612,(anonymous_32)
FN:640,(anonymous_33)
FNF:34
FNH:0
FNDA:0,(anonymous_0)
FNDA:0,(anonymous_1)
FNDA:0,(anonymous_2)
FNDA:0,(anonymous_3)
FNDA:0,(anonymous_4)
FNDA:0,(anonymous_5)
FNDA:0,(anonymous_6)
FNDA:0,(anonymous_7)
FNDA:0,(anonymous_8)
FNDA:0,(anonymous_9)
FNDA:0,(anonymous_10)
FNDA:0,(anonymous_11)
FNDA:0,(anonymous_12)
FNDA:0,(anonymous_13)
FNDA:0,(anonymous_14)
FNDA:0,(anonymous_15)
FNDA:0,(anonymous_16)
FNDA:0,(anonymous_17)
FNDA:0,(anonymous_18)
FNDA:0,(anonymous_19)
FNDA:0,(anonymous_20)
FNDA:0,(anonymous_21)
FNDA:0,(anonymous_22)
FNDA:0,(anonymous_23)
FNDA:0,(anonymous_24)
FNDA:0,(anonymous_25)
FNDA:0,(anonymous_26)
FNDA:0,(anonymous_27)
FNDA:0,(anonymous_28)
FNDA:0,(anonymous_29)
FNDA:0,(anonymous_30)
FNDA:0,(anonymous_31)
FNDA:0,(anonymous_32)
FNDA:0,(anonymous_33)
DA:59,1
DA:80,1
DA:88,0
DA:89,0
DA:96,0
DA:121,0
DA:122,0
DA:123,0
DA:143,0
DA:144,0
DA:167,0
DA:168,0
DA:171,0
DA:172,0
DA:188,0
DA:191,0
DA:216,0
DA:223,0
DA:241,0
DA:248,0
DA:269,0
DA:277,0
DA:295,0
DA:303,0
DA:323,0
DA:330,0
DA:347,0
DA:354,0
DA:371,0
DA:378,0
DA:396,0
DA:405,0
DA:422,0
DA:446,0
DA:468,0
DA:492,0
DA:500,0
DA:517,0
DA:525,0
DA:542,0
DA:550,0
DA:568,0
DA:587,0
DA:594,0
DA:613,0
DA:641,0
LF:46
LH:2
BRDA:85,0,0,0
BRDA:86,1,0,0
BRDA:122,2,0,0
BRDA:122,2,1,0
BRDA:122,3,0,0
BRDA:122,3,1,0
BRDA:124,4,0,0
BRDA:124,4,1,0
BRDA:125,5,0,0
BRDA:125,5,1,0
BRDA:126,6,0,0
BRDA:126,6,1,0
BRDA:127,7,0,0
BRDA:127,7,1,0
BRDA:128,8,0,0
BRDA:128,8,1,0
BRDA:129,9,0,0
BRDA:129,9,1,0
BRDA:130,10,0,0
BRDA:130,10,1,0
BRDA:131,11,0,0
BRDA:131,11,1,0
BRDA:132,12,0,0
BRDA:132,12,1,0
BRDA:133,13,0,0
BRDA:133,13,1,0
BRDA:134,14,0,0
BRDA:134,14,1,0
BRDA:135,15,0,0
BRDA:135,15,1,0
BRDA:136,16,0,0
BRDA:136,16,1,0
BRDA:137,17,0,0
BRDA:137,17,1,0
BRDA:138,18,0,0
BRDA:138,18,1,0
BRDA:139,19,0,0
BRDA:139,19,1,0
BRDA:140,20,0,0
BRDA:140,20,1,0
BRDA:141,21,0,0
BRDA:141,21,1,0
BRDA:143,22,0,0
BRDA:143,22,1,0
BRDA:143,23,0,0
BRDA:143,23,1,0
BRDA:176,24,0,0
BRDA:176,24,1,0
BRDA:177,25,0,0
BRDA:177,25,1,0
BRDA:178,26,0,0
BRDA:178,26,1,0
BRDA:179,27,0,0
BRDA:179,27,1,0
BRDA:180,28,0,0
BRDA:180,28,1,0
BRDA:181,29,0,0
BRDA:181,29,1,0
BRDA:183,30,0,0
BRDA:183,30,1,0
BRDA:184,31,0,0
BRDA:184,31,1,0
BRDA:185,32,0,0
BRDA:185,32,1,0
BRDA:196,33,0,0
BRDA:196,33,1,0
BRDA:200,34,0,0
BRDA:200,34,1,0
BRDA:222,35,0,0
BRDA:222,35,1,0
BRDA:223,36,0,0
BRDA:223,36,1,0
BRDA:225,37,0,0
BRDA:225,37,1,0
BRDA:227,38,0,0
BRDA:227,38,1,0
BRDA:247,39,0,0
BRDA:247,39,1,0
BRDA:248,40,0,0
BRDA:248,40,1,0
BRDA:250,41,0,0
BRDA:250,41,1,0
BRDA:252,42,0,0
BRDA:252,42,1,0
BRDA:275,43,0,0
BRDA:275,43,1,0
BRDA:276,44,0,0
BRDA:276,44,1,0
BRDA:277,45,0,0
BRDA:277,45,1,0
BRDA:279,46,0,0
BRDA:279,46,1,0
BRDA:281,47,0,0
BRDA:281,47,1,0
BRDA:301,48,0,0
BRDA:301,48,1,0
BRDA:302,49,0,0
BRDA:302,49,1,0
BRDA:303,50,0,0
BRDA:303,50,1,0
BRDA:305,51,0,0
BRDA:305,51,1,0
BRDA:307,52,0,0
BRDA:307,52,1,0
BRDA:328,53,0,0
BRDA:328,53,1,0
BRDA:329,54,0,0
BRDA:329,54,1,0
BRDA:330,55,0,0
BRDA:330,55,1,0
BRDA:332,56,0,0
BRDA:332,56,1,0
BRDA:333,57,0,0
BRDA:333,57,1,0
BRDA:352,58,0,0
BRDA:352,58,1,0
BRDA:353,59,0,0
BRDA:353,59,1,0
BRDA:354,60,0,0
BRDA:354,60,1,0
BRDA:356,61,0,0
BRDA:356,61,1,0
BRDA:357,62,0,0
BRDA:357,62,1,0
BRDA:376,63,0,0
BRDA:376,63,1,0
BRDA:377,64,0,0
BRDA:377,64,1,0
BRDA:378,65,0,0
BRDA:378,65,1,0
BRDA:380,66,0,0
BRDA:380,66,1,0
BRDA:381,67,0,0
BRDA:381,67,1,0
BRDA:403,68,0,0
BRDA:403,68,1,0
BRDA:404,69,0,0
BRDA:404,69,1,0
BRDA:405,70,0,0
BRDA:405,70,1,0
BRDA:407,71,0,0
BRDA:407,71,1,0
BRDA:408,72,0,0
BRDA:408,72,1,0
BRDA:426,73,0,0
BRDA:426,73,1,0
BRDA:427,74,0,0
BRDA:427,74,1,0
BRDA:429,75,0,0
BRDA:429,75,1,0
BRDA:430,76,0,0
BRDA:430,76,1,0
BRDA:450,77,0,0
BRDA:450,77,1,0
BRDA:451,78,0,0
BRDA:451,78,1,0
BRDA:453,79,0,0
BRDA:453,79,1,0
BRDA:454,80,0,0
BRDA:454,80,1,0
BRDA:472,81,0,0
BRDA:472,81,1,0
BRDA:473,82,0,0
BRDA:473,82,1,0
BRDA:475,83,0,0
BRDA:475,83,1,0
BRDA:476,84,0,0
BRDA:476,84,1,0
BRDA:498,85,0,0
BRDA:498,85,1,0
BRDA:499,86,0,0
BRDA:499,86,1,0
BRDA:500,87,0,0
BRDA:500,87,1,0
BRDA:502,88,0,0
BRDA:502,88,1,0
BRDA:503,89,0,0
BRDA:503,89,1,0
BRDA:523,90,0,0
BRDA:523,90,1,0
BRDA:524,91,0,0
BRDA:524,91,1,0
BRDA:525,92,0,0
BRDA:525,92,1,0
BRDA:527,93,0,0
BRDA:527,93,1,0
BRDA:528,94,0,0
BRDA:528,94,1,0
BRDA:548,95,0,0
BRDA:548,95,1,0
BRDA:549,96,0,0
BRDA:549,96,1,0
BRDA:550,97,0,0
BRDA:550,97,1,0
BRDA:552,98,0,0
BRDA:552,98,1,0
BRDA:553,99,0,0
BRDA:553,99,1,0
BRDA:592,100,0,0
BRDA:592,100,1,0
BRDA:593,101,0,0
BRDA:593,101,1,0
BRDA:594,102,0,0
BRDA:594,102,1,0
BRDA:596,103,0,0
BRDA:596,103,1,0
BRDA:597,104,0,0
BRDA:597,104,1,0
BRDA:615,105,0,0
BRDA:615,105,1,0
BRDA:625,106,0,0
BRDA:625,106,1,0
BRDA:626,107,0,0
BRDA:626,107,1,0
BRDA:646,108,0,0
BRDA:646,108,1,0
BRDA:649,109,0,0
BRDA:649,109,1,0
BRDA:650,110,0,0
BRDA:650,110,1,0
BRDA:668,111,0,0
BRDA:668,111,1,0
BRDA:669,112,0,0
BRDA:669,112,1,0
BRF:224
BRH:0
end_of_record
TN:
SF:src\components\forms\EmpresaForm.tsx
FN:70,(anonymous_0)
FN:105,(anonymous_1)
FN:139,(anonymous_2)
FN:143,(anonymous_3)
FN:170,(anonymous_4)
FN:193,(anonymous_5)
FN:217,(anonymous_6)
FN:239,(anonymous_7)
FN:263,(anonymous_8)
FN:287,(anonymous_9)
FN:311,(anonymous_10)
FN:333,(anonymous_11)
FN:355,(anonymous_12)
FN:377,(anonymous_13)
FN:401,(anonymous_14)
FN:406,(anonymous_15)
FN:419,(anonymous_16)
FNF:17
FNH:0
FNDA:0,(anonymous_0)
FNDA:0,(anonymous_1)
FNDA:0,(anonymous_2)
FNDA:0,(anonymous_3)
FNDA:0,(anonymous_4)
FNDA:0,(anonymous_5)
FNDA:0,(anonymous_6)
FNDA:0,(anonymous_7)
FNDA:0,(anonymous_8)
FNDA:0,(anonymous_9)
FNDA:0,(anonymous_10)
FNDA:0,(anonymous_11)
FNDA:0,(anonymous_12)
FNDA:0,(anonymous_13)
FNDA:0,(anonymous_14)
FNDA:0,(anonymous_15)
FNDA:0,(anonymous_16)
DA:55,1
DA:70,1
DA:78,0
DA:79,0
DA:86,0
DA:105,0
DA:106,0
DA:107,0
DA:121,0
DA:122,0
DA:139,0
DA:140,0
DA:143,0
DA:144,0
DA:147,0
DA:171,0
DA:194,0
DA:218,0
DA:240,0
DA:264,0
DA:288,0
DA:312,0
DA:334,0
DA:356,0
DA:378,0
DA:402,0
DA:406,0
DA:420,0
LF:28
LH:2
BRDA:75,0,0,0
BRDA:76,1,0,0
BRDA:106,2,0,0
BRDA:106,2,1,0
BRDA:106,3,0,0
BRDA:106,3,1,0
BRDA:108,4,0,0
BRDA:108,4,1,0
BRDA:109,5,0,0
BRDA:109,5,1,0
BRDA:110,6,0,0
BRDA:110,6,1,0
BRDA:111,7,0,0
BRDA:111,7,1,0
BRDA:112,8,0,0
BRDA:112,8,1,0
BRDA:113,9,0,0
BRDA:113,9,1,0
BRDA:114,10,0,0
BRDA:114,10,1,0
BRDA:115,11,0,0
BRDA:115,11,1,0
BRDA:116,12,0,0
BRDA:116,12,1,0
BRDA:117,13,0,0
BRDA:117,13,1,0
BRDA:118,14,0,0
BRDA:118,14,1,0
BRDA:119,15,0,0
BRDA:119,15,1,0
BRDA:121,16,0,0
BRDA:121,16,1,0
BRDA:121,17,0,0
BRDA:121,17,1,0
BRDA:152,18,0,0
BRDA:152,18,1,0
BRDA:156,19,0,0
BRDA:156,19,1,0
BRDA:175,20,0,0
BRDA:175,20,1,0
BRDA:177,21,0,0
BRDA:177,21,1,0
BRDA:179,22,0,0
BRDA:179,22,1,0
BRDA:198,23,0,0
BRDA:198,23,1,0
BRDA:200,24,0,0
BRDA:200,24,1,0
BRDA:202,25,0,0
BRDA:202,25,1,0
BRDA:222,26,0,0
BRDA:222,26,1,0
BRDA:224,27,0,0
BRDA:224,27,1,0
BRDA:226,28,0,0
BRDA:226,28,1,0
BRDA:244,29,0,0
BRDA:244,29,1,0
BRDA:246,30,0,0
BRDA:246,30,1,0
BRDA:248,31,0,0
BRDA:248,31,1,0
BRDA:269,32,0,0
BRDA:269,32,1,0
BRDA:271,33,0,0
BRDA:271,33,1,0
BRDA:273,34,0,0
BRDA:273,34,1,0
BRDA:292,35,0,0
BRDA:292,35,1,0
BRDA:294,36,0,0
BRDA:294,36,1,0
BRDA:296,37,0,0
BRDA:296,37,1,0
BRDA:316,38,0,0
BRDA:316,38,1,0
BRDA:318,39,0,0
BRDA:318,39,1,0
BRDA:320,40,0,0
BRDA:320,40,1,0
BRDA:338,41,0,0
BRDA:338,41,1,0
BRDA:340,42,0,0
BRDA:340,42,1,0
BRDA:342,43,0,0
BRDA:342,43,1,0
BRDA:360,44,0,0
BRDA:360,44,1,0
BRDA:362,45,0,0
BRDA:362,45,1,0
BRDA:364,46,0,0
BRDA:364,46,1,0
BRDA:382,47,0,0
BRDA:382,47,1,0
BRDA:384,48,0,0
BRDA:384,48,1,0
BRDA:386,49,0,0
BRDA:386,49,1,0
BRDA:405,50,0,0
BRDA:405,50,1,0
BRDA:422,51,0,0
BRDA:422,51,1,0
BRDA:430,52,0,0
BRDA:430,52,1,0
BRDA:432,53,0,0
BRDA:432,53,1,0
BRDA:447,54,0,0
BRDA:447,54,1,0
BRDA:448,55,0,0
BRDA:448,55,1,0
BRF:110
BRH:0
end_of_record
TN:
SF:src\components\forms\FavorecidoForm.tsx
FN:46,(anonymous_0)
FN:76,(anonymous_1)
FN:100,(anonymous_2)
FN:104,(anonymous_3)
FN:133,(anonymous_4)
FN:155,(anonymous_5)
FN:180,(anonymous_6)
FN:203,(anonymous_7)
FN:224,(anonymous_8)
FN:247,(anonymous_9)
FN:269,(anonymous_10)
FNF:11
FNH:0
FNDA:0,(anonymous_0)
FNDA:0,(anonymous_1)
FNDA:0,(anonymous_2)
FNDA:0,(anonymous_3)
FNDA:0,(anonymous_4)
FNDA:0,(anonymous_5)
FNDA:0,(anonymous_6)
FNDA:0,(anonymous_7)
FNDA:0,(anonymous_8)
FNDA:0,(anonymous_9)
FNDA:0,(anonymous_10)
DA:36,0
DA:46,0
DA:54,0
DA:55,0
DA:62,0
DA:76,0
DA:77,0
DA:78,0
DA:87,0
DA:88,0
DA:100,0
DA:101,0
DA:104,0
DA:105,0
DA:108,0
DA:134,0
DA:156,0
DA:181,0
DA:204,0
DA:225,0
DA:248,0
DA:270,0
LF:22
LH:0
BRDA:51,0,0,0
BRDA:52,1,0,0
BRDA:77,2,0,0
BRDA:77,2,1,0
BRDA:77,3,0,0
BRDA:77,3,1,0
BRDA:79,4,0,0
BRDA:79,4,1,0
BRDA:80,5,0,0
BRDA:80,5,1,0
BRDA:81,6,0,0
BRDA:81,6,1,0
BRDA:82,7,0,0
BRDA:82,7,1,0
BRDA:83,8,0,0
BRDA:83,8,1,0
BRDA:84,9,0,0
BRDA:84,9,1,0
BRDA:85,10,0,0
BRDA:85,10,1,0
BRDA:87,11,0,0
BRDA:87,11,1,0
BRDA:87,12,0,0
BRDA:87,12,1,0
BRDA:113,13,0,0
BRDA:113,13,1,0
BRDA:116,14,0,0
BRDA:116,14,1,0
BRDA:120,15,0,0
BRDA:120,15,1,0
BRDA:138,16,0,0
BRDA:138,16,1,0
BRDA:140,17,0,0
BRDA:140,17,1,0
BRDA:141,18,0,0
BRDA:141,18,1,0
BRDA:158,19,0,0
BRDA:158,19,1,0
BRDA:166,20,0,0
BRDA:166,20,1,0
BRDA:167,21,0,0
BRDA:167,21,1,0
BRDA:185,22,0,0
BRDA:185,22,1,0
BRDA:187,23,0,0
BRDA:187,23,1,0
BRDA:188,24,0,0
BRDA:188,24,1,0
BRDA:208,25,0,0
BRDA:208,25,1,0
BRDA:210,26,0,0
BRDA:210,26,1,0
BRDA:211,27,0,0
BRDA:211,27,1,0
BRDA:230,28,0,0
BRDA:230,28,1,0
BRDA:232,29,0,0
BRDA:232,29,1,0
BRDA:233,30,0,0
BRDA:233,30,1,0
BRDA:253,31,0,0
BRDA:253,31,1,0
BRDA:255,32,0,0
BRDA:255,32,1,0
BRDA:256,33,0,0
BRDA:256,33,1,0
BRDA:272,34,0,0
BRDA:272,34,1,0
BRDA:280,35,0,0
BRDA:280,35,1,0
BRDA:281,36,0,0
BRDA:281,36,1,0
BRDA:297,37,0,0
BRDA:297,37,1,0
BRDA:298,38,0,0
BRDA:298,38,1,0
BRF:76
BRH:0
end_of_record
TN:
SF:src\components\forms\LancamentoForm.tsx
FN:86,(anonymous_0)
FN:124,(anonymous_1)
FN:158,(anonymous_2)
FN:162,(anonymous_3)
FN:178,(anonymous_4)
FN:199,(anonymous_5)
FN:222,(anonymous_6)
FN:249,(anonymous_7)
FN:265,(anonymous_8)
FN:292,(anonymous_9)
FN:308,(anonymous_10)
FN:317,(anonymous_11)
FN:329,(anonymous_12)
FN:336,(anonymous_13)
FN:348,(anonymous_14)
FN:355,(anonymous_15)
FN:367,(anonymous_16)
FN:374,(anonymous_17)
FN:386,(anonymous_18)
FN:411,(anonymous_19)
FN:426,(anonymous_20)
FNF:21
FNH:0
FNDA:0,(anonymous_0)
FNDA:0,(anonymous_1)
FNDA:0,(anonymous_2)
FNDA:0,(anonymous_3)
FNDA:0,(anonymous_4)
FNDA:0,(anonymous_5)
FNDA:0,(anonymous_6)
FNDA:0,(anonymous_7)
FNDA:0,(anonymous_8)
FNDA:0,(anonymous_9)
FNDA:0,(anonymous_10)
FNDA:0,(anonymous_11)
FNDA:0,(anonymous_12)
FNDA:0,(anonymous_13)
FNDA:0,(anonymous_14)
FNDA:0,(anonymous_15)
FNDA:0,(anonymous_16)
FNDA:0,(anonymous_17)
FNDA:0,(anonymous_18)
FNDA:0,(anonymous_19)
FNDA:0,(anonymous_20)
DA:71,1
DA:86,1
DA:94,0
DA:95,0
DA:97,0
DA:121,0
DA:124,0
DA:125,0
DA:126,0
DA:140,0
DA:141,0
DA:158,0
DA:159,0
DA:162,0
DA:164,0
DA:174,0
DA:177,0
DA:178,0
DA:200,0
DA:223,0
DA:250,0
DA:266,0
DA:293,0
DA:309,0
DA:317,0
DA:330,0
DA:336,0
DA:349,0
DA:355,0
DA:368,0
DA:374,0
DA:387,0
DA:412,0
DA:427,0
LF:34
LH:2
BRDA:91,0,0,0
BRDA:92,1,0,0
BRDA:125,2,0,0
BRDA:125,2,1,0
BRDA:125,3,0,0
BRDA:125,3,1,0
BRDA:127,4,0,0
BRDA:127,4,1,0
BRDA:128,5,0,0
BRDA:128,5,1,0
BRDA:129,6,0,0
BRDA:129,6,1,0
BRDA:130,7,0,0
BRDA:130,7,1,0
BRDA:135,8,0,0
BRDA:135,8,1,0
BRDA:138,9,0,0
BRDA:138,9,1,0
BRDA:140,10,0,0
BRDA:140,10,1,0
BRDA:140,11,0,0
BRDA:140,11,1,0
BRDA:166,12,0,0
BRDA:166,12,1,0
BRDA:167,13,0,0
BRDA:167,13,1,0
BRDA:178,14,0,0
BRDA:178,14,1,0
BRDA:182,15,0,0
BRDA:182,15,1,0
BRDA:186,16,0,0
BRDA:186,16,1,0
BRDA:232,17,0,0
BRDA:232,17,1,0
BRDA:235,18,0,0
BRDA:235,18,1,0
BRDA:250,19,0,0
BRDA:250,19,1,0
BRDA:275,20,0,0
BRDA:275,20,1,0
BRDA:278,21,0,0
BRDA:278,21,1,0
BRDA:293,22,0,0
BRDA:293,22,1,0
BRDA:317,23,0,0
BRDA:317,23,1,0
BRDA:336,24,0,0
BRDA:336,24,1,0
BRDA:355,25,0,0
BRDA:355,25,1,0
BRDA:374,26,0,0
BRDA:374,26,1,0
BRDA:448,27,0,0
BRDA:448,27,1,0
BRDA:449,28,0,0
BRDA:449,28,1,0
BRF:56
BRH:0
end_of_record
TN:
SF:src\components\forms\PagamentoContaPagarForm.tsx
FN:76,(anonymous_0)
FN:109,(anonymous_1)
FN:126,(anonymous_2)
FN:130,(anonymous_3)
FN:199,(anonymous_4)
FN:226,(anonymous_5)
FN:242,(anonymous_6)
FN:264,(anonymous_7)
FN:274,(anonymous_8)
FN:286,(anonymous_9)
FN:296,(anonymous_10)
FN:311,(anonymous_11)
FN:322,(anonymous_12)
FN:334,(anonymous_13)
FN:345,(anonymous_14)
FN:357,(anonymous_15)
FN:368,(anonymous_16)
FN:383,(anonymous_17)
FN:403,(anonymous_18)
FNF:19
FNH:0
FNDA:0,(anonymous_0)
FNDA:0,(anonymous_1)
FNDA:0,(anonymous_2)
FNDA:0,(anonymous_3)
FNDA:0,(anonymous_4)
FNDA:0,(anonymous_5)
FNDA:0,(anonymous_6)
FNDA:0,(anonymous_7)
FNDA:0,(anonymous_8)
FNDA:0,(anonymous_9)
FNDA:0,(anonymous_10)
FNDA:0,(anonymous_11)
FNDA:0,(anonymous_12)
FNDA:0,(anonymous_13)
FNDA:0,(anonymous_14)
FNDA:0,(anonymous_15)
FNDA:0,(anonymous_16)
FNDA:0,(anonymous_17)
FNDA:0,(anonymous_18)
DA:63,1
DA:76,1
DA:84,0
DA:92,0
DA:109,0
DA:110,0
DA:111,0
DA:126,0
DA:127,0
DA:130,0
DA:131,0
DA:143,0
DA:147,0
DA:148,0
DA:149,0
DA:150,0
DA:151,0
DA:152,0
DA:153,0
DA:155,0
DA:200,0
DA:227,0
DA:243,0
DA:265,0
DA:274,0
DA:287,0
DA:296,0
DA:312,0
DA:322,0
DA:335,0
DA:345,0
DA:358,0
DA:368,0
DA:384,0
DA:404,0
LF:35
LH:2
BRDA:81,0,0,0
BRDA:82,1,0,0
BRDA:96,2,0,0
BRDA:96,2,1,0
BRDA:99,3,0,0
BRDA:99,3,1,0
BRDA:110,4,0,0
BRDA:110,4,1,0
BRDA:110,5,0,0
BRDA:110,5,1,0
BRDA:113,6,0,0
BRDA:113,6,1,0
BRDA:116,7,0,0
BRDA:116,7,1,0
BRDA:134,8,0,0
BRDA:134,8,1,0
BRDA:135,9,0,0
BRDA:135,9,1,0
BRDA:136,10,0,0
BRDA:136,10,1,0
BRDA:138,11,0,0
BRDA:138,11,1,0
BRDA:139,12,0,0
BRDA:139,12,1,0
BRDA:140,13,0,0
BRDA:140,13,1,0
BRDA:152,14,0,0
BRDA:152,14,1,0
BRDA:153,15,0,0
BRDA:153,15,1,0
BRDA:153,16,0,0
BRDA:153,16,1,0
BRDA:153,17,0,0
BRDA:153,17,1,0
BRDA:162,18,0,0
BRDA:162,18,1,0
BRDA:178,19,0,0
BRDA:178,19,1,0
BRDA:181,20,0,0
BRDA:181,20,1,0
BRDA:181,21,0,0
BRDA:181,21,1,0
BRDA:184,22,0,0
BRDA:184,22,1,0
BRDA:184,23,0,0
BRDA:184,23,1,0
BRDA:184,24,0,0
BRDA:184,24,1,0
BRDA:184,25,0,0
BRDA:184,25,1,0
BRDA:184,26,0,0
BRDA:184,26,1,0
BRDA:187,27,0,0
BRDA:187,27,1,0
BRDA:187,28,0,0
BRDA:187,28,1,0
BRDA:209,29,0,0
BRDA:209,29,1,0
BRDA:212,30,0,0
BRDA:212,30,1,0
BRDA:224,31,0,0
BRDA:224,31,1,0
BRDA:227,32,0,0
BRDA:227,32,1,0
BRDA:252,33,0,0
BRDA:252,33,1,0
BRDA:273,34,0,0
BRDA:273,34,1,0
BRDA:274,35,0,0
BRDA:274,35,1,0
BRDA:295,36,0,0
BRDA:295,36,1,0
BRDA:296,37,0,0
BRDA:296,37,1,0
BRDA:321,38,0,0
BRDA:321,38,1,0
BRDA:322,39,0,0
BRDA:322,39,1,0
BRDA:344,40,0,0
BRDA:344,40,1,0
BRDA:345,41,0,0
BRDA:345,41,1,0
BRDA:367,42,0,0
BRDA:367,42,1,0
BRDA:368,43,0,0
BRDA:368,43,1,0
BRDA:390,44,0,0
BRDA:390,44,1,0
BRDA:411,45,0,0
BRDA:411,45,1,0
BRDA:429,46,0,0
BRDA:429,46,1,0
BRDA:430,47,0,0
BRDA:430,47,1,0
BRF:94
BRH:0
end_of_record
TN:
SF:src\components\forms\RecebimentoContaReceberForm.tsx
FN:75,(anonymous_0)
FN:108,(anonymous_1)
FN:125,(anonymous_2)
FN:129,(anonymous_3)
FN:198,(anonymous_4)
FN:225,(anonymous_5)
FN:241,(anonymous_6)
FN:252,(anonymous_7)
FN:264,(anonymous_8)
FN:274,(anonymous_9)
FN:286,(anonymous_10)
FN:296,(anonymous_11)
FN:310,(anonymous_12)
FN:321,(anonymous_13)
FN:333,(anonymous_14)
FN:344,(anonymous_15)
FN:356,(anonymous_16)
FN:367,(anonymous_17)
FN:380,(anonymous_18)
FN:399,(anonymous_19)
FNF:20
FNH:0
FNDA:0,(anonymous_0)
FNDA:0,(anonymous_1)
FNDA:0,(anonymous_2)
FNDA:0,(anonymous_3)
FNDA:0,(anonymous_4)
FNDA:0,(anonymous_5)
FNDA:0,(anonymous_6)
FNDA:0,(anonymous_7)
FNDA:0,(anonymous_8)
FNDA:0,(anonymous_9)
FNDA:0,(anonymous_10)
FNDA:0,(anonymous_11)
FNDA:0,(anonymous_12)
FNDA:0,(anonymous_13)
FNDA:0,(anonymous_14)
FNDA:0,(anonymous_15)
FNDA:0,(anonymous_16)
FNDA:0,(anonymous_17)
FNDA:0,(anonymous_18)
FNDA:0,(anonymous_19)
DA:62,1
DA:75,1
DA:83,0
DA:91,0
DA:108,0
DA:109,0
DA:110,0
DA:125,0
DA:126,0
DA:129,0
DA:130,0
DA:142,0
DA:146,0
DA:147,0
DA:148,0
DA:149,0
DA:150,0
DA:151,0
DA:152,0
DA:154,0
DA:199,0
DA:226,0
DA:242,0
DA:252,0
DA:265,0
DA:274,0
DA:287,0
DA:296,0
DA:311,0
DA:321,0
DA:334,0
DA:344,0
DA:357,0
DA:367,0
DA:381,0
DA:400,0
LF:36
LH:2
BRDA:80,0,0,0
BRDA:81,1,0,0
BRDA:95,2,0,0
BRDA:95,2,1,0
BRDA:98,3,0,0
BRDA:98,3,1,0
BRDA:109,4,0,0
BRDA:109,4,1,0
BRDA:109,5,0,0
BRDA:109,5,1,0
BRDA:112,6,0,0
BRDA:112,6,1,0
BRDA:115,7,0,0
BRDA:115,7,1,0
BRDA:133,8,0,0
BRDA:133,8,1,0
BRDA:134,9,0,0
BRDA:134,9,1,0
BRDA:135,10,0,0
BRDA:135,10,1,0
BRDA:137,11,0,0
BRDA:137,11,1,0
BRDA:138,12,0,0
BRDA:138,12,1,0
BRDA:139,13,0,0
BRDA:139,13,1,0
BRDA:151,14,0,0
BRDA:151,14,1,0
BRDA:152,15,0,0
BRDA:152,15,1,0
BRDA:152,16,0,0
BRDA:152,16,1,0
BRDA:152,17,0,0
BRDA:152,17,1,0
BRDA:161,18,0,0
BRDA:161,18,1,0
BRDA:177,19,0,0
BRDA:177,19,1,0
BRDA:180,20,0,0
BRDA:180,20,1,0
BRDA:180,21,0,0
BRDA:180,21,1,0
BRDA:183,22,0,0
BRDA:183,22,1,0
BRDA:183,23,0,0
BRDA:183,23,1,0
BRDA:183,24,0,0
BRDA:183,24,1,0
BRDA:183,25,0,0
BRDA:183,25,1,0
BRDA:183,26,0,0
BRDA:183,26,1,0
BRDA:186,27,0,0
BRDA:186,27,1,0
BRDA:186,28,0,0
BRDA:186,28,1,0
BRDA:208,29,0,0
BRDA:208,29,1,0
BRDA:211,30,0,0
BRDA:211,30,1,0
BRDA:223,31,0,0
BRDA:223,31,1,0
BRDA:226,32,0,0
BRDA:226,32,1,0
BRDA:251,33,0,0
BRDA:251,33,1,0
BRDA:252,34,0,0
BRDA:252,34,1,0
BRDA:273,35,0,0
BRDA:273,35,1,0
BRDA:274,36,0,0
BRDA:274,36,1,0
BRDA:295,37,0,0
BRDA:295,37,1,0
BRDA:296,38,0,0
BRDA:296,38,1,0
BRDA:320,39,0,0
BRDA:320,39,1,0
BRDA:321,40,0,0
BRDA:321,40,1,0
BRDA:343,41,0,0
BRDA:343,41,1,0
BRDA:344,42,0,0
BRDA:344,42,1,0
BRDA:366,43,0,0
BRDA:366,43,1,0
BRDA:367,44,0,0
BRDA:367,44,1,0
BRDA:386,45,0,0
BRDA:386,45,1,0
BRDA:405,46,0,0
BRDA:405,46,1,0
BRDA:424,47,0,0
BRDA:424,47,1,0
BRDA:425,48,0,0
BRDA:425,48,1,0
BRF:96
BRH:0
end_of_record
TN:
SF:src\components\tables\CategoriasTable.tsx
FN:27,(anonymous_0)
FN:37,(anonymous_1)
FN:44,(anonymous_2)
FN:53,(anonymous_3)
FN:54,(anonymous_4)
FN:61,(anonymous_5)
FN:68,(anonymous_6)
FN:76,(anonymous_7)
FN:83,(anonymous_8)
FN:91,(anonymous_9)
FN:101,(anonymous_10)
FN:127,(anonymous_11)
FN:133,(anonymous_12)
FN:141,(anonymous_13)
FN:146,(anonymous_14)
FN:169,(anonymous_15)
FN:176,(anonymous_16)
FN:192,(anonymous_17)
FN:247,(anonymous_18)
FN:270,(anonymous_19)
FN:285,(anonymous_20)
FN:289,(anonymous_21)
FN:294,(anonymous_22)
FN:306,(anonymous_23)
FNF:24
FNH:0
FNDA:0,(anonymous_0)
FNDA:0,(anonymous_1)
FNDA:0,(anonymous_2)
FNDA:0,(anonymous_3)
FNDA:0,(anonymous_4)
FNDA:0,(anonymous_5)
FNDA:0,(anonymous_6)
FNDA:0,(anonymous_7)
FNDA:0,(anonymous_8)
FNDA:0,(anonymous_9)
FNDA:0,(anonymous_10)
FNDA:0,(anonymous_11)
FNDA:0,(anonymous_12)
FNDA:0,(anonymous_13)
FNDA:0,(anonymous_14)
FNDA:0,(anonymous_15)
FNDA:0,(anonymous_16)
FNDA:0,(anonymous_17)
FNDA:0,(anonymous_18)
FNDA:0,(anonymous_19)
FNDA:0,(anonymous_20)
FNDA:0,(anonymous_21)
FNDA:0,(anonymous_22)
FNDA:0,(anonymous_23)
DA:27,1
DA:28,0
DA:29,0
DA:37,0
DA:39,0
DA:40,0
DA:41,0
DA:44,0
DA:45,0
DA:53,0
DA:54,0
DA:61,0
DA:62,0
DA:64,0
DA:68,0
DA:69,0
DA:70,0
DA:72,0
DA:76,0
DA:77,0
DA:78,0
DA:83,0
DA:84,0
DA:85,0
DA:91,0
DA:92,0
DA:93,0
DA:94,0
DA:101,0
DA:102,0
DA:103,0
DA:105,0
DA:107,0
DA:108,0
DA:109,0
DA:111,0
DA:112,0
DA:113,0
DA:115,0
DA:116,0
DA:117,0
DA:120,0
DA:127,0
DA:128,0
DA:133,0
DA:134,0
DA:141,0
DA:146,0
DA:157,0
DA:158,0
DA:159,0
DA:161,0
DA:169,0
DA:176,0
DA:192,0
DA:248,0
DA:270,0
DA:285,0
DA:290,0
DA:291,0
DA:294,0
DA:306,0
LF:62
LH:1
BRDA:77,0,0,0
BRDA:77,0,1,0
BRDA:105,1,0,0
BRDA:105,1,1,0
BRDA:105,1,2,0
BRDA:128,2,0,0
BRDA:128,2,1,0
BRDA:129,3,0,0
BRDA:129,3,1,0
BRDA:168,4,0,0
BRDA:168,4,1,0
BRDA:169,5,0,0
BRDA:169,5,1,0
BRDA:175,6,0,0
BRDA:175,6,1,0
BRDA:176,7,0,0
BRDA:176,7,1,0
BRDA:191,8,0,0
BRDA:191,8,1,0
BRDA:191,9,0,0
BRDA:191,9,1,0
BRDA:192,10,0,0
BRDA:192,10,1,0
BRDA:192,11,0,0
BRDA:192,11,1,0
BRDA:234,12,0,0
BRDA:234,12,1,0
BRDA:240,13,0,0
BRDA:240,13,1,0
BRDA:250,14,0,0
BRDA:250,14,1,0
BRDA:252,15,0,0
BRDA:252,15,1,0
BRDA:286,16,0,0
BRDA:286,16,1,0
BRDA:303,17,0,0
BRDA:303,17,1,0
BRDA:307,18,0,0
BRDA:307,18,1,0
BRDA:315,19,0,0
BRDA:315,19,1,0
BRF:41
BRH:0
end_of_record
TN:
SF:src\components\tables\ClientesTable.tsx
FN:25,(anonymous_0)
FN:35,(anonymous_1)
FN:42,(anonymous_2)
FN:51,(anonymous_3)
FN:52,(anonymous_4)
FN:59,(anonymous_5)
FN:66,(anonymous_6)
FN:74,(anonymous_7)
FN:83,(anonymous_8)
FN:93,(anonymous_9)
FN:100,(anonymous_10)
FN:106,(anonymous_11)
FN:112,(anonymous_12)
FN:120,(anonymous_13)
FN:124,(anonymous_14)
FN:145,(anonymous_15)
FN:194,(anonymous_16)
FN:219,(anonymous_17)
FN:234,(anonymous_18)
FN:238,(anonymous_19)
FN:243,(anonymous_20)
FN:255,(anonymous_21)
FNF:22
FNH:0
FNDA:0,(anonymous_0)
FNDA:0,(anonymous_1)
FNDA:0,(anonymous_2)
FNDA:0,(anonymous_3)
FNDA:0,(anonymous_4)
FNDA:0,(anonymous_5)
FNDA:0,(anonymous_6)
FNDA:0,(anonymous_7)
FNDA:0,(anonymous_8)
FNDA:0,(anonymous_9)
FNDA:0,(anonymous_10)
FNDA:0,(anonymous_11)
FNDA:0,(anonymous_12)
FNDA:0,(anonymous_13)
FNDA:0,(anonymous_14)
FNDA:0,(anonymous_15)
FNDA:0,(anonymous_16)
FNDA:0,(anonymous_17)
FNDA:0,(anonymous_18)
FNDA:0,(anonymous_19)
FNDA:0,(anonymous_20)
FNDA:0,(anonymous_21)
DA:25,1
DA:26,0
DA:27,0
DA:35,0
DA:37,0
DA:38,0
DA:39,0
DA:42,0
DA:43,0
DA:51,0
DA:52,0
DA:59,0
DA:60,0
DA:62,0
DA:66,0
DA:67,0
DA:68,0
DA:70,0
DA:74,0
DA:75,0
DA:76,0
DA:83,0
DA:84,0
DA:85,0
DA:86,0
DA:93,0
DA:94,0
DA:95,0
DA:100,0
DA:101,0
DA:106,0
DA:107,0
DA:112,0
DA:113,0
DA:120,0
DA:124,0
DA:133,0
DA:134,0
DA:135,0
DA:137,0
DA:145,0
DA:195,0
DA:219,0
DA:234,0
DA:239,0
DA:240,0
DA:243,0
DA:255,0
LF:48
LH:1
BRDA:94,0,0,0
BRDA:94,0,1,0
BRDA:101,1,0,0
BRDA:101,1,1,0
BRDA:102,2,0,0
BRDA:102,2,1,0
BRDA:107,3,0,0
BRDA:107,3,1,0
BRDA:108,4,0,0
BRDA:108,4,1,0
BRDA:144,5,0,0
BRDA:144,5,1,0
BRDA:145,6,0,0
BRDA:145,6,1,0
BRDA:181,7,0,0
BRDA:181,7,1,0
BRDA:187,8,0,0
BRDA:187,8,1,0
BRDA:198,9,0,0
BRDA:198,9,1,0
BRDA:199,10,0,0
BRDA:199,10,1,0
BRDA:200,11,0,0
BRDA:200,11,1,0
BRDA:201,12,0,0
BRDA:201,12,1,0
BRDA:235,13,0,0
BRDA:235,13,1,0
BRDA:252,14,0,0
BRDA:252,14,1,0
BRDA:256,15,0,0
BRDA:256,15,1,0
BRDA:264,16,0,0
BRDA:264,16,1,0
BRF:34
BRH:0
end_of_record
TN:
SF:src\components\tables\ContasPagarTable.tsx
FN:30,(anonymous_0)
FN:40,(anonymous_1)
FN:47,(anonymous_2)
FN:56,(anonymous_3)
FN:57,(anonymous_4)
FN:64,(anonymous_5)
FN:71,(anonymous_6)
FN:79,(anonymous_7)
FN:86,(anonymous_8)
FN:94,(anonymous_9)
FN:104,(anonymous_10)
FN:134,(anonymous_11)
FN:142,(anonymous_12)
FN:147,(anonymous_13)
FN:153,(anonymous_14)
FN:176,(anonymous_15)
FN:184,(anonymous_16)
FN:216,(anonymous_17)
FN:241,(anonymous_18)
FN:252,(anonymous_19)
FN:263,(anonymous_20)
FN:274,(anonymous_21)
FN:323,(anonymous_22)
FN:357,(anonymous_23)
FN:371,(anonymous_24)
FN:375,(anonymous_25)
FN:380,(anonymous_26)
FN:392,(anonymous_27)
FNF:28
FNH:7
FNDA:4,(anonymous_0)
FNDA:8,(anonymous_1)
FNDA:2,(anonymous_2)
FNDA:0,(anonymous_3)
FNDA:0,(anonymous_4)
FNDA:0,(anonymous_5)
FNDA:0,(anonymous_6)
FNDA:0,(anonymous_7)
FNDA:0,(anonymous_8)
FNDA:0,(anonymous_9)
FNDA:1,(anonymous_10)
FNDA:1,(anonymous_11)
FNDA:0,(anonymous_12)
FNDA:0,(anonymous_13)
FNDA:0,(anonymous_14)
FNDA:0,(anonymous_15)
FNDA:0,(anonymous_16)
FNDA:0,(anonymous_17)
FNDA:0,(anonymous_18)
FNDA:0,(anonymous_19)
FNDA:0,(anonymous_20)
FNDA:0,(anonymous_21)
FNDA:1,(anonymous_22)
FNDA:0,(anonymous_23)
FNDA:0,(anonymous_24)
FNDA:2,(anonymous_25)
FNDA:0,(anonymous_26)
FNDA:0,(anonymous_27)
DA:30,2
DA:31,4
DA:32,4
DA:40,8
DA:42,4
DA:43,4
DA:44,4
DA:47,4
DA:48,2
DA:56,4
DA:57,0
DA:64,4
DA:65,0
DA:67,0
DA:71,4
DA:72,0
DA:73,0
DA:75,0
DA:79,4
DA:80,0
DA:81,0
DA:86,4
DA:87,0
DA:88,0
DA:94,4
DA:95,0
DA:96,0
DA:97,0
DA:104,4
DA:105,1
DA:106,1
DA:108,1
DA:110,1
DA:111,1
DA:112,1
DA:114,0
DA:115,0
DA:116,0
DA:118,0
DA:119,0
DA:120,0
DA:122,0
DA:123,0
DA:124,0
DA:127,1
DA:134,4
DA:135,1
DA:142,0
DA:147,0
DA:153,0
DA:164,4
DA:165,4
DA:166,4
DA:168,4
DA:176,0
DA:184,0
DA:216,0
DA:241,0
DA:252,0
DA:263,0
DA:274,0
DA:324,1
DA:357,0
DA:371,0
DA:376,2
DA:377,2
DA:380,0
DA:392,0
LF:68
LH:32
BRDA:80,0,0,0
BRDA:80,0,1,0
BRDA:108,1,0,1
BRDA:108,1,1,0
BRDA:108,1,2,0
BRDA:108,1,3,0
BRDA:146,2,0,1
BRDA:146,2,1,1
BRDA:175,3,0,4
BRDA:175,3,1,4
BRDA:176,4,0,0
BRDA:176,4,1,0
BRDA:183,5,0,4
BRDA:183,5,1,4
BRDA:184,6,0,0
BRDA:184,6,1,0
BRDA:205,7,0,4
BRDA:205,7,1,4
BRDA:209,8,0,0
BRDA:209,8,1,4
BRDA:215,9,0,0
BRDA:215,9,1,4
BRDA:216,10,0,0
BRDA:216,10,1,0
BRDA:230,11,0,4
BRDA:230,11,1,4
BRDA:234,12,0,0
BRDA:234,12,1,4
BRDA:240,13,0,0
BRDA:240,13,1,4
BRDA:241,14,0,0
BRDA:241,14,1,0
BRDA:251,15,0,4
BRDA:251,15,1,4
BRDA:252,16,0,0
BRDA:252,16,1,0
BRDA:262,17,0,4
BRDA:262,17,1,4
BRDA:263,18,0,0
BRDA:263,18,1,0
BRDA:273,19,0,4
BRDA:273,19,1,4
BRDA:274,20,0,0
BRDA:274,20,1,0
BRDA:310,21,0,2
BRDA:310,21,1,2
BRDA:316,22,0,1
BRDA:316,22,1,1
BRDA:326,23,0,1
BRDA:326,23,1,0
BRDA:328,24,0,1
BRDA:328,24,1,0
BRDA:334,25,0,1
BRDA:334,25,1,0
BRDA:340,26,0,1
BRDA:340,26,1,0
BRDA:372,27,0,4
BRDA:372,27,1,0
BRDA:389,28,0,4
BRDA:389,28,1,0
BRDA:393,29,0,4
BRDA:393,29,1,0
BRDA:401,30,0,4
BRDA:401,30,1,0
BRF:64
BRH:33
end_of_record
TN:
SF:src\components\tables\ContasReceberTable.tsx
FN:57,(anonymous_0)
FN:67,(anonymous_1)
FN:74,(anonymous_2)
FN:83,(anonymous_3)
FN:84,(anonymous_4)
FN:91,(anonymous_5)
FN:98,(anonymous_6)
FN:106,(anonymous_7)
FN:113,(anonymous_8)
FN:121,(anonymous_9)
FN:131,(anonymous_10)
FN:157,(anonymous_11)
FN:165,(anonymous_12)
FN:170,(anonymous_13)
FN:176,(anonymous_14)
FN:199,(anonymous_15)
FN:207,(anonymous_16)
FN:241,(anonymous_17)
FN:268,(anonymous_18)
FN:279,(anonymous_19)
FN:290,(anonymous_20)
FN:301,(anonymous_21)
FN:350,(anonymous_22)
FN:381,(anonymous_23)
FN:392,(anonymous_24)
FNF:25
FNH:0
FNDA:0,(anonymous_0)
FNDA:0,(anonymous_1)
FNDA:0,(anonymous_2)
FNDA:0,(anonymous_3)
FNDA:0,(anonymous_4)
FNDA:0,(anonymous_5)
FNDA:0,(anonymous_6)
FNDA:0,(anonymous_7)
FNDA:0,(anonymous_8)
FNDA:0,(anonymous_9)
FNDA:0,(anonymous_10)
FNDA:0,(anonymous_11)
FNDA:0,(anonymous_12)
FNDA:0,(anonymous_13)
FNDA:0,(anonymous_14)
FNDA:0,(anonymous_15)
FNDA:0,(anonymous_16)
FNDA:0,(anonymous_17)
FNDA:0,(anonymous_18)
FNDA:0,(anonymous_19)
FNDA:0,(anonymous_20)
FNDA:0,(anonymous_21)
FNDA:0,(anonymous_22)
FNDA:0,(anonymous_23)
FNDA:0,(anonymous_24)
DA:57,1
DA:58,0
DA:59,0
DA:67,0
DA:69,0
DA:70,0
DA:71,0
DA:74,0
DA:75,0
DA:83,0
DA:84,0
DA:91,0
DA:92,0
DA:94,0
DA:98,0
DA:99,0
DA:100,0
DA:102,0
DA:106,0
DA:107,0
DA:108,0
DA:113,0
DA:114,0
DA:115,0
DA:121,0
DA:122,0
DA:123,0
DA:124,0
DA:131,0
DA:132,0
DA:133,0
DA:135,0
DA:137,0
DA:138,0
DA:139,0
DA:141,0
DA:142,0
DA:143,0
DA:145,0
DA:146,0
DA:147,0
DA:149,0
DA:150,0
DA:151,0
DA:154,0
DA:157,0
DA:158,0
DA:165,0
DA:170,0
DA:176,0
DA:187,0
DA:188,0
DA:189,0
DA:191,0
DA:199,0
DA:207,0
DA:241,0
DA:268,0
DA:279,0
DA:290,0
DA:301,0
DA:351,0
DA:381,0
DA:392,0
LF:64
LH:1
BRDA:107,0,0,0
BRDA:107,0,1,0
BRDA:135,1,0,0
BRDA:135,1,1,0
BRDA:135,1,2,0
BRDA:135,1,3,0
BRDA:169,2,0,0
BRDA:169,2,1,0
BRDA:198,3,0,0
BRDA:198,3,1,0
BRDA:199,4,0,0
BRDA:199,4,1,0
BRDA:206,5,0,0
BRDA:206,5,1,0
BRDA:207,6,0,0
BRDA:207,6,1,0
BRDA:228,7,0,0
BRDA:228,7,1,0
BRDA:232,8,0,0
BRDA:232,8,1,0
BRDA:240,9,0,0
BRDA:240,9,1,0
BRDA:241,10,0,0
BRDA:241,10,1,0
BRDA:255,11,0,0
BRDA:255,11,1,0
BRDA:259,12,0,0
BRDA:259,12,1,0
BRDA:267,13,0,0
BRDA:267,13,1,0
BRDA:268,14,0,0
BRDA:268,14,1,0
BRDA:278,15,0,0
BRDA:278,15,1,0
BRDA:279,16,0,0
BRDA:279,16,1,0
BRDA:289,17,0,0
BRDA:289,17,1,0
BRDA:290,18,0,0
BRDA:290,18,1,0
BRDA:300,19,0,0
BRDA:300,19,1,0
BRDA:301,20,0,0
BRDA:301,20,1,0
BRDA:337,21,0,0
BRDA:337,21,1,0
BRDA:343,22,0,0
BRDA:343,22,1,0
BRDA:353,23,0,0
BRDA:353,23,1,0
BRDA:358,24,0,0
BRDA:358,24,1,0
BRDA:361,25,0,0
BRDA:361,25,1,0
BRDA:400,26,0,0
BRDA:400,26,1,0
BRF:56
BRH:0
end_of_record
TN:
SF:src\components\tables\EmpresasTable.tsx
FN:28,(anonymous_0)
FN:45,(anonymous_1)
FN:54,(anonymous_2)
FN:55,(anonymous_3)
FN:59,(anonymous_4)
FN:63,(anonymous_5)
FN:68,(anonymous_6)
FN:86,(anonymous_7)
FN:96,(anonymous_8)
FN:105,(anonymous_9)
FN:110,(anonymous_10)
FN:144,(anonymous_11)
FN:151,(anonymous_12)
FN:203,(anonymous_13)
FN:229,(anonymous_14)
FN:236,(anonymous_15)
FN:241,(anonymous_16)
FN:258,(anonymous_17)
FNF:18
FNH:0
FNDA:0,(anonymous_0)
FNDA:0,(anonymous_1)
FNDA:0,(anonymous_2)
FNDA:0,(anonymous_3)
FNDA:0,(anonymous_4)
FNDA:0,(anonymous_5)
FNDA:0,(anonymous_6)
FNDA:0,(anonymous_7)
FNDA:0,(anonymous_8)
FNDA:0,(anonymous_9)
FNDA:0,(anonymous_10)
FNDA:0,(anonymous_11)
FNDA:0,(anonymous_12)
FNDA:0,(anonymous_13)
FNDA:0,(anonymous_14)
FNDA:0,(anonymous_15)
FNDA:0,(anonymous_16)
FNDA:0,(anonymous_17)
DA:28,1
DA:29,0
DA:30,0
DA:31,0
DA:32,0
DA:33,0
DA:34,0
DA:37,0
DA:41,0
DA:42,0
DA:45,0
DA:46,0
DA:47,0
DA:54,0
DA:55,0
DA:56,0
DA:59,0
DA:60,0
DA:63,0
DA:64,0
DA:65,0
DA:68,0
DA:69,0
DA:70,0
DA:71,0
DA:73,0
DA:74,0
DA:80,0
DA:86,0
DA:87,0
DA:88,0
DA:96,0
DA:97,0
DA:105,0
DA:110,0
DA:122,0
DA:123,0
DA:124,0
DA:126,0
DA:127,0
DA:134,0
DA:144,0
DA:151,0
DA:204,0
DA:229,0
DA:237,0
DA:238,0
DA:241,0
DA:258,0
LF:49
LH:1
BRDA:50,0,0,0
BRDA:50,0,1,0
BRDA:50,1,0,0
BRDA:50,1,1,0
BRDA:69,2,0,0
BRDA:69,2,1,0
BRDA:77,3,0,0
BRDA:77,3,1,0
BRDA:77,4,0,0
BRDA:77,4,1,0
BRDA:89,5,0,0
BRDA:89,5,1,0
BRDA:90,6,0,0
BRDA:90,6,1,0
BRDA:126,7,0,0
BRDA:126,7,1,0
BRDA:150,8,0,0
BRDA:150,8,1,0
BRDA:151,9,0,0
BRDA:151,9,1,0
BRDA:190,10,0,0
BRDA:190,10,1,0
BRDA:196,11,0,0
BRDA:196,11,1,0
BRDA:208,12,0,0
BRDA:208,12,1,0
BRDA:209,13,0,0
BRDA:209,13,1,0
BRDA:220,14,0,0
BRDA:220,14,1,0
BRDA:231,15,0,0
BRDA:231,15,1,0
BRDA:250,16,0,0
BRDA:250,16,1,0
BRDA:260,17,0,0
BRDA:260,17,1,0
BRF:36
BRH:0
end_of_record
TN:
SF:src\components\tables\FavorecidosTable.tsx
FN:26,(anonymous_0)
FN:36,(anonymous_1)
FN:43,(anonymous_2)
FN:53,(anonymous_3)
FN:54,(anonymous_4)
FN:61,(anonymous_5)
FN:68,(anonymous_6)
FN:76,(anonymous_7)
FN:82,(anonymous_8)
FN:88,(anonymous_9)
FN:96,(anonymous_10)
FN:106,(anonymous_11)
FN:116,(anonymous_12)
FN:125,(anonymous_13)
FN:130,(anonymous_14)
FN:153,(anonymous_15)
FN:182,(anonymous_16)
FN:199,(anonymous_17)
FN:241,(anonymous_18)
FN:249,(anonymous_19)
FN:260,(anonymous_20)
FN:268,(anonymous_21)
FNF:22
FNH:0
FNDA:0,(anonymous_0)
FNDA:0,(anonymous_1)
FNDA:0,(anonymous_2)
FNDA:0,(anonymous_3)
FNDA:0,(anonymous_4)
FNDA:0,(anonymous_5)
FNDA:0,(anonymous_6)
FNDA:0,(anonymous_7)
FNDA:0,(anonymous_8)
FNDA:0,(anonymous_9)
FNDA:0,(anonymous_10)
FNDA:0,(anonymous_11)
FNDA:0,(anonymous_12)
FNDA:0,(anonymous_13)
FNDA:0,(anonymous_14)
FNDA:0,(anonymous_15)
FNDA:0,(anonymous_16)
FNDA:0,(anonymous_17)
FNDA:0,(anonymous_18)
FNDA:0,(anonymous_19)
FNDA:0,(anonymous_20)
FNDA:0,(anonymous_21)
DA:26,0
DA:27,0
DA:28,0
DA:36,0
DA:38,0
DA:39,0
DA:40,0
DA:43,0
DA:44,0
DA:45,0
DA:53,0
DA:54,0
DA:61,0
DA:62,0
DA:64,0
DA:68,0
DA:69,0
DA:70,0
DA:72,0
DA:76,0
DA:77,0
DA:78,0
DA:82,0
DA:83,0
DA:84,0
DA:85,0
DA:88,0
DA:89,0
DA:90,0
DA:91,0
DA:92,0
DA:96,0
DA:97,0
DA:98,0
DA:106,0
DA:107,0
DA:108,0
DA:116,0
DA:117,0
DA:125,0
DA:130,0
DA:142,0
DA:143,0
DA:144,0
DA:146,0
DA:153,0
DA:183,0
DA:200,0
DA:241,0
DA:249,0
DA:260,0
DA:268,0
LF:52
LH:0
BRDA:77,0,0,0
BRDA:77,0,1,0
BRDA:99,1,0,0
BRDA:99,1,1,0
BRDA:100,2,0,0
BRDA:100,2,1,0
BRDA:109,3,0,0
BRDA:109,3,1,0
BRDA:110,4,0,0
BRDA:110,4,1,0
BRDA:152,5,0,0
BRDA:152,5,1,0
BRDA:181,6,0,0
BRDA:181,6,1,0
BRDA:192,7,0,0
BRDA:192,7,1,0
BRF:16
BRH:0
end_of_record
TN:
SF:src\components\tables\LancamentosTable.tsx
FN:59,(anonymous_0)
FN:69,(anonymous_1)
FN:76,(anonymous_2)
FN:86,(anonymous_3)
FN:87,(anonymous_4)
FN:94,(anonymous_5)
FN:101,(anonymous_6)
FN:108,(anonymous_7)
FN:114,(anonymous_8)
FN:122,(anonymous_9)
FN:129,(anonymous_10)
FN:134,(anonymous_11)
FN:139,(anonymous_12)
FN:145,(anonymous_13)
FN:155,(anonymous_14)
FN:164,(anonymous_15)
FN:173,(anonymous_16)
FN:178,(anonymous_17)
FN:188,(anonymous_18)
FN:211,(anonymous_19)
FN:219,(anonymous_20)
FN:224,(anonymous_21)
FN:236,(anonymous_22)
FN:277,(anonymous_23)
FN:294,(anonymous_24)
FN:335,(anonymous_25)
FN:343,(anonymous_26)
FN:354,(anonymous_27)
FN:362,(anonymous_28)
FNF:29
FNH:0
FNDA:0,(anonymous_0)
FNDA:0,(anonymous_1)
FNDA:0,(anonymous_2)
FNDA:0,(anonymous_3)
FNDA:0,(anonymous_4)
FNDA:0,(anonymous_5)
FNDA:0,(anonymous_6)
FNDA:0,(anonymous_7)
FNDA:0,(anonymous_8)
FNDA:0,(anonymous_9)
FNDA:0,(anonymous_10)
FNDA:0,(anonymous_11)
FNDA:0,(anonymous_12)
FNDA:0,(anonymous_13)
FNDA:0,(anonymous_14)
FNDA:0,(anonymous_15)
FNDA:0,(anonymous_16)
FNDA:0,(anonymous_17)
FNDA:0,(anonymous_18)
FNDA:0,(anonymous_19)
FNDA:0,(anonymous_20)
FNDA:0,(anonymous_21)
FNDA:0,(anonymous_22)
FNDA:0,(anonymous_23)
FNDA:0,(anonymous_24)
FNDA:0,(anonymous_25)
FNDA:0,(anonymous_26)
FNDA:0,(anonymous_27)
FNDA:0,(anonymous_28)
DA:59,1
DA:60,0
DA:61,0
DA:69,0
DA:71,0
DA:72,0
DA:73,0
DA:76,0
DA:77,0
DA:78,0
DA:86,0
DA:87,0
DA:94,0
DA:95,0
DA:97,0
DA:101,0
DA:102,0
DA:103,0
DA:105,0
DA:108,0
DA:109,0
DA:110,0
DA:111,0
DA:114,0
DA:115,0
DA:116,0
DA:117,0
DA:118,0
DA:122,0
DA:123,0
DA:124,0
DA:129,0
DA:130,0
DA:134,0
DA:135,0
DA:139,0
DA:140,0
DA:141,0
DA:145,0
DA:146,0
DA:147,0
DA:155,0
DA:156,0
DA:164,0
DA:165,0
DA:173,0
DA:178,0
DA:188,0
DA:200,0
DA:201,0
DA:202,0
DA:204,0
DA:211,0
DA:219,0
DA:224,0
DA:236,0
DA:278,0
DA:295,0
DA:335,0
DA:343,0
DA:354,0
DA:362,0
LF:62
LH:1
BRDA:123,0,0,0
BRDA:123,0,1,0
BRDA:135,1,0,0
BRDA:135,1,1,0
BRDA:140,2,0,0
BRDA:140,2,1,0
BRDA:140,3,0,0
BRDA:140,3,1,0
BRDA:148,4,0,0
BRDA:148,4,1,0
BRDA:149,5,0,0
BRDA:149,5,1,0
BRDA:157,6,0,0
BRDA:157,6,1,0
BRDA:158,7,0,0
BRDA:158,7,1,0
BRDA:180,8,0,0
BRDA:180,8,1,0
BRDA:185,9,0,0
BRDA:185,9,1,0
BRDA:210,10,0,0
BRDA:210,10,1,0
BRDA:211,11,0,0
BRDA:211,11,1,0
BRDA:218,12,0,0
BRDA:218,12,1,0
BRDA:219,13,0,0
BRDA:219,13,1,0
BRDA:224,14,0,0
BRDA:224,14,1,0
BRDA:224,15,0,0
BRDA:224,15,1,0
BRDA:235,16,0,0
BRDA:235,16,1,0
BRDA:235,17,0,0
BRDA:235,17,1,0
BRDA:236,18,0,0
BRDA:236,18,1,0
BRDA:236,19,0,0
BRDA:236,19,1,0
BRDA:276,20,0,0
BRDA:276,20,1,0
BRDA:287,21,0,0
BRDA:287,21,1,0
BRDA:371,22,0,0
BRDA:371,22,1,0
BRF:46
BRH:0
end_of_record
TN:
SF:src\components\ui\ErrorBoundary.tsx
FN:17,(anonymous_0)
FN:26,(anonymous_1)
FN:34,(anonymous_2)
FN:49,(anonymous_3)
FN:53,(anonymous_4)
FN:57,(anonymous_5)
FN:65,(anonymous_6)
FN:151,(anonymous_7)
FN:154,(anonymous_8)
FN:158,(anonymous_9)
FN:164,(anonymous_10)
FN:179,(anonymous_11)
FN:205,(anonymous_12)
FNF:13
FNH:0
FNDA:0,(anonymous_0)
FNDA:0,(anonymous_1)
FNDA:0,(anonymous_2)
FNDA:0,(anonymous_3)
FNDA:0,(anonymous_4)
FNDA:0,(anonymous_5)
FNDA:0,(anonymous_6)
FNDA:0,(anonymous_7)
FNDA:0,(anonymous_8)
FNDA:0,(anonymous_9)
FNDA:0,(anonymous_10)
FNDA:0,(anonymous_11)
FNDA:0,(anonymous_12)
DA:18,0
DA:19,0
DA:27,0
DA:35,0
DA:41,0
DA:44,0
DA:45,0
DA:49,0
DA:50,0
DA:53,0
DA:54,0
DA:57,0
DA:58,0
DA:66,0
DA:68,0
DA:69,0
DA:73,0
DA:143,0
DA:151,1
DA:152,0
DA:154,0
DA:155,0
DA:158,0
DA:159,0
DA:160,0
DA:164,0
DA:165,0
DA:166,0
DA:170,0
DA:179,1
DA:185,0
DA:205,0
LF:32
LH:2
BRDA:44,0,0,0
BRDA:44,0,1,0
BRDA:66,1,0,0
BRDA:66,1,1,0
BRDA:68,2,0,0
BRDA:68,2,1,0
BRDA:116,3,0,0
BRDA:116,3,1,0
BRDA:116,3,2,0
BRDA:129,4,0,0
BRDA:129,4,1,0
BRDA:165,5,0,0
BRDA:165,5,1,0
BRDA:180,6,0,0
BRDA:181,7,0,0
BRDA:183,8,0,0
BRDA:193,9,0,0
BRDA:193,9,1,0
BRDA:203,10,0,0
BRDA:203,10,1,0
BRF:20
BRH:0
end_of_record
TN:
SF:src\components\ui\Loading.tsx
FN:11,(anonymous_0)
FN:55,(anonymous_1)
FN:68,(anonymous_2)
FN:77,(anonymous_3)
FN:90,(anonymous_4)
FN:93,(anonymous_5)
FNF:6
FNH:1
FNDA:2,(anonymous_0)
FNDA:0,(anonymous_1)
FNDA:0,(anonymous_2)
FNDA:0,(anonymous_3)
FNDA:0,(anonymous_4)
FNDA:0,(anonymous_5)
DA:11,1
DA:17,2
DA:23,2
DA:30,2
DA:40,2
DA:41,2
DA:48,0
DA:55,1
DA:56,0
DA:62,0
DA:68,1
DA:69,0
DA:77,1
DA:78,0
DA:90,1
DA:91,0
DA:94,0
LF:17
LH:10
BRDA:12,0,0,2
BRDA:13,1,0,0
BRDA:14,2,0,0
BRDA:15,3,0,2
BRDA:32,4,0,2
BRDA:32,4,1,2
BRDA:40,5,0,2
BRDA:40,5,1,0
BRDA:55,6,0,0
BRDA:90,7,0,0
BRF:10
BRH:5
end_of_record
TN:
SF:src\components\ui\Notification.tsx
FN:19,(anonymous_0)
FN:28,(anonymous_1)
FN:30,(anonymous_2)
FN:34,(anonymous_3)
FN:38,(anonymous_4)
FN:53,(anonymous_5)
FN:94,(anonymous_6)
FN:112,(anonymous_7)
FN:113,(anonymous_8)
FN:137,(anonymous_9)
FN:149,(anonymous_10)
FN:152,(anonymous_11)
FN:159,(anonymous_12)
FN:163,(anonymous_13)
FN:164,(anonymous_14)
FN:164,(anonymous_15)
FN:167,(anonymous_16)
FN:172,(anonymous_17)
FN:176,(anonymous_18)
FN:180,(anonymous_19)
FN:184,(anonymous_20)
FNF:21
FNH:0
FNDA:0,(anonymous_0)
FNDA:0,(anonymous_1)
FNDA:0,(anonymous_2)
FNDA:0,(anonymous_3)
FNDA:0,(anonymous_4)
FNDA:0,(anonymous_5)
FNDA:0,(anonymous_6)
FNDA:0,(anonymous_7)
FNDA:0,(anonymous_8)
FNDA:0,(anonymous_9)
FNDA:0,(anonymous_10)
FNDA:0,(anonymous_11)
FNDA:0,(anonymous_12)
FNDA:0,(anonymous_13)
FNDA:0,(anonymous_14)
FNDA:0,(anonymous_15)
FNDA:0,(anonymous_16)
FNDA:0,(anonymous_17)
FNDA:0,(anonymous_18)
FNDA:0,(anonymous_19)
FNDA:0,(anonymous_20)
DA:19,1
DA:28,0
DA:29,0
DA:30,0
DA:31,0
DA:34,0
DA:38,0
DA:39,0
DA:41,0
DA:43,0
DA:45,0
DA:47,0
DA:49,0
DA:53,0
DA:54,0
DA:56,0
DA:58,0
DA:60,0
DA:62,0
DA:64,0
DA:68,0
DA:94,0
DA:112,1
DA:113,0
DA:114,0
DA:116,0
DA:118,0
DA:120,0
DA:122,0
DA:124,0
DA:128,0
DA:129,0
DA:132,0
DA:138,0
DA:149,1
DA:150,0
DA:152,0
DA:153,0
DA:154,0
DA:159,0
DA:160,0
DA:163,0
DA:164,0
DA:167,0
DA:168,0
DA:172,0
DA:173,0
DA:176,0
DA:177,0
DA:180,0
DA:181,0
DA:184,0
DA:185,0
DA:188,0
LF:54
LH:3
BRDA:24,0,0,0
BRDA:25,1,0,0
BRDA:29,2,0,0
BRDA:29,2,1,0
BRDA:29,3,0,0
BRDA:29,3,1,0
BRDA:39,4,0,0
BRDA:39,4,1,0
BRDA:39,4,2,0
BRDA:39,4,3,0
BRDA:39,4,4,0
BRDA:54,5,0,0
BRDA:54,5,1,0
BRDA:54,5,2,0
BRDA:54,5,3,0
BRDA:54,5,4,0
BRDA:86,6,0,0
BRDA:86,6,1,0
BRDA:112,7,0,0
BRDA:114,8,0,0
BRDA:114,8,1,0
BRDA:114,8,2,0
BRDA:114,8,3,0
BRDA:114,8,4,0
BRDA:128,9,0,0
BRDA:128,9,1,0
BRF:26
BRH:0
end_of_record
TN:
SF:src\components\ui\alert.tsx
FN:25,(anonymous_0)
FN:38,(anonymous_1)
FN:50,(anonymous_2)
FNF:3
FNH:2
FNDA:5,(anonymous_0)
FNDA:0,(anonymous_1)
FNDA:5,(anonymous_2)
DA:6,4
DA:22,4
DA:26,5
DA:33,4
DA:35,4
DA:39,0
DA:45,4
DA:47,4
DA:51,5
DA:57,4
LF:10
LH:9
BRF:0
BRH:0
end_of_record
TN:
SF:src\components\ui\avatar.tsx
FN:9,(anonymous_0)
FN:24,(anonymous_1)
FN:36,(anonymous_2)
FNF:3
FNH:0
FNDA:0,(anonymous_0)
FNDA:0,(anonymous_1)
FNDA:0,(anonymous_2)
DA:6,1
DA:10,0
DA:19,1
DA:21,1
DA:25,0
DA:31,1
DA:33,1
DA:37,0
DA:46,1
LF:9
LH:6
BRF:0
BRH:0
end_of_record
TN:
SF:src\components\ui\badge.tsx
FN:30,Badge
FNF:1
FNH:1
FNDA:1,Badge
DA:6,2
DA:31,1
LF:2
LH:2
BRF:0
BRH:0
end_of_record
TN:
SF:src\components\ui\breadcrumb.tsx
FN:12,(anonymous_0)
FN:18,(anonymous_1)
FN:33,(anonymous_2)
FN:47,(anonymous_3)
FN:63,(anonymous_4)
FN:75,(anonymous_5)
FN:91,(anonymous_6)
FNF:7
FNH:0
FNDA:0,(anonymous_0)
FNDA:0,(anonymous_1)
FNDA:0,(anonymous_2)
FNDA:0,(anonymous_3)
FNDA:0,(anonymous_4)
FNDA:0,(anonymous_5)
FNDA:0,(anonymous_6)
DA:7,1
DA:12,0
DA:13,1
DA:15,1
DA:19,0
DA:28,1
DA:30,1
DA:34,0
DA:40,1
DA:42,1
DA:48,0
DA:50,0
DA:58,1
DA:60,1
DA:64,0
DA:73,1
DA:75,1
DA:80,0
DA:89,1
DA:91,1
DA:95,0
DA:105,1
LF:22
LH:14
BRDA:48,0,0,0
BRDA:48,0,1,0
BRDA:86,1,0,0
BRDA:86,1,1,0
BRF:4
BRH:0
end_of_record
TN:
SF:src\components\ui\button.tsx
FN:43,(anonymous_0)
FNF:1
FNH:1
FNDA:64,(anonymous_0)
DA:7,5
DA:42,5
DA:44,64
DA:45,64
DA:54,5
LF:5
LH:5
BRDA:43,0,0,64
BRDA:44,1,0,0
BRDA:44,1,1,64
BRF:3
BRH:2
end_of_record
TN:
SF:src\components\ui\calendar.tsx
FN:12,Calendar
FN:37,(anonymous_1)
FN:126,(anonymous_2)
FN:136,(anonymous_3)
FN:157,(anonymous_4)
FN:173,CalendarDayButton
FN:182,(anonymous_6)
FNF:7
FNH:0
FNDA:0,Calendar
FNDA:0,(anonymous_1)
FNDA:0,(anonymous_2)
FNDA:0,(anonymous_3)
FNDA:0,(anonymous_4)
FNDA:0,CalendarDayButton
FNDA:0,(anonymous_6)
DA:24,0
DA:26,0
DA:38,0
DA:127,0
DA:137,0
DA:138,0
DA:143,0
DA:144,0
DA:152,0
DA:158,0
DA:179,0
DA:181,0
DA:182,0
DA:183,0
DA:186,0
LF:15
LH:0
BRDA:15,0,0,0
BRDA:16,1,0,0
BRDA:17,2,0,0
BRDA:80,3,0,0
BRDA:80,3,1,0
BRDA:137,4,0,0
BRDA:137,4,1,0
BRDA:143,5,0,0
BRDA:143,5,1,0
BRDA:183,6,0,0
BRDA:183,6,1,0
BRDA:193,7,0,0
BRDA:193,7,1,0
BRDA:193,7,2,0
BRDA:193,7,3,0
BRF:15
BRH:0
end_of_record
TN:
SF:src\components\ui\card.tsx
FN:8,(anonymous_0)
FN:23,(anonymous_1)
FN:35,(anonymous_2)
FN:50,(anonymous_3)
FN:62,(anonymous_4)
FN:70,(anonymous_5)
FNF:6
FNH:5
FNDA:23,(anonymous_0)
FNDA:23,(anonymous_1)
FNDA:23,(anonymous_2)
FNDA:23,(anonymous_3)
FNDA:23,(anonymous_4)
FNDA:0,(anonymous_5)
DA:5,3
DA:9,23
DA:18,3
DA:20,3
DA:24,23
DA:30,3
DA:32,3
DA:36,23
DA:45,3
DA:47,3
DA:51,23
DA:57,3
DA:59,3
DA:63,23
DA:65,3
DA:67,3
DA:71,0
DA:77,3
LF:18
LH:17
BRF:0
BRH:0
end_of_record
TN:
SF:src\components\ui\checkbox.tsx
FN:10,(anonymous_0)
FNF:1
FNH:0
FNDA:0,(anonymous_0)
DA:7,1
DA:11,0
DA:26,1
LF:3
LH:2
BRF:0
BRH:0
end_of_record
TN:
SF:src\components\ui\collapsible.tsx
FNF:0
FNH:0
DA:3,1
DA:5,1
DA:7,1
LF:3
LH:3
BRF:0
BRH:0
end_of_record
TN:
SF:src\components\ui\dialog.tsx
FN:18,(anonymous_0)
FN:33,(anonymous_1)
FN:54,(anonymous_2)
FN:68,(anonymous_3)
FN:85,(anonymous_4)
FN:100,(anonymous_5)
FNF:6
FNH:5
FNDA:6,(anonymous_0)
FNDA:6,(anonymous_1)
FNDA:4,(anonymous_2)
FNDA:4,(anonymous_3)
FNDA:4,(anonymous_4)
FNDA:0,(anonymous_5)
DA:7,2
DA:9,2
DA:11,2
DA:13,2
DA:15,2
DA:19,6
DA:28,2
DA:30,2
DA:34,6
DA:52,2
DA:54,2
DA:58,4
DA:66,2
DA:68,2
DA:72,4
DA:80,2
DA:82,2
DA:86,4
DA:95,2
DA:97,2
DA:101,0
DA:107,2
LF:22
LH:21
BRF:0
BRH:0
end_of_record
TN:
SF:src\components\ui\dropdown-menu.tsx
FN:24,(anonymous_0)
FN:44,(anonymous_1)
FN:60,(anonymous_2)
FN:80,(anonymous_3)
FN:96,(anonymous_4)
FN:120,(anonymous_5)
FN:144,(anonymous_6)
FN:160,(anonymous_7)
FN:169,(anonymous_8)
FNF:9
FNH:1
FNDA:0,(anonymous_0)
FNDA:0,(anonymous_1)
FNDA:1,(anonymous_2)
FNDA:0,(anonymous_3)
FNDA:0,(anonymous_4)
FNDA:0,(anonymous_5)
FNDA:0,(anonymous_6)
FNDA:0,(anonymous_7)
FNDA:0,(anonymous_8)
DA:7,2
DA:9,2
DA:11,2
DA:13,2
DA:15,2
DA:17,2
DA:19,2
DA:25,0
DA:38,2
DA:41,2
DA:45,0
DA:54,2
DA:57,2
DA:61,1
DA:73,2
DA:75,2
DA:81,0
DA:91,2
DA:93,2
DA:97,0
DA:114,2
DA:117,2
DA:121,0
DA:137,2
DA:139,2
DA:145,0
DA:155,2
DA:157,2
DA:161,0
DA:167,2
DA:169,2
DA:173,0
DA:180,2
LF:33
LH:25
BRDA:29,0,0,0
BRDA:29,0,1,0
BRDA:60,1,0,1
BRDA:85,2,0,0
BRDA:85,2,1,0
BRDA:149,3,0,0
BRDA:149,3,1,0
BRF:7
BRH:1
end_of_record
TN:
SF:src\components\ui\form.tsx
FN:29,(anonymous_0)
FN:42,(anonymous_1)
FN:76,(anonymous_2)
FN:90,(anonymous_3)
FN:107,(anonymous_4)
FN:129,(anonymous_5)
FN:146,(anonymous_6)
FNF:7
FNH:6
FNDA:56,(anonymous_0)
FNDA:168,(anonymous_1)
FNDA:56,(anonymous_2)
FNDA:56,(anonymous_3)
FNDA:56,(anonymous_4)
FNDA:0,(anonymous_5)
FNDA:56,(anonymous_6)
DA:16,2
DA:25,2
DA:29,2
DA:35,56
DA:42,2
DA:43,168
DA:44,168
DA:45,168
DA:47,168
DA:49,168
DA:50,0
DA:53,168
DA:55,168
DA:69,2
DA:73,2
DA:77,56
DA:79,56
DA:85,2
DA:87,2
DA:91,56
DA:93,56
DA:102,2
DA:104,2
DA:108,56
DA:110,56
DA:124,2
DA:126,2
DA:130,0
DA:132,0
DA:141,2
DA:143,2
DA:147,56
DA:148,56
DA:150,56
DA:151,56
DA:154,0
DA:165,2
LF:37
LH:33
BRDA:49,0,0,0
BRDA:49,0,1,168
BRDA:96,1,0,56
BRDA:96,1,1,0
BRDA:115,2,0,56
BRDA:115,2,1,0
BRDA:148,3,0,0
BRDA:148,3,1,56
BRDA:150,4,0,56
BRDA:150,4,1,0
BRF:10
BRH:5
end_of_record
TN:
SF:src\components\ui\index.ts
FNF:0
FNH:0
LF:0
LH:0
BRF:0
BRH:0
end_of_record
TN:
SF:src\components\ui\input.tsx
FN:6,(anonymous_0)
FNF:1
FNH:1
FNDA:102,(anonymous_0)
DA:5,5
DA:7,102
DA:20,5
LF:3
LH:3
BRF:0
BRH:0
end_of_record
TN:
SF:src\components\ui\label.tsx
FN:15,(anonymous_0)
FNF:1
FNH:1
FNDA:102,(anonymous_0)
DA:7,4
DA:11,4
DA:16,102
DA:22,4
LF:4
LH:4
BRF:0
BRH:0
end_of_record
TN:
SF:src\components\ui\navigation-menu.tsx
FN:11,(anonymous_0)
FN:29,(anonymous_1)
FN:50,(anonymous_2)
FN:68,(anonymous_3)
FN:85,(anonymous_4)
FN:103,(anonymous_5)
FNF:6
FNH:0
FNDA:0,(anonymous_0)
FNDA:0,(anonymous_1)
FNDA:0,(anonymous_2)
FNDA:0,(anonymous_3)
FNDA:0,(anonymous_4)
FNDA:0,(anonymous_5)
DA:8,1
DA:12,0
DA:24,1
DA:26,1
DA:30,0
DA:39,1
DA:41,1
DA:43,1
DA:47,1
DA:51,0
DA:63,1
DA:65,1
DA:69,0
DA:78,1
DA:80,1
DA:82,1
DA:86,0
DA:97,1
DA:100,1
DA:104,0
DA:115,1
LF:21
LH:15
BRF:0
BRH:0
end_of_record
TN:
SF:src\components\ui\pagination.tsx
FN:7,(anonymous_0)
FN:20,(anonymous_1)
FN:32,(anonymous_2)
FN:42,(anonymous_3)
FN:62,(anonymous_4)
FN:78,(anonymous_5)
FN:94,(anonymous_6)
FNF:7
FNH:6
FNDA:4,(anonymous_0)
FNDA:4,(anonymous_1)
FNDA:10,(anonymous_2)
FNDA:10,(anonymous_3)
FNDA:4,(anonymous_4)
FNDA:4,(anonymous_5)
FNDA:0,(anonymous_6)
DA:7,2
DA:8,4
DA:15,2
DA:17,2
DA:21,4
DA:27,2
DA:29,2
DA:33,10
DA:35,2
DA:42,2
DA:48,10
DA:60,2
DA:62,2
DA:66,4
DA:76,2
DA:78,2
DA:82,4
DA:92,2
DA:94,2
DA:98,0
DA:107,2
LF:21
LH:20
BRDA:45,0,0,2
BRDA:49,1,0,2
BRDA:49,1,1,8
BRDA:52,2,0,2
BRDA:52,2,1,8
BRF:5
BRH:5
end_of_record
TN:
SF:src\components\ui\popover.tsx
FN:13,(anonymous_0)
FNF:1
FNH:1
FNDA:16,(anonymous_0)
DA:6,3
DA:8,3
DA:10,3
DA:14,16
DA:27,3
LF:5
LH:5
BRDA:13,0,0,8
BRDA:13,1,0,16
BRF:2
BRH:2
end_of_record
TN:
SF:src\components\ui\radio-group.tsx
FN:10,(anonymous_0)
FN:24,(anonymous_1)
FNF:2
FNH:0
FNDA:0,(anonymous_0)
FNDA:0,(anonymous_1)
DA:7,1
DA:11,0
DA:19,1
DA:21,1
DA:25,0
DA:40,1
LF:6
LH:4
BRF:0
BRH:0
end_of_record
TN:
SF:src\components\ui\select.tsx
FN:16,(anonymous_0)
FN:36,(anonymous_1)
FN:53,(anonymous_2)
FN:71,(anonymous_3)
FN:103,(anonymous_4)
FN:115,(anonymous_5)
FN:138,(anonymous_6)
FNF:7
FNH:5
FNDA:12,(anonymous_0)
FNDA:8,(anonymous_1)
FNDA:8,(anonymous_2)
FNDA:12,(anonymous_3)
FNDA:0,(anonymous_4)
FNDA:30,(anonymous_5)
FNDA:0,(anonymous_6)
DA:7,3
DA:9,3
DA:11,3
DA:13,3
DA:17,12
DA:31,3
DA:33,3
DA:37,8
DA:48,3
DA:50,3
DA:54,8
DA:65,3
DA:68,3
DA:72,12
DA:98,3
DA:100,3
DA:104,0
DA:110,3
DA:112,3
DA:116,30
DA:133,3
DA:135,3
DA:139,0
DA:145,3
LF:24
LH:22
BRDA:71,0,0,12
BRDA:77,1,0,12
BRDA:77,1,1,12
BRDA:88,2,0,12
BRDA:88,2,1,12
BRF:5
BRH:5
end_of_record
TN:
SF:src\components\ui\separator.tsx
FN:10,(anonymous_0)
FNF:1
FNH:1
FNDA:46,(anonymous_0)
DA:6,3
DA:14,46
DA:27,3
LF:3
LH:3
BRDA:11,0,0,46
BRDA:11,1,0,46
BRDA:20,2,0,46
BRDA:20,2,1,0
BRF:4
BRH:3
end_of_record
TN:
SF:src\components\ui\sheet.tsx
FN:19,(anonymous_0)
FN:57,(anonymous_1)
FN:75,(anonymous_2)
FN:89,(anonymous_3)
FN:106,(anonymous_4)
FN:118,(anonymous_5)
FNF:6
FNH:0
FNDA:0,(anonymous_0)
FNDA:0,(anonymous_1)
FNDA:0,(anonymous_2)
FNDA:0,(anonymous_3)
FNDA:0,(anonymous_4)
FNDA:0,(anonymous_5)
DA:8,1
DA:10,1
DA:12,1
DA:14,1
DA:16,1
DA:20,0
DA:29,1
DA:31,1
DA:54,1
DA:58,0
DA:73,1
DA:75,1
DA:79,0
DA:87,1
DA:89,1
DA:93,0
DA:101,1
DA:103,1
DA:107,0
DA:113,1
DA:115,1
DA:119,0
DA:125,1
LF:23
LH:17
BRDA:57,0,0,0
BRF:1
BRH:0
end_of_record
TN:
SF:src\components\ui\table.tsx
FN:8,(anonymous_0)
FN:22,(anonymous_1)
FN:30,(anonymous_2)
FN:42,(anonymous_3)
FN:57,(anonymous_4)
FN:72,(anonymous_5)
FN:87,(anonymous_6)
FN:99,(anonymous_7)
FNF:8
FNH:6
FNDA:4,(anonymous_0)
FNDA:4,(anonymous_1)
FNDA:4,(anonymous_2)
FNDA:0,(anonymous_3)
FNDA:8,(anonymous_4)
FNDA:28,(anonymous_5)
FNDA:10,(anonymous_6)
FNDA:0,(anonymous_7)
DA:5,2
DA:9,4
DA:17,2
DA:19,2
DA:23,4
DA:25,2
DA:27,2
DA:31,4
DA:37,2
DA:39,2
DA:43,0
DA:52,2
DA:54,2
DA:58,8
DA:67,2
DA:69,2
DA:73,28
DA:82,2
DA:84,2
DA:88,10
DA:94,2
DA:96,2
DA:100,0
DA:106,2
LF:24
LH:22
BRF:0
BRH:0
end_of_record
TN:
SF:src\components\ui\textarea.tsx
FN:8,(anonymous_0)
FNF:1
FNH:1
FNDA:4,(anonymous_0)
DA:5,2
DA:9,4
DA:20,2
LF:3
LH:3
BRF:0
BRH:0
end_of_record
TN:
SF:src\config\environment.ts
FN:12,(anonymous_0)
FN:36,(anonymous_1)
FNF:2
FNH:2
FNDA:4,(anonymous_0)
FNDA:4,(anonymous_1)
DA:12,4
DA:13,4
DA:14,4
DA:15,4
DA:18,4
DA:19,4
DA:21,0
DA:24,4
DA:33,4
DA:36,4
DA:37,4
DA:39,4
DA:40,0
DA:41,0
DA:45,4
DA:46,4
DA:47,4
DA:49,0
DA:50,0
DA:55,4
DA:56,4
DA:57,4
LF:22
LH:17
BRDA:19,0,0,0
BRDA:19,0,1,4
BRDA:25,1,0,4
BRDA:25,1,1,0
BRDA:26,2,0,0
BRDA:26,2,1,4
BRDA:26,3,0,0
BRDA:26,3,1,4
BRDA:27,4,0,4
BRDA:27,4,1,4
BRDA:28,5,0,0
BRDA:28,5,1,4
BRDA:39,6,0,0
BRDA:39,6,1,4
BRDA:55,7,0,4
BRDA:55,7,1,0
BRF:16
BRH:9
end_of_record
TN:
SF:src\features\auth\pages\LoginPage.tsx
FN:29,(anonymous_0)
FN:33,(anonymous_1)
FN:43,(anonymous_2)
FN:53,(anonymous_3)
FNF:4
FNH:4
FNDA:25,(anonymous_0)
FNDA:38,(anonymous_1)
FNDA:7,(anonymous_2)
FNDA:3,(anonymous_3)
DA:24,3
DA:29,3
DA:30,25
DA:31,25
DA:32,25
DA:33,38
DA:39,24
DA:43,24
DA:45,7
DA:49,24
DA:50,1
DA:53,23
DA:54,3
DA:56,3
DA:57,3
DA:62,2
DA:67,1
DA:69,2
DA:70,2
DA:74,23
LF:20
LH:20
BRDA:49,0,0,1
BRDA:49,0,1,23
BRDA:69,1,0,2
BRDA:69,1,1,2
BRDA:134,2,0,23
BRDA:134,2,1,5
BRDA:150,3,0,2
BRDA:150,3,1,21
BRDA:152,4,0,23
BRDA:152,4,1,2
BRDA:165,5,0,2
BRDA:165,5,1,21
BRDA:167,6,0,23
BRDA:167,6,1,2
BRDA:177,7,0,23
BRDA:177,7,1,3
BRDA:178,8,0,3
BRDA:178,8,1,20
BRF:18
BRH:18
end_of_record
TN:
SF:src\features\bancos\pages\BancosPage.tsx
FN:7,(anonymous_0)
FN:23,(anonymous_1)
FNF:2
FNH:0
FNDA:0,(anonymous_0)
FNDA:0,(anonymous_1)
DA:7,1
DA:8,0
DA:10,0
DA:25,0
LF:4
LH:1
BRF:0
BRH:0
end_of_record
TN:
SF:src\features\categorias\pages\CategoriasPage.tsx
FN:11,(anonymous_0)
FN:19,(anonymous_1)
FN:24,(anonymous_2)
FN:29,(anonymous_3)
FN:35,(anonymous_4)
FN:44,(anonymous_5)
FN:48,(anonymous_6)
FNF:7
FNH:0
FNDA:0,(anonymous_0)
FNDA:0,(anonymous_1)
FNDA:0,(anonymous_2)
FNDA:0,(anonymous_3)
FNDA:0,(anonymous_4)
FNDA:0,(anonymous_5)
FNDA:0,(anonymous_6)
DA:11,1
DA:12,0
DA:13,0
DA:14,0
DA:15,0
DA:16,0
DA:17,0
DA:19,0
DA:20,0
DA:21,0
DA:24,0
DA:25,0
DA:26,0
DA:29,0
DA:30,0
DA:31,0
DA:32,0
DA:35,0
DA:36,0
DA:37,0
DA:39,0
DA:43,0
DA:45,0
DA:46,0
DA:49,0
DA:50,0
DA:54,0
LF:27
LH:1
BRDA:39,0,0,0
BRDA:39,0,1,0
BRDA:49,1,0,0
BRDA:49,1,1,0
BRF:4
BRH:0
end_of_record
TN:
SF:src\features\clientes\components\ClienteForm.tsx
FN:11,(anonymous_0)
FN:41,(anonymous_1)
FN:93,(anonymous_2)
FN:98,(anonymous_3)
FN:100,(anonymous_4)
FNF:5
FNH:0
FNDA:0,(anonymous_0)
FNDA:0,(anonymous_1)
FNDA:0,(anonymous_2)
FNDA:0,(anonymous_3)
FNDA:0,(anonymous_4)
DA:11,0
DA:17,0
DA:41,0
DA:42,0
DA:43,0
DA:67,0
DA:93,0
DA:94,0
DA:95,0
DA:98,0
DA:99,0
DA:100,0
DA:106,0
DA:108,0
LF:14
LH:0
BRDA:42,0,0,0
BRDA:42,0,1,0
BRDA:102,1,0,0
BRDA:102,1,1,0
BRDA:102,2,0,0
BRDA:102,2,1,0
BRDA:106,3,0,0
BRDA:106,3,1,0
BRDA:113,4,0,0
BRDA:113,4,1,0
BRDA:167,5,0,0
BRDA:167,5,1,0
BRDA:313,6,0,0
BRDA:313,6,1,0
BRF:14
BRH:0
end_of_record
TN:
SF:src\features\clientes\components\ClientesTable.tsx
FN:9,(anonymous_0)
FN:103,(anonymous_1)
FN:135,(anonymous_2)
FNF:3
FNH:0
FNDA:0,(anonymous_0)
FNDA:0,(anonymous_1)
FNDA:0,(anonymous_2)
DA:9,0
DA:11,0
DA:66,0
DA:104,0
DA:135,0
LF:5
LH:0
BRDA:116,0,0,0
BRDA:116,0,1,0
BRDA:119,1,0,0
BRDA:119,1,1,0
BRDA:126,2,0,0
BRDA:126,2,1,0
BRDA:130,3,0,0
BRDA:130,3,1,0
BRF:8
BRH:0
end_of_record
TN:
SF:src\features\clientes\pages\ClientesPage.tsx
FN:11,(anonymous_0)
FN:19,(anonymous_1)
FN:24,(anonymous_2)
FN:29,(anonymous_3)
FN:35,(anonymous_4)
FN:44,(anonymous_5)
FN:48,(anonymous_6)
FNF:7
FNH:0
FNDA:0,(anonymous_0)
FNDA:0,(anonymous_1)
FNDA:0,(anonymous_2)
FNDA:0,(anonymous_3)
FNDA:0,(anonymous_4)
FNDA:0,(anonymous_5)
FNDA:0,(anonymous_6)
DA:11,1
DA:12,0
DA:13,0
DA:14,0
DA:15,0
DA:16,0
DA:17,0
DA:19,0
DA:20,0
DA:21,0
DA:24,0
DA:25,0
DA:26,0
DA:29,0
DA:30,0
DA:31,0
DA:32,0
DA:35,0
DA:36,0
DA:37,0
DA:39,0
DA:43,0
DA:45,0
DA:46,0
DA:49,0
DA:50,0
DA:54,0
LF:27
LH:1
BRDA:39,0,0,0
BRDA:39,0,1,0
BRDA:49,1,0,0
BRDA:49,1,1,0
BRF:4
BRH:0
end_of_record
TN:
SF:src\features\contas-pagar\pages\ContasPagarPage.tsx
FN:10,(anonymous_0)
FN:21,(anonymous_1)
FN:26,(anonymous_2)
FN:31,(anonymous_3)
FN:36,(anonymous_4)
FN:41,(anonymous_5)
FN:47,(anonymous_6)
FN:50,(anonymous_7)
FN:55,(anonymous_8)
FN:61,(anonymous_9)
FN:67,(anonymous_10)
FN:71,(anonymous_11)
FNF:12
FNH:0
FNDA:0,(anonymous_0)
FNDA:0,(anonymous_1)
FNDA:0,(anonymous_2)
FNDA:0,(anonymous_3)
FNDA:0,(anonymous_4)
FNDA:0,(anonymous_5)
FNDA:0,(anonymous_6)
FNDA:0,(anonymous_7)
FNDA:0,(anonymous_8)
FNDA:0,(anonymous_9)
FNDA:0,(anonymous_10)
FNDA:0,(anonymous_11)
DA:10,1
DA:11,0
DA:12,0
DA:14,0
DA:15,0
DA:16,0
DA:17,0
DA:18,0
DA:19,0
DA:21,0
DA:22,0
DA:23,0
DA:26,0
DA:27,0
DA:28,0
DA:31,0
DA:32,0
DA:33,0
DA:36,0
DA:37,0
DA:38,0
DA:41,0
DA:42,0
DA:43,0
DA:44,0
DA:47,0
DA:48,0
DA:49,0
DA:51,0
DA:54,0
DA:56,0
DA:61,0
DA:62,0
DA:63,0
DA:64,0
DA:66,0
DA:68,0
DA:69,0
DA:72,0
DA:73,0
DA:78,0
LF:41
LH:1
BRDA:48,0,0,0
BRDA:48,0,1,0
BRDA:62,1,0,0
BRDA:62,1,1,0
BRDA:72,2,0,0
BRDA:72,2,1,0
BRDA:108,3,0,0
BRDA:108,3,1,0
BRF:8
BRH:0
end_of_record
TN:
SF:src\features\contas-receber\pages\ContasReceberPage.tsx
FN:10,(anonymous_0)
FN:21,(anonymous_1)
FN:26,(anonymous_2)
FN:31,(anonymous_3)
FN:36,(anonymous_4)
FN:41,(anonymous_5)
FN:47,(anonymous_6)
FN:50,(anonymous_7)
FN:55,(anonymous_8)
FN:61,(anonymous_9)
FN:67,(anonymous_10)
FN:71,(anonymous_11)
FNF:12
FNH:0
FNDA:0,(anonymous_0)
FNDA:0,(anonymous_1)
FNDA:0,(anonymous_2)
FNDA:0,(anonymous_3)
FNDA:0,(anonymous_4)
FNDA:0,(anonymous_5)
FNDA:0,(anonymous_6)
FNDA:0,(anonymous_7)
FNDA:0,(anonymous_8)
FNDA:0,(anonymous_9)
FNDA:0,(anonymous_10)
FNDA:0,(anonymous_11)
DA:10,1
DA:11,0
DA:12,0
DA:14,0
DA:15,0
DA:16,0
DA:17,0
DA:18,0
DA:19,0
DA:21,0
DA:22,0
DA:23,0
DA:26,0
DA:27,0
DA:28,0
DA:31,0
DA:32,0
DA:33,0
DA:36,0
DA:37,0
DA:38,0
DA:41,0
DA:42,0
DA:43,0
DA:44,0
DA:47,0
DA:48,0
DA:49,0
DA:51,0
DA:54,0
DA:56,0
DA:61,0
DA:62,0
DA:63,0
DA:64,0
DA:66,0
DA:68,0
DA:69,0
DA:72,0
DA:73,0
DA:78,0
LF:41
LH:1
BRDA:48,0,0,0
BRDA:48,0,1,0
BRDA:62,1,0,0
BRDA:62,1,1,0
BRDA:72,2,0,0
BRDA:72,2,1,0
BRDA:108,3,0,0
BRDA:108,3,1,0
BRF:8
BRH:0
end_of_record
TN:
SF:src\features\contas\pages\ContasPage.tsx
FN:7,(anonymous_0)
FN:23,(anonymous_1)
FNF:2
FNH:0
FNDA:0,(anonymous_0)
FNDA:0,(anonymous_1)
DA:7,1
DA:8,0
DA:10,0
DA:25,0
LF:4
LH:1
BRF:0
BRH:0
end_of_record
TN:
SF:src\features\dashboard\pages\DashboardPage.tsx
FN:33,(anonymous_0)
FN:68,(anonymous_1)
FN:81,(anonymous_2)
FN:82,(anonymous_3)
FN:100,(anonymous_4)
FN:108,(anonymous_5)
FN:113,(anonymous_6)
FN:121,(anonymous_7)
FN:122,(anonymous_8)
FN:129,(anonymous_9)
FN:130,(anonymous_10)
FN:211,(anonymous_11)
FN:231,(anonymous_12)
FN:282,(anonymous_13)
FN:316,(anonymous_14)
FN:318,(anonymous_15)
FN:350,(anonymous_16)
FN:352,(anonymous_17)
FN:375,(anonymous_18)
FN:377,(anonymous_19)
FN:377,(anonymous_20)
FN:403,(anonymous_21)
FN:405,(anonymous_22)
FN:405,(anonymous_23)
FNF:24
FNH:0
FNDA:0,(anonymous_0)
FNDA:0,(anonymous_1)
FNDA:0,(anonymous_2)
FNDA:0,(anonymous_3)
FNDA:0,(anonymous_4)
FNDA:0,(anonymous_5)
FNDA:0,(anonymous_6)
FNDA:0,(anonymous_7)
FNDA:0,(anonymous_8)
FNDA:0,(anonymous_9)
FNDA:0,(anonymous_10)
FNDA:0,(anonymous_11)
FNDA:0,(anonymous_12)
FNDA:0,(anonymous_13)
FNDA:0,(anonymous_14)
FNDA:0,(anonymous_15)
FNDA:0,(anonymous_16)
FNDA:0,(anonymous_17)
FNDA:0,(anonymous_18)
FNDA:0,(anonymous_19)
FNDA:0,(anonymous_20)
FNDA:0,(anonymous_21)
FNDA:0,(anonymous_22)
FNDA:0,(anonymous_23)
DA:33,1
DA:34,0
DA:68,1
DA:69,0
DA:77,0
DA:78,0
DA:81,0
DA:82,0
DA:83,0
DA:84,0
DA:85,0
DA:86,0
DA:87,0
DA:89,0
DA:90,0
DA:92,0
DA:96,0
DA:100,0
DA:101,0
DA:108,0
DA:109,0
DA:113,0
DA:120,0
DA:121,0
DA:122,0
DA:128,0
DA:129,0
DA:130,0
DA:137,0
DA:151,0
DA:184,0
DA:212,0
DA:231,0
DA:282,0
DA:316,0
DA:318,0
DA:350,0
DA:352,0
DA:375,0
DA:377,0
DA:378,0
DA:403,0
DA:405,0
DA:406,0
LF:44
LH:2
BRDA:47,0,0,0
BRDA:47,0,1,0
BRDA:49,1,0,0
BRDA:49,1,1,0
BRDA:55,2,0,0
BRDA:55,2,1,0
BRDA:137,3,0,0
BRDA:137,3,1,0
BRDA:151,4,0,0
BRDA:151,4,1,0
BRDA:168,5,0,0
BRDA:168,5,1,0
BRDA:193,6,0,0
BRDA:193,6,1,0
BRDA:200,7,0,0
BRDA:200,7,1,0
BRDA:206,8,0,0
BRDA:206,8,1,0
BRDA:206,8,2,0
BRDA:225,9,0,0
BRDA:225,9,1,0
BRDA:258,10,0,0
BRDA:258,10,1,0
BRDA:276,11,0,0
BRDA:276,11,1,0
BRDA:276,12,0,0
BRDA:276,12,1,0
BRDA:289,13,0,0
BRDA:289,13,1,0
BRDA:307,14,0,0
BRDA:307,14,1,0
BRDA:323,15,0,0
BRDA:323,15,1,0
BRDA:341,16,0,0
BRDA:341,16,1,0
BRDA:358,17,0,0
BRDA:358,17,1,0
BRDA:375,18,0,0
BRDA:375,18,1,0
BRDA:403,19,0,0
BRDA:403,19,1,0
BRF:41
BRH:0
end_of_record
TN:
SF:src\features\empresas\pages\EmpresasPage.tsx
FN:10,(anonymous_0)
FN:17,(anonymous_1)
FN:22,(anonymous_2)
FN:39,(anonymous_3)
FN:54,(anonymous_4)
FNF:5
FNH:0
FNDA:0,(anonymous_0)
FNDA:0,(anonymous_1)
FNDA:0,(anonymous_2)
FNDA:0,(anonymous_3)
FNDA:0,(anonymous_4)
DA:10,1
DA:11,0
DA:12,0
DA:13,0
DA:14,0
DA:15,0
DA:17,0
DA:18,0
DA:19,0
DA:22,0
DA:23,0
DA:24,0
DA:25,0
DA:26,0
DA:28,0
DA:30,0
DA:31,0
DA:33,0
DA:35,0
DA:39,0
DA:40,0
DA:41,0
DA:44,0
DA:54,0
LF:24
LH:1
BRDA:25,0,0,0
BRDA:25,0,1,0
BRF:2
BRH:0
end_of_record
TN:
SF:src\features\lancamentos\components\LancamentoForm.tsx
FN:11,(anonymous_0)
FN:32,(anonymous_1)
FN:67,(anonymous_2)
FN:72,(anonymous_3)
FN:74,(anonymous_4)
FNF:5
FNH:0
FNDA:0,(anonymous_0)
FNDA:0,(anonymous_1)
FNDA:0,(anonymous_2)
FNDA:0,(anonymous_3)
FNDA:0,(anonymous_4)
DA:11,0
DA:17,0
DA:32,0
DA:33,0
DA:34,0
DA:49,0
DA:50,0
DA:67,0
DA:68,0
DA:69,0
DA:72,0
DA:73,0
DA:74,0
DA:86,0
DA:88,0
LF:15
LH:0
BRDA:33,0,0,0
BRDA:33,0,1,0
BRDA:76,1,0,0
BRDA:76,1,1,0
BRDA:78,2,0,0
BRDA:78,2,1,0
BRDA:79,3,0,0
BRDA:79,3,1,0
BRDA:80,4,0,0
BRDA:80,4,1,0
BRDA:80,5,0,0
BRDA:80,5,1,0
BRDA:86,6,0,0
BRDA:86,6,1,0
BRDA:93,7,0,0
BRDA:93,7,1,0
BRDA:203,8,0,0
BRDA:203,8,1,0
BRDA:237,9,0,0
BRDA:237,9,1,0
BRDA:249,10,0,0
BRDA:249,10,1,0
BRDA:265,11,0,0
BRDA:265,11,1,0
BRDA:282,12,0,0
BRDA:282,12,1,0
BRDA:302,13,0,0
BRDA:302,13,1,0
BRF:28
BRH:0
end_of_record
TN:
SF:src\features\lancamentos\components\LancamentosTable.tsx
FN:9,(anonymous_0)
FN:60,(anonymous_1)
FN:67,(anonymous_2)
FN:108,(anonymous_3)
FN:148,(anonymous_4)
FNF:5
FNH:0
FNDA:0,(anonymous_0)
FNDA:0,(anonymous_1)
FNDA:0,(anonymous_2)
FNDA:0,(anonymous_3)
FNDA:0,(anonymous_4)
DA:9,0
DA:11,0
DA:60,0
DA:61,0
DA:67,0
DA:68,0
DA:71,0
DA:109,0
DA:148,0
LF:9
LH:0
BRDA:125,0,0,0
BRDA:125,0,1,0
BRDA:129,1,0,0
BRDA:129,1,1,0
BRDA:133,2,0,0
BRDA:133,2,1,0
BRDA:139,3,0,0
BRDA:139,3,1,0
BRDA:143,4,0,0
BRDA:143,4,1,0
BRF:10
BRH:0
end_of_record
TN:
SF:src\features\lancamentos\pages\LancamentosPage.tsx
FN:13,(anonymous_0)
FN:21,(anonymous_1)
FN:26,(anonymous_2)
FN:31,(anonymous_3)
FN:37,(anonymous_4)
FNF:5
FNH:0
FNDA:0,(anonymous_0)
FNDA:0,(anonymous_1)
FNDA:0,(anonymous_2)
FNDA:0,(anonymous_3)
FNDA:0,(anonymous_4)
DA:13,1
DA:14,0
DA:15,0
DA:16,0
DA:17,0
DA:18,0
DA:19,0
DA:21,0
DA:22,0
DA:23,0
DA:26,0
DA:27,0
DA:28,0
DA:31,0
DA:32,0
DA:33,0
DA:34,0
DA:37,0
DA:38,0
DA:39,0
DA:41,0
DA:42,0
DA:44,0
DA:45,0
DA:48,0
DA:49,0
DA:51,0
DA:53,0
DA:54,0
DA:55,0
DA:57,0
DA:61,0
LF:32
LH:1
BRDA:42,0,0,0
BRDA:42,0,1,0
BRDA:53,1,0,0
BRDA:53,1,1,0
BRF:4
BRH:0
end_of_record
TN:
SF:src\hooks\useUI.ts
FN:29,(anonymous_0)
FN:40,(anonymous_1)
FN:44,(anonymous_2)
FN:48,(anonymous_3)
FN:50,(anonymous_4)
FN:54,(anonymous_5)
FN:58,(anonymous_6)
FN:62,(anonymous_7)
FN:66,(anonymous_8)
FN:71,(anonymous_9)
FN:75,(anonymous_10)
FN:79,(anonymous_11)
FN:83,(anonymous_12)
FN:87,(anonymous_13)
FN:91,(anonymous_14)
FN:96,(anonymous_15)
FN:100,(anonymous_16)
FN:104,(anonymous_17)
FN:143,(anonymous_18)
FN:146,(anonymous_19)
FN:196,(anonymous_20)
FN:202,(anonymous_21)
FN:203,(anonymous_22)
FN:207,(anonymous_23)
FN:211,(anonymous_24)
FN:212,(anonymous_25)
FN:215,(anonymous_26)
FN:216,(anonymous_27)
FN:219,(anonymous_28)
FN:223,(anonymous_29)
FN:229,(anonymous_30)
FN:248,(anonymous_31)
FN:253,(anonymous_32)
FN:267,(anonymous_33)
FN:268,(anonymous_34)
FN:269,(anonymous_35)
FNF:36
FNH:0
FNDA:0,(anonymous_0)
FNDA:0,(anonymous_1)
FNDA:0,(anonymous_2)
FNDA:0,(anonymous_3)
FNDA:0,(anonymous_4)
FNDA:0,(anonymous_5)
FNDA:0,(anonymous_6)
FNDA:0,(anonymous_7)
FNDA:0,(anonymous_8)
FNDA:0,(anonymous_9)
FNDA:0,(anonymous_10)
FNDA:0,(anonymous_11)
FNDA:0,(anonymous_12)
FNDA:0,(anonymous_13)
FNDA:0,(anonymous_14)
FNDA:0,(anonymous_15)
FNDA:0,(anonymous_16)
FNDA:0,(anonymous_17)
FNDA:0,(anonymous_18)
FNDA:0,(anonymous_19)
FNDA:0,(anonymous_20)
FNDA:0,(anonymous_21)
FNDA:0,(anonymous_22)
FNDA:0,(anonymous_23)
FNDA:0,(anonymous_24)
FNDA:0,(anonymous_25)
FNDA:0,(anonymous_26)
FNDA:0,(anonymous_27)
FNDA:0,(anonymous_28)
FNDA:0,(anonymous_29)
FNDA:0,(anonymous_30)
FNDA:0,(anonymous_31)
FNDA:0,(anonymous_32)
FNDA:0,(anonymous_33)
FNDA:0,(anonymous_34)
FNDA:0,(anonymous_35)
DA:29,1
DA:30,0
DA:33,0
DA:34,0
DA:35,0
DA:36,0
DA:37,0
DA:40,0
DA:41,0
DA:44,0
DA:45,0
DA:48,0
DA:50,0
DA:51,0
DA:54,0
DA:55,0
DA:58,0
DA:59,0
DA:62,0
DA:63,0
DA:66,0
DA:67,0
DA:71,0
DA:72,0
DA:75,0
DA:76,0
DA:79,0
DA:80,0
DA:83,0
DA:84,0
DA:87,0
DA:88,0
DA:91,0
DA:92,0
DA:96,0
DA:97,0
DA:100,0
DA:101,0
DA:104,0
DA:105,0
DA:108,0
DA:143,1
DA:144,0
DA:146,0
DA:156,0
DA:158,0
DA:159,0
DA:160,0
DA:162,0
DA:163,0
DA:166,0
DA:167,0
DA:170,0
DA:172,0
DA:174,0
DA:175,0
DA:177,0
DA:180,0
DA:181,0
DA:184,0
DA:186,0
DA:190,0
DA:196,1
DA:197,0
DA:198,0
DA:199,0
DA:200,0
DA:202,0
DA:203,0
DA:206,0
DA:207,0
DA:211,0
DA:212,0
DA:215,0
DA:216,0
DA:219,0
DA:220,0
DA:223,0
DA:224,0
DA:225,0
DA:226,0
DA:229,0
DA:245,0
DA:247,0
DA:248,0
DA:254,0
DA:255,0
DA:257,0
DA:258,0
DA:264,0
DA:267,0
DA:268,0
DA:269,0
DA:271,0
LF:94
LH:3
BRDA:51,0,0,0
BRDA:51,0,1,0
BRDA:162,1,0,0
BRDA:162,1,1,0
BRDA:166,2,0,0
BRDA:166,2,1,0
BRDA:172,3,0,0
BRDA:172,3,1,0
BRDA:174,4,0,0
BRDA:174,4,1,0
BRDA:180,5,0,0
BRDA:180,5,1,0
BRDA:181,6,0,0
BRDA:181,6,1,0
BRDA:206,7,0,0
BRDA:206,7,1,0
BRDA:240,8,0,0
BRDA:244,9,0,0
BRDA:245,10,0,0
BRDA:245,10,1,0
BRDA:254,11,0,0
BRDA:254,11,1,0
BRDA:257,12,0,0
BRDA:257,12,1,0
BRDA:268,13,0,0
BRDA:268,13,1,0
BRF:26
BRH:0
end_of_record
TN:
SF:src\i18n\index.ts
FNF:0
FNH:0
DA:5,0
DA:11,0
LF:2
LH:0
BRF:0
BRH:0
end_of_record
TN:
SF:src\i18n\locales\pt-br.ts
FNF:0
FNH:0
DA:1,0
LF:1
LH:0
BRF:0
BRH:0
end_of_record
TN:
SF:src\lib\utils.ts
FN:4,cn
FN:8,formatCurrency
FN:15,formatDate
FN:20,formatDateTime
FNF:4
FNH:1
FNDA:789,cn
FNDA:0,formatCurrency
FNDA:0,formatDate
FNDA:0,formatDateTime
DA:5,789
DA:9,0
DA:16,0
DA:17,0
DA:21,0
DA:22,0
LF:6
LH:1
BRDA:16,0,0,0
BRDA:16,0,1,0
BRDA:21,1,0,0
BRDA:21,1,1,0
BRF:4
BRH:0
end_of_record
TN:
SF:src\services\api.ts
FN:9,(anonymous_0)
FN:33,(anonymous_1)
FN:41,(anonymous_2)
FN:49,(anonymous_3)
FN:53,(anonymous_4)
FN:98,(anonymous_5)
FN:101,(anonymous_6)
FN:104,(anonymous_7)
FN:107,(anonymous_8)
FN:112,(anonymous_9)
FN:115,(anonymous_10)
FNF:11
FNH:2
FNDA:6,(anonymous_0)
FNDA:2,(anonymous_1)
FNDA:0,(anonymous_2)
FNDA:0,(anonymous_3)
FNDA:0,(anonymous_4)
FNDA:0,(anonymous_5)
FNDA:0,(anonymous_6)
FNDA:0,(anonymous_7)
FNDA:0,(anonymous_8)
FNDA:0,(anonymous_9)
FNDA:0,(anonymous_10)
DA:5,4
DA:6,4
DA:9,4
DA:10,6
DA:11,6
DA:16,4
DA:25,4
DA:32,4
DA:34,2
DA:35,2
DA:36,0
DA:38,2
DA:39,2
DA:42,0
DA:43,0
DA:48,4
DA:50,0
DA:51,0
DA:54,0
DA:55,0
DA:57,0
DA:59,0
DA:61,0
DA:62,0
DA:63,0
DA:64,0
DA:66,0
DA:69,0
DA:97,4
DA:99,0
DA:102,0
DA:105,0
DA:108,0
DA:111,4
DA:113,0
DA:116,0
LF:36
LH:15
BRDA:10,0,0,6
BRDA:10,0,1,0
BRDA:35,1,0,0
BRDA:35,1,1,2
BRDA:59,2,0,0
BRDA:59,2,1,0
BRDA:64,3,0,0
BRDA:64,3,1,0
BRDA:64,4,0,0
BRDA:64,4,1,0
BRF:10
BRH:2
end_of_record
TN:
SF:src\services\bancosApi.ts
FN:31,(anonymous_0)
FN:38,(anonymous_1)
FN:41,(anonymous_2)
FN:44,(anonymous_3)
FN:47,(anonymous_4)
FNF:5
FNH:0
FNDA:0,(anonymous_0)
FNDA:0,(anonymous_1)
FNDA:0,(anonymous_2)
FNDA:0,(anonymous_3)
FNDA:0,(anonymous_4)
DA:30,3
DA:36,0
DA:39,0
DA:42,0
DA:45,0
DA:48,0
LF:6
LH:1
BRF:0
BRH:0
end_of_record
TN:
SF:src\services\categoriaService.ts
FN:33,(anonymous_0)
FN:46,(anonymous_1)
FN:52,(anonymous_2)
FN:58,(anonymous_3)
FN:64,(anonymous_4)
FN:69,(anonymous_5)
FN:77,(anonymous_6)
FN:85,(anonymous_7)
FN:91,(anonymous_8)
FN:99,(anonymous_9)
FN:109,(anonymous_10)
FN:125,(anonymous_11)
FN:133,(anonymous_12)
FNF:13
FNH:0
FNDA:0,(anonymous_0)
FNDA:0,(anonymous_1)
FNDA:0,(anonymous_2)
FNDA:0,(anonymous_3)
FNDA:0,(anonymous_4)
FNDA:0,(anonymous_5)
FNDA:0,(anonymous_6)
FNDA:0,(anonymous_7)
FNDA:0,(anonymous_8)
FNDA:0,(anonymous_9)
FNDA:0,(anonymous_10)
FNDA:0,(anonymous_11)
FNDA:0,(anonymous_12)
DA:31,0
DA:41,0
DA:42,0
DA:47,0
DA:48,0
DA:53,0
DA:54,0
DA:59,0
DA:60,0
DA:65,0
DA:70,0
DA:73,0
DA:78,0
DA:81,0
DA:86,0
DA:87,0
DA:92,0
DA:95,0
DA:104,0
DA:105,0
DA:115,0
DA:121,0
DA:126,0
DA:129,0
DA:138,0
DA:141,0
LF:26
LH:0
BRDA:139,0,0,0
BRDA:139,0,1,0
BRF:2
BRH:0
end_of_record
TN:
SF:src\services\categoriasApi.ts
FN:34,(anonymous_0)
FN:43,(anonymous_1)
FN:46,(anonymous_2)
FN:49,(anonymous_3)
FN:52,(anonymous_4)
FN:56,(anonymous_5)
FN:59,(anonymous_6)
FNF:7
FNH:0
FNDA:0,(anonymous_0)
FNDA:0,(anonymous_1)
FNDA:0,(anonymous_2)
FNDA:0,(anonymous_3)
FNDA:0,(anonymous_4)
FNDA:0,(anonymous_5)
FNDA:0,(anonymous_6)
DA:33,3
DA:41,0
DA:44,0
DA:47,0
DA:50,0
DA:53,0
DA:57,0
DA:60,0
LF:8
LH:1
BRF:0
BRH:0
end_of_record
TN:
SF:src\services\clienteService.ts
FN:38,(anonymous_0)
FN:50,(anonymous_1)
FN:56,(anonymous_2)
FN:62,(anonymous_3)
FN:68,(anonymous_4)
FN:73,(anonymous_5)
FN:81,(anonymous_6)
FNF:7
FNH:0
FNDA:0,(anonymous_0)
FNDA:0,(anonymous_1)
FNDA:0,(anonymous_2)
FNDA:0,(anonymous_3)
FNDA:0,(anonymous_4)
FNDA:0,(anonymous_5)
FNDA:0,(anonymous_6)
DA:36,0
DA:45,0
DA:46,0
DA:51,0
DA:52,0
DA:57,0
DA:58,0
DA:63,0
DA:64,0
DA:69,0
DA:74,0
DA:77,0
DA:82,0
DA:85,0
LF:14
LH:0
BRF:0
BRH:0
end_of_record
TN:
SF:src\services\clientesApi.ts
FN:64,(anonymous_0)
FN:72,(anonymous_1)
FN:75,(anonymous_2)
FN:78,(anonymous_3)
FN:81,(anonymous_4)
FNF:5
FNH:0
FNDA:0,(anonymous_0)
FNDA:0,(anonymous_1)
FNDA:0,(anonymous_2)
FNDA:0,(anonymous_3)
FNDA:0,(anonymous_4)
DA:63,3
DA:70,0
DA:73,0
DA:76,0
DA:79,0
DA:82,0
LF:6
LH:1
BRF:0
BRH:0
end_of_record
TN:
SF:src\services\contasApi.ts
FN:54,(anonymous_0)
FN:62,(anonymous_1)
FN:65,(anonymous_2)
FN:68,(anonymous_3)
FN:71,(anonymous_4)
FNF:5
FNH:0
FNDA:0,(anonymous_0)
FNDA:0,(anonymous_1)
FNDA:0,(anonymous_2)
FNDA:0,(anonymous_3)
FNDA:0,(anonymous_4)
DA:53,3
DA:60,0
DA:63,0
[...]
FNDA:0,(anonymous_19)
FNDA:0,(anonymous_20)
FNDA:0,(anonymous_21)
FNDA:0,(anonymous_22)
FNDA:0,(anonymous_23)
FNDA:0,(anonymous_24)
FNDA:0,(anonymous_25)
FNDA:0,(anonymous_26)
FNDA:0,(anonymous_27)
FNDA:0,(anonymous_28)
FNDA:0,(anonymous_29)
FNDA:0,(anonymous_30)
FNDA:0,(anonymous_31)
FNDA:0,(anonymous_32)
FNDA:0,(anonymous_33)
FNDA:0,(anonymous_34)
FNDA:0,(anonymous_35)
FNDA:0,(anonymous_36)
FNDA:0,(anonymous_37)
FNDA:0,(anonymous_38)
FNDA:0,(anonymous_39)
FNDA:0,(anonymous_40)
FNDA:0,(anonymous_41)
FNDA:0,(anonymous_42)
FNDA:0,(anonymous_43)
FNDA:0,(anonymous_44)
DA:6,4
DA:19,2
DA:20,2
DA:21,0
DA:23,0
DA:28,4
DA:31,0
DA:32,0
DA:33,0
DA:35,0
DA:40,4
DA:43,0
DA:44,0
DA:45,0
DA:47,0
DA:52,4
DA:55,0
DA:56,0
DA:57,0
DA:59,0
DA:64,4
DA:67,0
DA:68,0
DA:69,0
DA:71,0
DA:76,4
DA:79,0
DA:80,0
DA:81,0
DA:83,0
DA:88,4
DA:91,0
DA:92,0
DA:93,0
DA:95,0
DA:124,4
DA:139,4
DA:152,0
DA:155,0
DA:156,0
DA:158,0
DA:159,0
DA:163,0
DA:166,0
DA:169,0
DA:174,4
DA:176,2
DA:177,2
DA:180,0
DA:181,0
DA:182,0
DA:185,0
DA:186,0
DA:190,0
DA:191,0
DA:194,0
DA:195,0
DA:198,0
DA:199,0
DA:203,0
DA:204,0
DA:207,0
DA:208,0
DA:209,0
DA:212,0
DA:213,0
DA:217,0
DA:218,0
DA:221,0
DA:222,0
DA:223,0
DA:224,0
DA:226,0
DA:227,0
DA:231,0
DA:232,0
DA:236,0
DA:237,0
DA:240,0
DA:241,0
DA:242,0
DA:243,0
DA:244,0
DA:248,0
DA:249,0
DA:253,0
DA:254,0
DA:257,0
DA:258,0
DA:259,0
DA:260,0
DA:262,0
DA:263,0
DA:267,0
DA:268,0
DA:272,0
DA:273,0
DA:276,0
DA:277,0
DA:280,0
DA:281,0
DA:293,4
DA:296,4
DA:297,4
DA:298,4
DA:299,4
DA:300,4
DA:301,4
DA:302,4
DA:303,4
LF:110
LH:23
BRDA:23,0,0,0
BRDA:23,0,1,0
BRDA:35,1,0,0
BRDA:35,1,1,0
BRDA:47,2,0,0
BRDA:47,2,1,0
BRDA:59,3,0,0
BRDA:59,3,1,0
BRDA:71,4,0,0
BRDA:71,4,1,0
BRDA:83,5,0,0
BRDA:83,5,1,0
BRDA:95,6,0,0
BRDA:95,6,1,0
BRDA:155,7,0,0
BRDA:155,7,1,0
BRDA:158,8,0,0
BRDA:158,8,1,0
BRDA:223,9,0,0
BRDA:223,9,1,0
BRDA:226,10,0,0
BRDA:226,10,1,0
BRDA:226,11,0,0
BRDA:226,11,1,0
BRDA:243,12,0,0
BRDA:243,12,1,0
BRDA:243,13,0,0
BRDA:243,13,1,0
BRDA:259,14,0,0
BRDA:259,14,1,0
BRDA:262,15,0,0
BRDA:262,15,1,0
BRDA:262,16,0,0
BRDA:262,16,1,0
BRF:34
BRH:0
end_of_record
TN:
SF:src\store\slices\contasReceberSlice.ts
FN:8,(anonymous_0)
FN:30,(anonymous_1)
FN:42,(anonymous_2)
FN:54,(anonymous_3)
FN:66,(anonymous_4)
FN:78,(anonymous_5)
FN:90,(anonymous_6)
FN:143,(anonymous_7)
FN:154,(anonymous_8)
FN:162,(anonymous_9)
FN:165,(anonymous_10)
FN:168,(anonymous_11)
FN:172,(anonymous_12)
FN:175,(anonymous_13)
FN:179,(anonymous_14)
FN:184,(anonymous_15)
FN:189,(anonymous_16)
FN:193,(anonymous_17)
FN:197,(anonymous_18)
FN:202,(anonymous_19)
FN:206,(anonymous_20)
FN:211,(anonymous_21)
FN:216,(anonymous_22)
FN:220,(anonymous_23)
FN:222,(anonymous_24)
FN:230,(anonymous_25)
FN:235,(anonymous_26)
FN:239,(anonymous_27)
FN:241,(anonymous_28)
FN:247,(anonymous_29)
FN:252,(anonymous_30)
FN:256,(anonymous_31)
FN:258,(anonymous_32)
FN:266,(anonymous_33)
FN:271,(anonymous_34)
FN:275,(anonymous_35)
FN:279,(anonymous_36)
FN:296,(anonymous_37)
FN:297,(anonymous_38)
FN:298,(anonymous_39)
FN:299,(anonymous_40)
FN:300,(anonymous_41)
FN:301,(anonymous_42)
FN:302,(anonymous_43)
FN:303,(anonymous_44)
FNF:45
FNH:1
FNDA:0,(anonymous_0)
FNDA:0,(anonymous_1)
FNDA:0,(anonymous_2)
FNDA:0,(anonymous_3)
FNDA:0,(anonymous_4)
FNDA:0,(anonymous_5)
FNDA:0,(anonymous_6)
FNDA:0,(anonymous_7)
FNDA:0,(anonymous_8)
FNDA:0,(anonymous_9)
FNDA:0,(anonymous_10)
FNDA:0,(anonymous_11)
FNDA:3,(anonymous_12)
FNDA:0,(anonymous_13)
FNDA:0,(anonymous_14)
FNDA:0,(anonymous_15)
FNDA:0,(anonymous_16)
FNDA:0,(anonymous_17)
FNDA:0,(anonymous_18)
FNDA:0,(anonymous_19)
FNDA:0,(anonymous_20)
FNDA:0,(anonymous_21)
FNDA:0,(anonymous_22)
FNDA:0,(anonymous_23)
FNDA:0,(anonymous_24)
FNDA:0,(anonymous_25)
FNDA:0,(anonymous_26)
FNDA:0,(anonymous_27)
FNDA:0,(anonymous_28)
FNDA:0,(anonymous_29)
FNDA:0,(anonymous_30)
FNDA:0,(anonymous_31)
FNDA:0,(anonymous_32)
FNDA:0,(anonymous_33)
FNDA:0,(anonymous_34)
FNDA:0,(anonymous_35)
FNDA:0,(anonymous_36)
FNDA:0,(anonymous_37)
FNDA:0,(anonymous_38)
FNDA:0,(anonymous_39)
FNDA:0,(anonymous_40)
FNDA:0,(anonymous_41)
FNDA:0,(anonymous_42)
FNDA:0,(anonymous_43)
FNDA:0,(anonymous_44)
DA:6,3
DA:19,0
DA:20,0
DA:21,0
DA:23,0
DA:28,3
DA:31,0
DA:32,0
DA:33,0
DA:35,0
DA:40,3
DA:43,0
DA:44,0
DA:45,0
DA:47,0
DA:52,3
DA:55,0
DA:56,0
DA:57,0
DA:59,0
DA:64,3
DA:67,0
DA:68,0
DA:69,0
DA:71,0
DA:76,3
DA:79,0
DA:80,0
DA:81,0
DA:83,0
DA:88,3
DA:91,0
DA:92,0
DA:93,0
DA:95,0
DA:124,3
DA:139,3
DA:152,0
DA:155,0
DA:156,0
DA:158,0
DA:159,0
DA:163,0
DA:166,0
DA:169,0
DA:174,3
DA:176,0
DA:177,0
DA:180,0
DA:181,0
DA:182,0
DA:185,0
DA:186,0
DA:190,0
DA:191,0
DA:194,0
DA:195,0
DA:198,0
DA:199,0
DA:203,0
DA:204,0
DA:207,0
DA:208,0
DA:209,0
DA:212,0
DA:213,0
DA:217,0
DA:218,0
DA:221,0
DA:222,0
DA:223,0
DA:224,0
DA:226,0
DA:227,0
DA:231,0
DA:232,0
DA:236,0
DA:237,0
DA:240,0
DA:241,0
DA:242,0
DA:243,0
DA:244,0
DA:248,0
DA:249,0
DA:253,0
DA:254,0
DA:257,0
DA:258,0
DA:259,0
DA:260,0
DA:262,0
DA:263,0
DA:267,0
DA:268,0
DA:272,0
DA:273,0
DA:276,0
DA:277,0
DA:280,0
DA:281,0
DA:293,3
DA:296,3
DA:297,3
DA:298,3
DA:299,3
DA:300,3
DA:301,3
DA:302,3
DA:303,3
LF:110
LH:19
BRDA:23,0,0,0
BRDA:23,0,1,0
BRDA:35,1,0,0
BRDA:35,1,1,0
BRDA:47,2,0,0
BRDA:47,2,1,0
BRDA:59,3,0,0
BRDA:59,3,1,0
BRDA:71,4,0,0
BRDA:71,4,1,0
BRDA:83,5,0,0
BRDA:83,5,1,0
BRDA:95,6,0,0
BRDA:95,6,1,0
BRDA:155,7,0,0
BRDA:155,7,1,0
BRDA:158,8,0,0
BRDA:158,8,1,0
BRDA:223,9,0,0
BRDA:223,9,1,0
BRDA:226,10,0,0
BRDA:226,10,1,0
BRDA:226,11,0,0
BRDA:226,11,1,0
BRDA:243,12,0,0
BRDA:243,12,1,0
BRDA:243,13,0,0
BRDA:243,13,1,0
BRDA:259,14,0,0
BRDA:259,14,1,0
BRDA:262,15,0,0
BRDA:262,15,1,0
BRDA:262,16,0,0
BRDA:262,16,1,0
BRF:34
BRH:0
end_of_record
TN:
SF:src\store\slices\contasSlice.ts
FN:8,(anonymous_0)
FN:20,(anonymous_1)
FN:32,(anonymous_2)
FN:44,(anonymous_3)
FN:56,(anonymous_4)
FN:104,(anonymous_5)
FN:107,(anonymous_6)
FN:115,(anonymous_7)
FN:118,(anonymous_8)
FN:122,(anonymous_9)
FN:125,(anonymous_10)
FN:129,(anonymous_11)
FN:134,(anonymous_12)
FN:139,(anonymous_13)
FN:143,(anonymous_14)
FN:147,(anonymous_15)
FN:152,(anonymous_16)
FN:156,(anonymous_17)
FN:161,(anonymous_18)
FN:166,(anonymous_19)
FN:170,(anonymous_20)
FN:172,(anonymous_21)
FN:180,(anonymous_22)
FN:185,(anonymous_23)
FN:189,(anonymous_24)
FN:191,(anonymous_25)
FN:197,(anonymous_26)
FN:213,(anonymous_27)
FN:214,(anonymous_28)
FN:215,(anonymous_29)
FN:216,(anonymous_30)
FN:217,(anonymous_31)
FN:218,(anonymous_32)
FN:219,(anonymous_33)
FNF:34
FNH:1
FNDA:0,(anonymous_0)
FNDA:0,(anonymous_1)
FNDA:0,(anonymous_2)
FNDA:0,(anonymous_3)
FNDA:0,(anonymous_4)
FNDA:0,(anonymous_5)
FNDA:0,(anonymous_6)
FNDA:0,(anonymous_7)
FNDA:0,(anonymous_8)
FNDA:3,(anonymous_9)
FNDA:0,(anonymous_10)
FNDA:0,(anonymous_11)
FNDA:0,(anonymous_12)
FNDA:0,(anonymous_13)
FNDA:0,(anonymous_14)
FNDA:0,(anonymous_15)
FNDA:0,(anonymous_16)
FNDA:0,(anonymous_17)
FNDA:0,(anonymous_18)
FNDA:0,(anonymous_19)
FNDA:0,(anonymous_20)
FNDA:0,(anonymous_21)
FNDA:0,(anonymous_22)
FNDA:0,(anonymous_23)
FNDA:0,(anonymous_24)
FNDA:0,(anonymous_25)
FNDA:0,(anonymous_26)
FNDA:0,(anonymous_27)
FNDA:0,(anonymous_28)
FNDA:0,(anonymous_29)
FNDA:0,(anonymous_30)
FNDA:0,(anonymous_31)
FNDA:0,(anonymous_32)
FNDA:0,(anonymous_33)
DA:6,3
DA:9,0
DA:10,0
DA:11,0
DA:13,0
DA:18,3
DA:21,0
DA:22,0
DA:23,0
DA:25,0
DA:30,3
DA:33,0
DA:34,0
DA:35,0
DA:37,0
DA:42,3
DA:45,0
DA:46,0
DA:47,0
DA:49,0
DA:54,3
DA:57,0
DA:58,0
DA:59,0
DA:61,0
DA:84,3
DA:100,3
DA:105,0
DA:108,0
DA:109,0
DA:111,0
DA:112,0
DA:116,0
DA:119,0
DA:124,3
DA:126,0
DA:127,0
DA:130,0
DA:131,0
DA:132,0
DA:135,0
DA:136,0
DA:140,0
DA:141,0
DA:144,0
DA:145,0
DA:148,0
DA:149,0
DA:153,0
DA:154,0
DA:157,0
DA:158,0
DA:159,0
DA:162,0
DA:163,0
DA:167,0
DA:168,0
DA:171,0
DA:172,0
DA:173,0
DA:174,0
DA:176,0
DA:177,0
DA:181,0
DA:182,0
DA:186,0
DA:187,0
DA:190,0
DA:191,0
DA:192,0
DA:193,0
DA:194,0
DA:198,0
DA:199,0
DA:210,3
DA:213,3
DA:214,3
DA:215,3
DA:216,3
DA:217,3
DA:218,3
DA:219,3
LF:82
LH:16
BRDA:13,0,0,0
BRDA:13,0,1,0
BRDA:25,1,0,0
BRDA:25,1,1,0
BRDA:37,2,0,0
BRDA:37,2,1,0
BRDA:49,3,0,0
BRDA:49,3,1,0
BRDA:61,4,0,0
BRDA:61,4,1,0
BRDA:108,5,0,0
BRDA:108,5,1,0
BRDA:111,6,0,0
BRDA:111,6,1,0
BRDA:173,7,0,0
BRDA:173,7,1,0
BRDA:176,8,0,0
BRDA:176,8,1,0
BRDA:176,9,0,0
BRDA:176,9,1,0
BRDA:193,10,0,0
BRDA:193,10,1,0
BRDA:193,11,0,0
BRDA:193,11,1,0
BRF:24
BRH:0
end_of_record
TN:
SF:src\store\slices\dashboardSlice.ts
FN:14,(anonymous_0)
FN:26,(anonymous_1)
FN:38,(anonymous_2)
FN:50,(anonymous_3)
FN:62,(anonymous_4)
FN:103,(anonymous_5)
FN:107,(anonymous_6)
FN:110,(anonymous_7)
FN:114,(anonymous_8)
FN:118,(anonymous_9)
FN:123,(anonymous_10)
FN:127,(anonymous_11)
FN:131,(anonymous_12)
FN:136,(anonymous_13)
FN:143,(anonymous_14)
FN:147,(anonymous_15)
FN:150,(anonymous_16)
FN:154,(anonymous_17)
FN:161,(anonymous_18)
FNF:19
FNH:1
FNDA:0,(anonymous_0)
FNDA:0,(anonymous_1)
FNDA:0,(anonymous_2)
FNDA:0,(anonymous_3)
FNDA:0,(anonymous_4)
FNDA:0,(anonymous_5)
FNDA:3,(anonymous_6)
FNDA:0,(anonymous_7)
FNDA:0,(anonymous_8)
FNDA:0,(anonymous_9)
FNDA:0,(anonymous_10)
FNDA:0,(anonymous_11)
FNDA:0,(anonymous_12)
FNDA:0,(anonymous_13)
FNDA:0,(anonymous_14)
FNDA:0,(anonymous_15)
FNDA:0,(anonymous_16)
FNDA:0,(anonymous_17)
FNDA:0,(anonymous_18)
DA:12,3
DA:15,0
DA:16,0
DA:17,0
DA:19,0
DA:24,3
DA:27,0
DA:28,0
DA:29,0
DA:31,0
DA:36,3
DA:39,0
DA:40,0
DA:41,0
DA:43,0
DA:48,3
DA:51,0
DA:52,0
DA:53,0
DA:55,0
DA:60,3
DA:63,0
DA:64,0
DA:65,0
DA:67,0
DA:86,3
DA:99,3
DA:104,0
DA:109,3
DA:111,0
DA:112,0
DA:115,0
DA:116,0
DA:119,0
DA:120,0
DA:124,0
DA:125,0
DA:128,0
DA:129,0
DA:132,0
DA:133,0
DA:137,0
DA:138,0
DA:140,0
DA:144,0
DA:148,0
DA:151,0
DA:155,0
DA:156,0
DA:158,0
DA:162,0
DA:168,3
LF:52
LH:9
BRDA:19,0,0,0
BRDA:19,0,1,0
BRDA:26,1,0,0
BRDA:31,2,0,0
BRDA:31,2,1,0
BRDA:43,3,0,0
BRDA:43,3,1,0
BRDA:55,4,0,0
BRDA:55,4,1,0
BRDA:67,5,0,0
BRDA:67,5,1,0
BRDA:137,6,0,0
BRDA:137,6,1,0
BRDA:155,7,0,0
BRDA:155,7,1,0
BRF:15
BRH:0
end_of_record
TN:
SF:src\store\slices\empresasSlice.ts
FN:8,(anonymous_0)
FN:20,(anonymous_1)
FN:32,(anonymous_2)
FN:44,(anonymous_3)
FN:56,(anonymous_4)
FN:103,(anonymous_5)
FN:106,(anonymous_6)
FN:114,(anonymous_7)
FN:117,(anonymous_8)
FN:121,(anonymous_9)
FN:124,(anonymous_10)
FN:128,(anonymous_11)
FN:133,(anonymous_12)
FN:138,(anonymous_13)
FN:142,(anonymous_14)
FN:146,(anonymous_15)
FN:151,(anonymous_16)
FN:155,(anonymous_17)
FN:160,(anonymous_18)
FN:165,(anonymous_19)
FN:169,(anonymous_20)
FN:171,(anonymous_21)
FN:179,(anonymous_22)
FN:184,(anonymous_23)
FN:188,(anonymous_24)
FN:190,(anonymous_25)
FN:196,(anonymous_26)
FN:212,(anonymous_27)
FN:213,(anonymous_28)
FN:214,(anonymous_29)
FN:215,(anonymous_30)
FN:216,(anonymous_31)
FN:217,(anonymous_32)
FN:218,(anonymous_33)
FNF:34
FNH:1
FNDA:0,(anonymous_0)
FNDA:0,(anonymous_1)
FNDA:0,(anonymous_2)
FNDA:0,(anonymous_3)
FNDA:0,(anonymous_4)
FNDA:0,(anonymous_5)
FNDA:0,(anonymous_6)
FNDA:0,(anonymous_7)
FNDA:0,(anonymous_8)
FNDA:3,(anonymous_9)
FNDA:0,(anonymous_10)
FNDA:0,(anonymous_11)
FNDA:0,(anonymous_12)
FNDA:0,(anonymous_13)
FNDA:0,(anonymous_14)
FNDA:0,(anonymous_15)
FNDA:0,(anonymous_16)
FNDA:0,(anonymous_17)
FNDA:0,(anonymous_18)
FNDA:0,(anonymous_19)
FNDA:0,(anonymous_20)
FNDA:0,(anonymous_21)
FNDA:0,(anonymous_22)
FNDA:0,(anonymous_23)
FNDA:0,(anonymous_24)
FNDA:0,(anonymous_25)
FNDA:0,(anonymous_26)
FNDA:0,(anonymous_27)
FNDA:0,(anonymous_28)
FNDA:0,(anonymous_29)
FNDA:0,(anonymous_30)
FNDA:0,(anonymous_31)
FNDA:0,(anonymous_32)
FNDA:0,(anonymous_33)
DA:6,3
DA:9,0
DA:10,0
DA:11,0
DA:13,0
DA:18,3
DA:21,0
DA:22,0
DA:23,0
DA:25,0
DA:30,3
DA:33,0
DA:34,0
DA:35,0
DA:37,0
DA:42,3
DA:45,0
DA:46,0
DA:47,0
DA:49,0
DA:54,3
DA:57,0
DA:58,0
DA:59,0
DA:61,0
DA:83,3
DA:99,3
DA:104,0
DA:107,0
DA:108,0
DA:110,0
DA:111,0
DA:115,0
DA:118,0
DA:123,3
DA:125,0
DA:126,0
DA:129,0
DA:130,0
DA:131,0
DA:134,0
DA:135,0
DA:139,0
DA:140,0
DA:143,0
DA:144,0
DA:147,0
DA:148,0
DA:152,0
DA:153,0
DA:156,0
DA:157,0
DA:158,0
DA:161,0
DA:162,0
DA:166,0
DA:167,0
DA:170,0
DA:171,0
DA:172,0
DA:173,0
DA:175,0
DA:176,0
DA:180,0
DA:181,0
DA:185,0
DA:186,0
DA:189,0
DA:190,0
DA:191,0
DA:192,0
DA:193,0
DA:197,0
DA:198,0
DA:209,3
DA:212,3
DA:213,3
DA:214,3
DA:215,3
DA:216,3
DA:217,3
DA:218,3
LF:82
LH:16
BRDA:13,0,0,0
BRDA:13,0,1,0
BRDA:25,1,0,0
BRDA:25,1,1,0
BRDA:37,2,0,0
BRDA:37,2,1,0
BRDA:49,3,0,0
BRDA:49,3,1,0
BRDA:61,4,0,0
BRDA:61,4,1,0
BRDA:107,5,0,0
BRDA:107,5,1,0
BRDA:110,6,0,0
BRDA:110,6,1,0
BRDA:172,7,0,0
BRDA:172,7,1,0
BRDA:175,8,0,0
BRDA:175,8,1,0
BRDA:175,9,0,0
BRDA:175,9,1,0
BRDA:192,10,0,0
BRDA:192,10,1,0
BRDA:192,11,0,0
BRDA:192,11,1,0
BRF:24
BRH:0
end_of_record
TN:
SF:src\store\slices\favorecidosSlice.ts
FN:8,(anonymous_0)
FN:20,(anonymous_1)
FN:32,(anonymous_2)
FN:44,(anonymous_3)
FN:56,(anonymous_4)
FN:68,(anonymous_5)
FN:116,(anonymous_6)
FN:119,(anonymous_7)
FN:127,(anonymous_8)
FN:130,(anonymous_9)
FN:134,(anonymous_10)
FN:137,(anonymous_11)
FN:141,(anonymous_12)
FN:146,(anonymous_13)
FN:151,(anonymous_14)
FN:155,(anonymous_15)
FN:159,(anonymous_16)
FN:164,(anonymous_17)
FN:168,(anonymous_18)
FN:173,(anonymous_19)
FN:178,(anonymous_20)
FN:182,(anonymous_21)
FN:184,(anonymous_22)
FN:192,(anonymous_23)
FN:197,(anonymous_24)
FN:201,(anonymous_25)
FN:203,(anonymous_26)
FN:209,(anonymous_27)
FN:214,(anonymous_28)
FN:218,(anonymous_29)
FN:220,(anonymous_30)
FN:228,(anonymous_31)
FN:244,(anonymous_32)
FN:245,(anonymous_33)
FN:246,(anonymous_34)
FN:247,(anonymous_35)
FN:248,(anonymous_36)
FN:249,(anonymous_37)
FN:250,(anonymous_38)
FNF:39
FNH:1
FNDA:0,(anonymous_0)
FNDA:0,(anonymous_1)
FNDA:0,(anonymous_2)
FNDA:0,(anonymous_3)
FNDA:0,(anonymous_4)
FNDA:0,(anonymous_5)
FNDA:0,(anonymous_6)
FNDA:0,(anonymous_7)
FNDA:0,(anonymous_8)
FNDA:0,(anonymous_9)
FNDA:3,(anonymous_10)
FNDA:0,(anonymous_11)
FNDA:0,(anonymous_12)
FNDA:0,(anonymous_13)
FNDA:0,(anonymous_14)
FNDA:0,(anonymous_15)
FNDA:0,(anonymous_16)
FNDA:0,(anonymous_17)
FNDA:0,(anonymous_18)
FNDA:0,(anonymous_19)
FNDA:0,(anonymous_20)
FNDA:0,(anonymous_21)
FNDA:0,(anonymous_22)
FNDA:0,(anonymous_23)
FNDA:0,(anonymous_24)
FNDA:0,(anonymous_25)
FNDA:0,(anonymous_26)
FNDA:0,(anonymous_27)
FNDA:0,(anonymous_28)
FNDA:0,(anonymous_29)
FNDA:0,(anonymous_30)
FNDA:0,(anonymous_31)
FNDA:0,(anonymous_32)
FNDA:0,(anonymous_33)
FNDA:0,(anonymous_34)
FNDA:0,(anonymous_35)
FNDA:0,(anonymous_36)
FNDA:0,(anonymous_37)
FNDA:0,(anonymous_38)
DA:6,3
DA:9,0
DA:10,0
DA:11,0
DA:13,0
DA:18,3
DA:21,0
DA:22,0
DA:23,0
DA:25,0
DA:30,3
DA:33,0
DA:34,0
DA:35,0
DA:37,0
DA:42,3
DA:45,0
DA:46,0
DA:47,0
DA:49,0
DA:54,3
DA:57,0
DA:58,0
DA:59,0
DA:61,0
DA:66,3
DA:69,0
DA:70,0
DA:71,0
DA:73,0
DA:96,3
DA:112,3
DA:117,0
DA:120,0
DA:121,0
DA:123,0
DA:124,0
DA:128,0
DA:131,0
DA:136,3
DA:138,0
DA:139,0
DA:142,0
DA:143,0
DA:144,0
DA:147,0
DA:148,0
DA:152,0
DA:153,0
DA:156,0
DA:157,0
DA:160,0
DA:161,0
DA:165,0
DA:166,0
DA:169,0
DA:170,0
DA:171,0
DA:174,0
DA:175,0
DA:179,0
DA:180,0
DA:183,0
DA:184,0
DA:185,0
DA:186,0
DA:188,0
DA:189,0
DA:193,0
DA:194,0
DA:198,0
DA:199,0
DA:202,0
DA:203,0
DA:204,0
DA:205,0
DA:206,0
DA:210,0
DA:211,0
DA:215,0
DA:216,0
DA:219,0
DA:220,0
DA:221,0
DA:222,0
DA:224,0
DA:225,0
DA:229,0
DA:230,0
DA:241,3
DA:244,3
DA:245,3
DA:246,3
DA:247,3
DA:248,3
DA:249,3
DA:250,3
LF:97
LH:17
BRDA:13,0,0,0
BRDA:13,0,1,0
BRDA:25,1,0,0
BRDA:25,1,1,0
BRDA:37,2,0,0
BRDA:37,2,1,0
BRDA:49,3,0,0
BRDA:49,3,1,0
BRDA:61,4,0,0
BRDA:61,4,1,0
BRDA:73,5,0,0
BRDA:73,5,1,0
BRDA:120,6,0,0
BRDA:120,6,1,0
BRDA:123,7,0,0
BRDA:123,7,1,0
BRDA:185,8,0,0
BRDA:185,8,1,0
BRDA:188,9,0,0
BRDA:188,9,1,0
BRDA:188,10,0,0
BRDA:188,10,1,0
BRDA:205,11,0,0
BRDA:205,11,1,0
BRDA:205,12,0,0
BRDA:205,12,1,0
BRDA:221,13,0,0
BRDA:221,13,1,0
BRDA:224,14,0,0
BRDA:224,14,1,0
BRDA:224,15,0,0
BRDA:224,15,1,0
BRF:32
BRH:0
end_of_record
TN:
SF:src\store\slices\lancamentosSlice.ts
FN:8,(anonymous_0)
FN:20,(anonymous_1)
FN:32,(anonymous_2)
FN:44,(anonymous_3)
FN:56,(anonymous_4)
FN:68,(anonymous_5)
FN:111,(anonymous_6)
FN:114,(anonymous_7)
FN:122,(anonymous_8)
FN:125,(anonymous_9)
FN:129,(anonymous_10)
FN:132,(anonymous_11)
FN:136,(anonymous_12)
FN:141,(anonymous_13)
FN:146,(anonymous_14)
FN:150,(anonymous_15)
FN:154,(anonymous_16)
FN:159,(anonymous_17)
FN:163,(anonymous_18)
FN:168,(anonymous_19)
FN:173,(anonymous_20)
FN:177,(anonymous_21)
FN:179,(anonymous_22)
FN:187,(anonymous_23)
FN:192,(anonymous_24)
FN:196,(anonymous_25)
FN:198,(anonymous_26)
FN:204,(anonymous_27)
FN:209,(anonymous_28)
FN:213,(anonymous_29)
FN:215,(anonymous_30)
FN:223,(anonymous_31)
FN:239,(anonymous_32)
FN:240,(anonymous_33)
FN:241,(anonymous_34)
FN:242,(anonymous_35)
FN:243,(anonymous_36)
FN:244,(anonymous_37)
FN:245,(anonymous_38)
FNF:39
FNH:1
FNDA:0,(anonymous_0)
FNDA:0,(anonymous_1)
FNDA:0,(anonymous_2)
FNDA:0,(anonymous_3)
FNDA:0,(anonymous_4)
FNDA:0,(anonymous_5)
FNDA:0,(anonymous_6)
FNDA:0,(anonymous_7)
FNDA:0,(anonymous_8)
FNDA:0,(anonymous_9)
FNDA:3,(anonymous_10)
FNDA:0,(anonymous_11)
FNDA:0,(anonymous_12)
FNDA:0,(anonymous_13)
FNDA:0,(anonymous_14)
FNDA:0,(anonymous_15)
FNDA:0,(anonymous_16)
FNDA:0,(anonymous_17)
FNDA:0,(anonymous_18)
FNDA:0,(anonymous_19)
FNDA:0,(anonymous_20)
FNDA:0,(anonymous_21)
FNDA:0,(anonymous_22)
FNDA:0,(anonymous_23)
FNDA:0,(anonymous_24)
FNDA:0,(anonymous_25)
FNDA:0,(anonymous_26)
FNDA:0,(anonymous_27)
FNDA:0,(anonymous_28)
FNDA:0,(anonymous_29)
FNDA:0,(anonymous_30)
FNDA:0,(anonymous_31)
FNDA:0,(anonymous_32)
FNDA:0,(anonymous_33)
FNDA:0,(anonymous_34)
FNDA:0,(anonymous_35)
FNDA:0,(anonymous_36)
FNDA:0,(anonymous_37)
FNDA:0,(anonymous_38)
DA:6,3
DA:9,0
DA:10,0
DA:11,0
DA:13,0
DA:18,3
DA:21,0
DA:22,0
DA:23,0
DA:25,0
DA:30,3
DA:33,0
DA:34,0
DA:35,0
DA:37,0
DA:42,3
DA:45,0
DA:46,0
DA:47,0
DA:49,0
DA:54,3
DA:57,0
DA:58,0
DA:59,0
DA:61,0
DA:66,3
DA:69,0
DA:70,0
DA:71,0
DA:73,0
DA:93,3
DA:107,3
DA:112,0
DA:115,0
DA:116,0
DA:118,0
DA:119,0
DA:123,0
DA:126,0
DA:131,3
DA:133,0
DA:134,0
DA:137,0
DA:138,0
DA:139,0
DA:142,0
DA:143,0
DA:147,0
DA:148,0
DA:151,0
DA:152,0
DA:155,0
DA:156,0
DA:160,0
DA:161,0
DA:164,0
DA:165,0
DA:166,0
DA:169,0
DA:170,0
DA:174,0
DA:175,0
DA:178,0
DA:179,0
DA:180,0
DA:181,0
DA:183,0
DA:184,0
DA:188,0
DA:189,0
DA:193,0
DA:194,0
DA:197,0
DA:198,0
DA:199,0
DA:200,0
DA:201,0
DA:205,0
DA:206,0
DA:210,0
DA:211,0
DA:214,0
DA:215,0
DA:216,0
DA:217,0
DA:219,0
DA:220,0
DA:224,0
DA:225,0
DA:236,3
DA:239,3
DA:240,3
DA:241,3
DA:242,3
DA:243,3
DA:244,3
DA:245,3
LF:97
LH:17
BRDA:13,0,0,0
BRDA:13,0,1,0
BRDA:25,1,0,0
BRDA:25,1,1,0
BRDA:37,2,0,0
BRDA:37,2,1,0
BRDA:49,3,0,0
BRDA:49,3,1,0
BRDA:61,4,0,0
BRDA:61,4,1,0
BRDA:73,5,0,0
BRDA:73,5,1,0
BRDA:115,6,0,0
BRDA:115,6,1,0
BRDA:118,7,0,0
BRDA:118,7,1,0
BRDA:180,8,0,0
BRDA:180,8,1,0
BRDA:183,9,0,0
BRDA:183,9,1,0
BRDA:183,10,0,0
BRDA:183,10,1,0
BRDA:200,11,0,0
BRDA:200,11,1,0
BRDA:200,12,0,0
BRDA:200,12,1,0
BRDA:216,13,0,0
BRDA:216,13,1,0
BRDA:219,14,0,0
BRDA:219,14,1,0
BRDA:219,15,0,0
BRDA:219,15,1,0
BRF:32
BRH:0
end_of_record
TN:
SF:src\store\slices\uiSlice.ts
FN:37,(anonymous_0)
FN:40,(anonymous_1)
FN:43,(anonymous_2)
FN:46,(anonymous_3)
FN:49,(anonymous_4)
FN:52,(anonymous_5)
FN:55,(anonymous_6)
FN:59,(anonymous_7)
FN:67,(anonymous_8)
FN:69,(anonymous_9)
FN:72,(anonymous_10)
FN:75,(anonymous_11)
FN:85,(anonymous_12)
FN:96,(anonymous_13)
FN:106,(anonymous_14)
FN:141,(anonymous_15)
FN:142,(anonymous_16)
FN:143,(anonymous_17)
FN:144,(anonymous_18)
FN:145,(anonymous_19)
FN:146,(anonymous_20)
FN:147,(anonymous_21)
FNF:22
FNH:0
FNDA:0,(anonymous_0)
FNDA:0,(anonymous_1)
FNDA:0,(anonymous_2)
FNDA:0,(anonymous_3)
FNDA:0,(anonymous_4)
FNDA:0,(anonymous_5)
FNDA:0,(anonymous_6)
FNDA:0,(anonymous_7)
FNDA:0,(anonymous_8)
FNDA:0,(anonymous_9)
FNDA:0,(anonymous_10)
FNDA:0,(anonymous_11)
FNDA:0,(anonymous_12)
FNDA:0,(anonymous_13)
FNDA:0,(anonymous_14)
FNDA:0,(anonymous_15)
FNDA:0,(anonymous_16)
FNDA:0,(anonymous_17)
FNDA:0,(anonymous_18)
FNDA:0,(anonymous_19)
FNDA:0,(anonymous_20)
FNDA:0,(anonymous_21)
DA:25,8
DA:33,8
DA:38,0
DA:41,0
DA:44,0
DA:47,0
DA:50,0
DA:53,0
DA:56,0
DA:57,0
DA:60,0
DA:65,0
DA:68,0
DA:69,0
DA:73,0
DA:76,0
DA:83,0
DA:86,0
DA:94,0
DA:97,0
DA:104,0
DA:107,0
DA:114,0
DA:134,8
DA:137,8
DA:138,8
DA:141,8
DA:142,8
DA:143,8
DA:144,8
DA:145,8
DA:146,8
DA:147,0
LF:33
LH:11
BRDA:38,0,0,0
BRDA:38,0,1,0
BRDA:143,1,0,0
BRDA:143,1,1,0
BRDA:147,2,0,0
BRDA:147,2,1,0
BRF:6
BRH:0
end_of_record
